t
1.590000
1656
t
176.960007
176907
t
3.220000
3236
t
186.029999
185973
t
515.500000
515387
t
2.080000
2091
t
2.450000
2460
t
21.000000
21005
t
28.469999
28477
t
0.040000
48
t
189.289993
189227
t
2.310000
2319
t
281.889984
281983
t
210.479996
210404
t
132.020004
132065
t
10.940000
10953
t
0.180000
189
t
240.250000
240245
t
2.120000
2130
t
56.500000
56494
t
77.360001
77350
t
1470.819946
1470473
t
86.930000
86909
t
30.340000
30345
t
438.529999
438385
t
327.990021
327857
t
138.020004
137989
t
0.800000
812
t
13.730000
13741
t
23.430000
23447
t
592.080017
592069
t
29.020000
29029
t
54.860001
54855
t
852.899963
853059
t
13.400000
13422
t
315.260010
315140
t
180.720001
180767
t
0.670000
678
t
100.919998
100901
t
96.620003
96590
t
83.059998
83043
t
164.380005
164325
t
55.939999
55937
t
476.579987
476676
t
153.210007
153160
t
696.910034
697040
t
151.479996
151432
