t
0.110000
127
t
0.010000
27
t
0.140000
149
t
0.170000
182
t
0.050000
61
t
0.020000
30
t
0.010000
26
t
0.030000
40
t
0.040000
51
t
0.040000
48
t
0.020000
36
t
0.010000
22
t
0.010000
27
t
0.020000
33
t
0.000000
16
t
0.020000
35
t
0.000000
16
t
0.300000
312
t
0.020000
30
t
0.050000
61
t
0.080000
90
t
0.070000
83
t
0.030000
47
t
0.040000
63
t
0.170000
181
t
0.020000
34
t
0.000000
16
t
0.020000
28
t
0.120000
137
t
0.020000
28
t
0.230000
239
t
0.140000
152
t
0.010000
28
t
0.010000
18
t
0.020000
28
t
0.050000
65
t
0.030000
40
t
0.000000
13
t
0.210000
221
t
0.050000
65
t
0.120000
132
t
0.020000
30
t
0.070000
84
t
0.020000
29
t
0.000000
15
t
0.050000
60
t
0.000000
16
t
0.130000
142
t
0.020000
35
t
0.040000
56
t
0.010000
27
t
0.020000
32
t
0.070000
85
t
0.020000
32
t
0.020000
37
t
0.020000
38
t
0.020000
40
t
0.010000
29
t
0.000000
18
t
0.110000
124
t
0.050000
68
t
0.020000
29
t
0.000000
17
t
0.040000
55
t
0.210000
228
t
0.020000
34
t
0.030000
48
t
0.010000
38
t
0.010000
32
t
0.020000
34
t
0.040000
58
t
0.010000
28
t
0.010000
27
t
0.100000
116
t
0.000000
21
t
0.050000
69
t
0.020000
37
t
0.020000
35
t
0.020000
38
t
0.010000
27
t
0.010000
28
t
0.020000
32
t
0.000000
21
t
0.020000
42
t
0.030000
44
t
0.030000
39
t
0.070000
91
t
0.020000
41
t
0.020000
43
t
0.020000
29
t
0.100000
118
t
0.010000
26
t
0.040000
55
t
0.060000
67
t
0.130000
146
t
0.080000
97
t
0.040000
49
t
0.030000
46
t
0.030000
40
t
0.030000
42
t
0.030000
45
t
0.020000
33
t
0.030000
42
t
0.040000
51
t
0.050000
64
t
0.020000
42
t
0.110000
124
t
0.020000
34
t
0.020000
32
t
0.000000
14
t
0.030000
43
t
0.020000
30
t
0.010000
26
t
0.020000
28
t
0.000000
18
t
0.040000
53
t
0.070000
85
t
0.010000
19
t
0.000000
22
t
0.010000
20
t
0.030000
43
t
0.080000
93
t
0.110000
127
t
0.000000
17
t
0.040000
49
t
0.020000
36
t
0.000000
13
t
0.030000
39
t
0.010000
25
t
0.030000
46
t
0.010000
28
t
0.020000
49
t
0.000000
18
t
0.000000
16
t
0.100000
113
t
0.010000
20
t
0.010000
24
t
0.070000
87
t
0.070000
83
t
0.030000
45
t
0.210000
229
t
0.000000
13
t
0.000000
15
t
0.020000
32
t
0.130000
147
t
0.010000
19
t
0.030000
39
t
0.090000
108
t
0.010000
19
t
0.010000
20
t
0.020000
29
t
0.010000
28
t
0.010000
19
t
0.060000
78
t
0.010000
31
t
0.030000
44
t
0.040000
57
t
0.000000
15
t
0.040000
51
t
0.060000
72
t
0.060000
71
t
0.020000
33
t
0.030000
48
t
0.000000
17
t
0.000000
15
t
0.020000
34
t
0.140000
154
t
0.130000
144
t
0.010000
27
t
0.030000
45
t
0.030000
48
t
0.600000
608
t
0.060000
69
t
0.030000
39
t
0.040000
49
t
0.030000
42
t
0.040000
54
t
0.000000
14
t
0.040000
46
t
0.020000
36
t
0.020000
32
t
0.040000
52
t
0.040000
54
t
0.010000
20
t
0.040000
59
t
0.000000
17
t
0.010000
24
t
0.040000
50
t
0.010000
25
t
0.020000
28
t
0.040000
55
t
0.050000
68
t
0.070000
81
t
0.010000
23
t
0.000000
13
t
0.010000
27
t
0.110000
124
t
0.040000
52
t
0.000000
14
t
0.070000
81
t
0.120000
134
t
0.040000
47
t
0.100000
110
t
0.000000
14
t
0.020000
31
t
0.050000
69
t
0.040000
54
t
0.000000
16
t
0.150000
162
t
0.010000
20
t
0.000000
15
t
0.030000
43
t
0.070000
79
t
0.020000
35
t
0.000000
15
t
0.010000
18
t
0.010000
18
t
0.020000
29
t
0.010000
27
t
0.040000
47
t
0.040000
53
t
0.010000
27
t
0.020000
35
t
0.070000
82
t
0.020000
29
t
0.010000
29
t
0.010000
25
t
0.030000
42
t
0.010000
18
t
0.010000
26
t
0.330000
345
t
0.090000
108
t
0.030000
45
t
0.010000
26
t
0.040000
54
t
0.270000
280
t
0.030000
37
t
0.010000
24
t
0.020000
28
t
0.020000
31
t
0.010000
22
t
0.030000
39
t
0.240000
254
t
0.020000
36
t
0.120000
135
t
0.030000
36
t
0.110000
129
t
0.040000
50
t
0.030000
38
t
0.010000
24
t
0.020000
32
t
0.010000
23
t
0.070000
79
t
0.000000
13
t
0.010000
26
t
0.000000
14
t
0.070000
79
t
0.020000
32
t
0.000000
17
t
0.010000
26
t
0.010000
22
t
0.000000
17
t
0.020000
32
t
0.050000
60
t
0.010000
18
t
0.010000
27
t
0.020000
30
t
0.030000
47
t
0.000000
16
t
0.180000
197
t
0.020000
30
t
0.010000
36
t
0.000000
16
t
0.130000
146
t
0.010000
16
t
0.020000
28
t
0.010000
23
t
0.020000
36
t
0.060000
82
t
0.090000
105
t
0.000000
11
t
0.100000
114
t
0.060000
71
t
0.050000
64
t
0.050000
65
t
0.090000
96
t
0.080000
92
t
0.090000
106
t
0.010000
19
t
0.040000
53
t
0.010000
17
t
0.010000
19
t
0.020000
34
t
0.150000
161
t
0.110000
126
t
0.010000
20
t
0.020000
32
t
0.020000
32
t
0.030000
42
t
0.010000
28
t
0.030000
41
t
0.030000
46
t
0.130000
140
t
0.010000
22
t
0.030000
40
t
0.020000
31
t
0.000000
20
t
0.060000
77
t
0.020000
31
t
0.050000
76
t
0.020000
30
t
0.200000
211
t
0.040000
48
t
0.010000
25
t
0.060000
74
t
0.050000
67
t
0.020000
38
t
0.010000
17
t
0.020000
32
t
0.120000
135
t
0.080000
86
t
0.040000
51
t
0.000000
16
t
0.280000
293
t
0.010000
30
t
0.040000
58
t
0.000000
11
t
0.210000
221
t
0.110000
132
t
0.120000
133
t
0.030000
44
t
0.040000
61
t
0.180000
188
t
0.000000
10
t
0.050000
59
t
0.030000
39
t
0.020000
33
t
0.020000
34
t
0.020000
38
t
0.000000
16
t
0.000000
15
t
0.050000
62
t
0.020000
30
t
0.010000
23
t
0.010000
23
t
0.020000
40
t
0.060000
70
t
0.030000
40
t
0.090000
102
t
0.050000
60
t
0.160000
169
t
0.100000
112
t
0.010000
18
t
0.070000
88
t
0.030000
46
t
0.070000
83
t
0.140000
154
t
0.010000
21
t
0.030000
41
t
0.000000
15
t
0.000000
15
t
0.050000
63
t
0.140000
159
t
0.060000
69
t
0.010000
24
t
0.090000
106
t
0.010000
24
t
0.040000
48
t
0.000000
13
t
0.090000
104
t
0.010000
21
t
0.050000
62
t
0.020000
27
t
0.010000
22
t
0.010000
22
t
0.000000
13
t
0.020000
33
t
0.140000
154
t
0.060000
69
t
0.030000
40
t
0.030000
47
t
0.010000
26
t
0.050000
60
t
0.020000
30
t
0.050000
59
t
0.200000
213
t
0.010000
23
t
0.000000
13
t
0.120000
127
t
0.070000
86
t
0.000000
17
t
0.020000
30
t
0.020000
31
t
0.060000
72
t
0.000000
15
t
0.010000
21
t
0.040000
51
t
0.030000
46
t
0.040000
47
t
0.070000
86
t
0.000000
18
t
0.130000
144
t
0.000000
10
t
0.000000
14
t
0.030000
47
t
0.070000
76
t
0.110000
124
t
0.030000
49
t
0.000000
18
t
0.000000
18
t
0.140000
150
t
0.020000
33
t
0.050000
66
t
0.060000
76
t
0.140000
149
t
0.020000
28
t
0.010000
19
t
0.020000
34
t
0.060000
71
t
0.150000
161
t
0.010000
20
t
0.020000
34
t
0.020000
34
t
0.030000
43
t
0.030000
39
t
0.070000
77
t
0.020000
26
t
0.030000
44
t
0.000000
14
t
0.030000
36
t
0.010000
27
t
0.070000
87
t
0.010000
22
t
0.090000
105
t
0.050000
64
t
0.020000
27
t
0.020000
37
t
0.020000
37
t
0.000000
15
t
0.080000
94
t
0.000000
14
t
0.070000
82
t
0.010000
20
t
0.040000
54
t
0.030000
42
t
0.020000
27
t
0.030000
39
t
0.020000
34
t
0.030000
39
t
0.010000
17
t
0.010000
26
t
0.060000
76
t
0.010000
20
t
0.010000
25
t
0.080000
92
t
0.040000
54
t
0.010000
27
t
0.110000
126
t
0.030000
39
t
0.000000
17
t
0.020000
34
t
0.030000
45
t
0.120000
136
t
0.190000
202
t
0.140000
147
t
0.190000
232
t
0.000000
24
t
0.170000
195
t
0.050000
58
t
0.000000
12
t
0.060000
75
t
0.040000
55
t
0.020000
33
t
0.000000
10
t
0.120000
128
t
0.170000
183
t
0.050000
60
t
0.000000
17
t
0.000000
14
t
0.010000
23
t
0.080000
90
t
0.070000
84
t
0.010000
19
t
0.030000
39
t
0.010000
23
t
0.030000
39
t
0.000000
13
t
0.010000
27
t
0.030000
42
t
0.020000
33
t
0.030000
45
t
0.050000
61
t
0.040000
54
t
0.000000
17
t
0.020000
35
t
0.020000
36
t
0.010000
21
t
0.040000
53
t
0.020000
34
t
0.010000
23
t
0.070000
85
t
0.000000
14
t
0.010000
25
t
0.010000
20
t
0.120000
129
t
0.010000
19
t
0.020000
28
t
0.040000
50
t
0.030000
40
t
0.020000
35
t
0.040000
58
t
0.060000
77
t
0.000000
14
t
0.050000
62
t
0.000000
13
t
0.010000
27
t
0.030000
37
t
0.150000
161
t
0.210000
217
t
0.090000
98
t
0.180000
189
t
0.040000
49
t
0.050000
60
t
0.070000
82
t
0.000000
11
t
0.030000
42
t
0.020000
29
t
0.150000
165
t
0.040000
55
t
0.010000
25
t
0.020000
36
t
0.100000
112
t
0.110000
118
t
0.010000
23
t
0.030000
42
t
0.070000
82
t
0.010000
28
t
0.050000
60
t
0.020000
26
t
0.080000
90
t
0.010000
26
t
0.030000
36
t
0.000000
17
t
0.020000
30
t
0.060000
73
t
0.010000
27
t
0.070000
85
t
0.000000
11
t
0.000000
17
t
0.260000
274
t
0.040000
52
t
0.030000
39
t
0.100000
109
t
0.020000
35
t
0.010000
28
t
0.050000
57
t
0.010000
17
t
0.020000
32
t
0.040000
54
t
0.020000
36
t
0.030000
42
t
0.020000
32
t
0.000000
13
t
0.020000
37
t
0.010000
21
t
0.050000
70
t
0.020000
35
t
0.070000
85
t
0.120000
133
t
0.000000
23
t
0.010000
25
t
0.040000
63
t
0.000000
20
t
0.040000
53
t
0.020000
29
t
0.090000
99
t
0.020000
40
t
0.030000
50
t
0.060000
73
t
0.080000
98
t
0.000000
21
t
0.350000
359
t
0.050000
68
t
0.010000
28
t
0.050000
64
t
0.190000
210
t
0.080000
99
t
0.010000
28
t
0.000000
17
t
0.050000
68
t
0.200000
214
t
0.030000
47
t
0.050000
62
t
0.270000
283
t
0.030000
46
t
0.030000
40
t
0.150000
160
t
0.050000
66
t
0.200000
214
t
0.090000
106
t
0.040000
60
t
0.010000
26
t
0.010000
18
t
0.000000
18
t
0.060000
74
t
0.230000
250
t
0.010000
25
t
0.020000
38
t
0.060000
73
t
0.030000
47
t
0.020000
31
t
0.210000
229
t
0.030000
50
t
0.010000
32
t
0.010000
30
t
0.170000
186
t
0.020000
37
t
0.120000
136
t
0.020000
35
t
0.000000
17
t
0.030000
48
t
0.030000
42
t
0.130000
144
t
0.050000
63
t
0.040000
55
t
0.000000
15
t
0.020000
35
t
0.020000
27
t
0.040000
53
t
0.060000
75
t
0.040000
57
t
0.120000
137
t
0.020000
32
t
0.000000
15
t
0.080000
96
t
0.030000
40
t
0.020000
36
t
0.010000
20
t
0.100000
120
t
0.010000
27
t
0.050000
57
t
0.020000
36
t
0.020000
27
t
0.000000
18
t
0.010000
33
t
0.040000
54
t
0.050000
60
t
0.010000
24
t
0.020000
37
t
0.010000
24
t
0.030000
48
t
0.020000
38
t
0.020000
39
t
0.020000
36
t
0.010000
21
t
0.120000
137
t
0.010000
18
t
0.070000
86
t
0.000000
20
t
0.060000
81
t
0.020000
36
t
0.010000
26
t
0.040000
50
t
0.200000
218
t
0.060000
71
t
0.280000
289
t
0.010000
24
t
0.000000
15
t
0.050000
65
t
0.080000
94
t
0.020000
35
t
0.100000
109
t
0.000000
15
t
0.130000
142
t
0.020000
30
t
0.040000
55
t
0.020000
32
t
0.260000
273
t
0.010000
25
t
0.030000
47
t
0.030000
41
t
0.030000
35
t
0.160000
170
t
0.070000
84
t
0.010000
21
t
0.110000
121
t
0.000000
12
t
0.080000
89
t
0.020000
34
t
0.030000
42
t
0.240000
248
t
0.120000
133
t
0.060000
73
t
0.120000
136
t
0.120000
137
t
0.020000
26
t
0.010000
22
t
0.070000
85
t
0.000000
18
t
0.050000
64
t
0.050000
60
t
0.000000
14
t
0.010000
19
t
0.010000
21
t
0.050000
59
t
0.000000
17
t
0.060000
72
t
0.150000
160
t
0.020000
34
t
0.040000
53
t
0.000000
17
t
0.170000
185
t
0.000000
17
t
0.020000
29
t
0.020000
31
t
0.260000
276
t
0.070000
77
t
0.020000
34
t
0.110000
119
t
0.040000
46
t
0.010000
21
t
0.020000
35
t
0.030000
40
t
0.000000
15
t
0.020000
31
t
0.040000
50
t
0.040000
56
t
0.010000
24
t
0.030000
39
t
0.020000
29
t
0.040000
55
t
0.020000
32
t
0.010000
19
t
0.020000
38
t
0.080000
89
t
0.030000
39
t
0.020000
27
t
0.000000
17
t
0.020000
28
t
0.210000
221
t
0.010000
24
t
0.010000
20
t
0.050000
66
t
0.050000
63
t
0.020000
36
t
0.020000
28
t
0.070000
88
t
0.010000
28
t
0.040000
55
t
0.000000
19
t
0.060000
72
t
0.020000
35
t
0.000000
18
t
0.080000
91
t
0.060000
72
t
0.020000
35
t
0.050000
58
t
0.020000
27
t
0.050000
58
t
0.010000
23
t
0.020000
28
t
0.050000
65
t
0.090000
104
t
0.110000
124
t
0.030000
40
t
0.040000
51
t
0.020000
28
t
0.020000
33
t
0.090000
103
t
0.010000
30
t
0.060000
70
t
0.010000
23
t
0.010000
21
t
0.000000
17
t
0.040000
54
t
0.010000
20
t
0.030000
46
t
0.020000
37
t
0.030000
43
t
0.030000
43
t
0.010000
23
t
0.160000
169
t
0.030000
37
t
0.030000
39
t
0.000000
16
t
0.010000
18
t
0.000000
14
t
0.010000
24
t
0.130000
144
t
0.020000
35
t
0.020000
32
t
0.010000
25
t
0.000000
17
t
0.010000
23
t
0.020000
28
t
0.030000
38
t
0.010000
25
t
0.210000
219
t
0.080000
102
t
0.010000
22
t
0.000000
17
t
0.050000
61
t
0.020000
34
t
0.020000
40
t
0.010000
29
t
0.050000
61
t
0.020000
35
t
0.170000
185
t
0.000000
16
t
0.020000
27
t
0.000000
17
t
0.060000
70
t
0.020000
38
t
0.040000
54
t
0.350000
362
t
0.020000
36
t
0.000000
16
t
0.110000
119
t
0.010000
19
t
0.010000
21
t
0.000000
18
t
0.010000
20
t
0.040000
49
t
0.040000
50
t
0.060000
73
t
0.090000
104
t
0.100000
116
t
0.060000
73
t
0.090000
107
t
0.060000
72
t
0.010000
26
t
0.030000
49
t
0.020000
29
t
0.020000
37
t
0.000000
17
t
0.140000
148
t
0.090000
97
t
0.020000
27
t
0.000000
17
t
0.110000
125
t
0.170000
196
t
0.000000
25
t
0.020000
33
t
0.010000
32
t
0.020000
36
t
0.020000
31
t
0.030000
37
t
0.080000
97
t
0.070000
80
t
0.000000
24
t
0.020000
39
t
0.030000
42
t
0.040000
65
t
0.020000
34
t
0.010000
26
t
0.000000
19
t
0.010000
26
t
0.130000
146
t
0.050000
61
t
0.000000
17
t
0.040000
54
t
0.020000
30
t
0.090000
109
t
0.000000
16
t
0.040000
57
t
0.000000
13
t
0.020000
37
t
0.000000
24
t
0.040000
61
t
0.020000
30
t
0.010000
25
t
0.010000
24
t
0.030000
41
t
0.010000
25
t
0.030000
48
t
0.010000
30
t
0.130000
148
t
0.000000
14
t
0.020000
32
t
0.010000
25
t
0.420000
431
t
0.010000
24
t
0.080000
99
t
0.070000
83
t
0.020000
35
t
0.050000
69
t
0.220000
229
t
0.010000
18
t
0.020000
33
t
0.030000
47
t
0.040000
59
t
0.010000
35
t
0.120000
144
t
0.010000
38
t
0.020000
37
t
0.020000
29
t
0.040000
52
t
0.060000
70
t
0.020000
32
t
0.020000
27
t
0.180000
185
t
0.010000
24
t
0.120000
135
t
0.010000
25
t
0.010000
17
t
0.020000
32
t
0.030000
40
t
0.080000
92
t
0.030000
47
t
0.010000
25
t
0.020000
34
t
0.020000
32
t
0.040000
63
t
0.190000
226
t
0.020000
29
t
0.090000
101
t
0.010000
24
t
0.040000
53
t
0.010000
25
t
0.010000
25
t
0.000000
12
t
0.120000
131
t
0.030000
39
t
0.170000
183
t
0.040000
47
t
0.030000
43
t
0.020000
35
t
0.000000
16
t
0.040000
55
t
0.230000
241
t
0.010000
23
t
0.000000
17
t
0.050000
59
t
0.010000
23
t
0.010000
26
t
0.110000
126
t
0.030000
41
t
0.020000
30
t
0.040000
54
t
0.010000
24
t
0.060000
76
t
0.010000
19
t
0.120000
134
t
0.070000
80
t
0.010000
18
t
0.010000
27
t
0.020000
30
t
0.030000
38
t
0.040000
51
t
0.010000
29
t
0.010000
26
t
0.070000
81
t
0.000000
13
t
0.340000
352
t
0.010000
25
t
0.030000
40
t
0.010000
22
t
0.040000
51
t
0.040000
49
t
0.100000
109
t
0.000000
13
t
0.040000
55
t
0.040000
55
t
0.010000
22
t
0.010000
27
t
0.030000
48
t
0.010000
25
t
0.020000
37
t
0.060000
68
t
0.020000
35
t
0.030000
45
t
0.070000
87
t
0.040000
55
t
0.050000
61
t
0.010000
30
t
0.270000
284
t
0.130000
145
t
0.290000
306
t
0.390000
404
t
0.000000
15
t
0.030000
43
t
0.020000
35
t
0.030000
37
t
0.140000
151
t
0.020000
30
t
0.020000
30
t
0.000000
15
t
0.020000
36
t
0.010000
25
t
0.020000
32
t
0.010000
18
t
0.010000
24
t
0.030000
45
t
0.020000
31
t
0.030000
45
t
0.030000
47
t
0.010000
21
t
0.060000
68
t
0.000000
13
t
0.170000
177
