t
0.070000
104
t
0.020000
27
t
0.030000
42
t
0.020000
34
t
0.100000
108
t
0.080000
88
t
0.010000
16
t
0.030000
35
t
0.070000
85
t
0.010000
22
t
0.000000
7
t
0.000000
10
t
0.040000
50
t
0.000000
7
t
0.000000
7
t
0.000000
8
t
0.000000
8
t
0.180000
190
t
0.060000
65
t
0.020000
26
t
0.010000
20
t
0.050000
59
t
0.060000
73
t
0.010000
23
t
0.010000
23
t
0.050000
58
t
0.050000
57
t
0.010000
16
t
0.050000
60
t
0.000000
8
t
0.030000
35
t
0.050000
61
t
0.010000
18
t
0.010000
19
t
0.010000
22
t
0.100000
106
t
0.120000
131
t
0.000000
6
t
0.010000
19
t
0.000000
14
t
0.010000
23
t
0.000000
12
t
0.080000
92
t
0.010000
23
t
0.020000
34
t
0.010000
16
t
0.070000
76
t
0.020000
27
t
0.000000
7
t
0.100000
107
t
0.000000
12
t
0.000000
6
t
0.010000
23
t
0.020000
32
t
0.040000
46
t
0.000000
8
t
0.000000
9
t
0.000000
7
t
0.110000
119
t
0.030000
37
t
0.050000
60
t
0.000000
7
t
0.020000
26
t
0.000000
7
t
0.010000
20
t
0.140000
151
t
0.020000
30
t
0.060000
65
t
0.000000
10
t
0.000000
7
t
0.000000
12
t
0.000000
14
t
0.080000
91
t
0.000000
7
t
0.010000
20
t
0.340000
346
t
0.000000
11
t
0.000000
12
t
0.000000
14
t
0.000000
10
t
0.090000
94
t
0.000000
7
t
0.010000
22
t
0.010000
17
t
0.000000
11
t
0.040000
47
t
0.010000
24
t
0.030000
42
t
0.000000
8
t
0.000000
9
t
0.070000
80
t
0.010000
16
t
0.030000
38
t
0.100000
113
t
0.000000
11
t
0.190000
198
t
0.000000
12
t
0.000000
9
t
0.000000
8
t
0.000000
6
t
0.000000
10
t
0.020000
29
t
0.040000
54
t
0.020000
30
t
0.100000
106
t
0.280000
291
t
0.000000
11
t
0.060000
66
t
0.120000
129
t
0.000000
7
t
0.000000
10
t
0.010000
19
t
0.210000
219
t
0.000000
18
t
0.040000
55
t
0.030000
43
t
0.010000
22
t
0.000000
9
t
0.050000
57
t
0.010000
18
t
0.020000
31
t
0.060000
67
t
0.120000
130
t
0.000000
8
t
0.010000
22
t
0.000000
13
t
0.000000
12
t
0.000000
12
t
0.000000
11
t
0.000000
12
t
0.000000
11
t
0.030000
38
t
0.000000
9
t
0.000000
9
t
0.070000
77
t
0.000000
12
t
0.000000
12
t
0.010000
19
t
0.000000
8
t
0.060000
66
t
0.000000
12
t
0.030000
38
t
0.010000
19
t
0.010000
17
t
0.030000
39
t
0.000000
7
t
0.000000
8
t
0.020000
32
t
0.000000
12
t
0.020000
33
t
0.000000
9
t
0.000000
11
t
0.000000
8
t
0.040000
53
t
0.010000
20
t
0.020000
34
t
0.010000
18
t
0.020000
33
t
0.020000
30
t
0.000000
11
t
0.010000
15
t
0.010000
20
t
0.000000
12
t
0.000000
8
t
0.000000
6
t
0.060000
72
t
0.040000
50
t
0.000000
9
t
0.000000
9
t
0.000000
12
t
0.000000
12
t
0.120000
131
t
0.010000
15
t
0.000000
11
t
0.020000
31
t
0.000000
9
t
0.040000
47
t
0.000000
7
t
0.000000
8
t
0.000000
7
t
0.000000
11
t
0.020000
26
t
0.040000
54
t
0.000000
12
t
0.080000
92
t
0.030000
47
t
0.000000
7
t
0.000000
11
t
0.030000
41
t
0.000000
14
t
0.020000
30
t
0.000000
7
t
0.040000
47
t
0.010000
15
t
0.000000
8
t
0.000000
11
t
0.280000
286
t
0.060000
75
t
0.040000
47
t
0.060000
73
t
0.000000
12
t
0.040000
46
t
0.020000
35
t
0.000000
10
t
0.000000
13
t
0.000000
12
t
0.030000
43
t
0.020000
28
t
0.050000
57
t
0.000000
8
t
0.000000
13
t
0.000000
9
t
0.040000
47
t
0.010000
21
t
0.000000
11
t
0.000000
8
t
0.010000
24
t
0.000000
13
t
0.140000
147
t
0.000000
12
t
0.010000
15
t
0.040000
52
t
0.090000
96
t
0.030000
38
t
0.020000
28
t
0.000000
11
t
0.000000
13
t
0.070000
77
t
0.010000
20
t
0.000000
13
t
0.000000
13
t
0.210000
215
t
0.010000
21
t
0.000000
9
t
0.000000
11
t
0.440000
454
t
0.020000
26
t
0.030000
43
t
0.010000
16
t
0.010000
24
t
0.020000
34
t
0.010000
18
t
0.030000
42
t
0.030000
36
t
0.020000
34
t
0.000000
8
t
0.380000
389
t
0.040000
53
t
0.040000
50
t
0.000000
15
t
0.040000
55
t
0.040000
47
t
0.020000
26
t
0.010000
16
t
0.010000
24
t
0.000000
7
t
0.020000
27
t
0.000000
10
t
0.000000
8
t
0.020000
31
t
0.040000
47
t
0.070000
80
t
0.000000
11
t
0.050000
56
t
0.010000
16
t
0.030000
36
t
0.030000
43
t
0.010000
15
t
0.000000
15
t
0.010000
22
t
0.000000
13
t
0.000000
8
t
0.000000
9
t
0.000000
7
t
0.000000
8
t
0.010000
20
t
0.000000
16
t
0.000000
13
t
0.000000
11
t
0.000000
11
t
0.000000
7
t
0.020000
31
t
0.000000
9
t
0.140000
149
t
0.020000
27
t
0.010000
20
t
0.030000
42
t
0.070000
76
t
0.010000
23
t
0.120000
125
t
0.000000
10
t
0.000000
12
t
0.000000
13
t
0.080000
93
t
0.070000
83
t
0.000000
13
t
0.010000
24
t
0.000000
6
t
0.010000
15
t
0.000000
8
t
0.310000
319
t
0.000000
6
t
0.010000
18
t
0.000000
14
t
0.010000
22
t
0.010000
20
t
0.000000
7
t
0.010000
16
t
0.000000
6
t
0.100000
109
t
0.050000
58
t
0.200000
214
t
0.100000
112
t
0.000000
9
t
0.030000
35
t
0.030000
42
t
0.000000
7
t
0.010000
24
t
0.040000
47
t
0.000000
9
t
0.020000
28
t
0.040000
47
t
0.000000
13
t
0.020000
27
t
0.050000
62
t
0.040000
53
t
0.000000
11
t
0.030000
42
t
0.010000
17
t
0.060000
66
t
0.020000
29
t
0.000000
12
t
0.320000
328
t
0.080000
88
t
0.010000
23
t
0.100000
112
t
0.050000
60
t
0.140000
150
t
0.000000
7
t
0.000000
8
t
0.000000
6
t
0.020000
27
t
0.000000
12
t
0.010000
18
t
0.040000
53
t
0.000000
14
t
0.000000
10
t
0.100000
113
t
0.040000
49
t
0.020000
31
t
0.100000
114
t
0.000000
10
t
0.030000
42
t
0.020000
27
t
0.010000
16
t
0.040000
50
t
0.080000
85
t
0.000000
6
t
0.000000
10
t
0.000000
8
t
0.020000
26
t
0.050000
64
t
0.040000
45
t
0.050000
58
t
0.000000
10
t
0.030000
44
t
0.040000
53
t
0.010000
16
t
0.030000
43
t
0.000000
8
t
0.000000
11
t
0.010000
15
t
0.000000
8
t
0.080000
94
t
0.000000
11
t
0.030000
35
t
0.000000
13
t
0.010000
18
t
0.030000
42
t
0.000000
11
t
0.000000
7
t
0.020000
34
t
0.020000
28
t
0.020000
29
t
0.000000
8
t
0.020000
34
t
0.010000
17
t
0.000000
10
t
0.120000
129
t
0.050000
57
t
0.040000
46
t
0.000000
16
t
0.010000
22
t
0.010000
20
t
0.000000
8
t
0.000000
13
t
0.110000
121
t
0.010000
15
t
0.040000
44
t
0.020000
27
t
0.000000
12
t
0.040000
52
t
0.020000
34
t
0.000000
8
t
0.010000
18
t
0.020000
30
t
0.070000
79
t
0.020000
34
t
0.000000
12
t
0.020000
31
t
0.010000
18
t
0.000000
7
t
0.140000
154
t
0.030000
36
t
0.100000
112
t
0.000000
7
t
0.000000
11
t
0.000000
7
t
0.100000
112
t
0.220000
226
t
0.010000
16
t
0.030000
41
t
0.000000
8
t
0.140000
153
t
0.010000
17
t
0.020000
27
t
0.020000
29
t
0.000000
12
t
0.000000
8
t
0.010000
16
t
0.010000
19
t
0.020000
27
t
0.000000
11
t
0.030000
44
t
0.030000
39
t
0.010000
15
t
0.000000
14
t
0.050000
56
t
0.000000
11
t
0.030000
43
t
0.000000
8
t
0.070000
77
t
0.000000
6
t
0.030000
43
t
0.000000
9
t
0.000000
14
t
0.080000
88
t
0.020000
28
t
0.250000
264
t
0.000000
7
t
0.000000
10
t
0.020000
32
t
0.000000
12
t
0.030000
42
t
0.010000
15
t
0.000000
11
t
0.010000
24
t
0.070000
83
t
0.040000
49
t
0.010000
25
t
0.070000
84
t
0.000000
10
t
0.160000
166
t
0.080000
91
t
0.020000
34
t
0.050000
61
t
0.010000
20
t
0.080000
88
t
0.010000
16
t
0.000000
15
t
0.000000
15
t
0.020000
30
t
0.000000
7
t
0.000000
9
t
0.020000
27
t
0.140000
149
t
0.070000
77
t
0.000000
8
t
0.020000
32
t
0.000000
7
t
0.010000
24
t
0.010000
24
t
0.000000
8
t
0.050000
58
t
0.010000
16
t
0.000000
7
t
0.000000
10
t
0.010000
19
t
0.000000
12
t
0.030000
42
t
0.010000
24
t
0.000000
12
t
0.180000
190
t
0.010000
20
t
0.030000
40
t
0.000000
7
t
0.000000
10
t
0.050000
56
t
0.000000
9
t
0.020000
34
t
0.040000
50
t
0.030000
37
t
0.010000
20
t
0.000000
13
t
0.040000
50
t
0.010000
19
t
0.000000
13
t
0.080000
87
t
0.040000
46
t
0.000000
9
t
0.010000
24
t
0.000000
13
t
0.020000
35
t
0.000000
8
t
0.010000
20
t
0.000000
11
t
0.130000
137
t
0.180000
188
t
0.190000
198
t
0.040000
51
t
0.030000
43
t
0.010000
20
t
0.070000
78
t
0.120000
130
t
0.000000
9
t
0.020000
32
t
0.030000
42
t
0.190000
196
t
0.000000
8
t
0.010000
15
t
0.000000
8
t
0.010000
22
t
0.090000
96
t
0.020000
31
t
0.000000
11
t
0.000000
12
t
0.000000
8
t
0.000000
7
t
0.000000
16
t
0.020000
32
t
0.030000
37
t
0.010000
24
t
0.020000
35
t
0.020000
37
t
0.010000
21
t
0.010000
20
t
0.220000
235
t
0.020000
26
t
0.010000
16
t
0.030000
38
t
0.010000
23
t
0.030000
41
t
0.010000
15
t
0.000000
7
t
0.000000
12
t
0.020000
31
t
0.000000
18
t
0.000000
16
t
0.000000
23
t
0.120000
136
t
0.020000
40
t
0.000000
18
t
0.030000
46
t
0.050000
66
t
0.030000
43
t
0.040000
54
t
0.000000
25
t
0.000000
16
t
0.020000
39
t
0.000000
20
t
0.020000
30
t
0.060000
65
t
0.000000
9
t
0.020000
28
t
0.000000
8
t
0.030000
37
t
0.010000
17
t
0.070000
83
t
0.070000
78
t
0.000000
12
t
0.010000
21
t
0.240000
246
t
0.010000
15
t
0.270000
277
t
0.020000
30
t
0.040000
53
t
0.010000
17
t
0.000000
10
t
0.010000
24
t
0.040000
47
t
0.090000
98
t
0.010000
15
t
0.010000
20
t
0.080000
91
t
0.010000
20
t
0.010000
21
t
0.050000
63
t
0.120000
129
t
0.040000
54
t
0.050000
63
t
0.020000
32
t
0.010000
22
t
0.000000
8
t
0.000000
9
t
0.030000
38
t
0.040000
46
t
0.010000
16
t
0.020000
27
t
0.050000
57
t
0.010000
22
t
0.000000
6
t
0.000000
7
t
0.050000
55
t
0.080000
92
t
0.070000
76
t
0.150000
158
t
0.000000
7
t
0.020000
33
t
0.000000
9
t
0.000000
10
t
0.030000
36
t
0.000000
11
t
0.030000
37
t
0.000000
7
t
0.000000
12
t
0.010000
19
t
0.010000
16
t
0.020000
27
t
0.000000
15
t
0.020000
30
t
0.030000
37
t
0.000000
9
t
0.000000
8
t
0.010000
19
t
0.040000
52
t
0.040000
45
t
0.020000
32
t
0.020000
25
t
0.010000
17
t
0.000000
8
t
0.000000
9
t
0.010000
22
t
0.020000
28
t
0.000000
11
t
0.040000
54
t
0.030000
42
t
0.030000
39
t
0.020000
32
t
0.010000
20
t
0.000000
13
t
0.000000
15
t
0.150000
163
t
0.000000
10
t
0.010000
24
t
0.010000
17
t
0.000000
13
t
0.010000
22
t
0.000000
15
t
0.020000
26
t
0.000000
14
t
0.000000
7
t
0.000000
9
t
0.000000
9
t
0.100000
112
t
0.000000
8
t
0.100000
111
t
0.040000
48
t
0.100000
106
t
0.020000
31
t
0.140000
146
t
0.000000
8
t
0.040000
52
t
0.000000
10
t
0.100000
107
t
0.000000
9
t
0.000000
10
t
0.050000
63
t
0.010000
15
t
0.030000
39
t
0.040000
46
t
0.020000
35
t
0.040000
54
t
0.080000
91
t
0.000000
8
t
0.030000
38
t
0.010000
20
t
0.260000
270
t
0.030000
36
t
0.000000
7
t
0.000000
8
t
0.100000
105
t
0.010000
23
t
0.040000
46
t
0.000000
8
t
0.000000
15
t
0.010000
17
t
0.000000
6
t
0.000000
7
t
0.070000
80
t
0.090000
105
t
0.020000
32
t
0.000000
6
t
0.000000
9
t
0.000000
10
t
0.000000
7
t
0.000000
7
t
0.030000
39
t
0.110000
124
t
0.020000
29
t
0.070000
76
t
0.050000
56
t
0.030000
44
t
0.000000
7
t
0.000000
10
t
0.160000
170
t
0.140000
146
t
0.010000
21
t
0.110000
119
t
0.010000
17
t
0.050000
61
t
0.000000
7
t
0.010000
18
t
0.050000
61
t
0.000000
7
t
0.030000
45
t
0.030000
41
t
0.000000
11
t
0.040000
56
t
0.050000
55
t
0.000000
16
t
0.010000
24
t
0.000000
10
t
0.020000
30
t
0.000000
12
t
0.020000
33
t
0.050000
61
t
0.010000
18
t
0.020000
35
t
0.010000
22
t
0.000000
10
t
0.010000
19
t
0.010000
20
t
0.010000
18
t
0.010000
17
t
0.010000
21
t
0.000000
8
t
0.010000
21
t
0.020000
31
t
0.060000
69
t
0.000000
12
t
0.060000
73
t
0.020000
29
t
0.000000
15
t
0.030000
36
t
0.010000
18
t
0.000000
14
t
0.040000
55
t
0.000000
15
t
0.020000
34
t
0.010000
16
t
0.010000
21
t
0.040000
53
t
0.020000
30
t
0.460000
472
t
0.010000
26
t
0.010000
21
t
0.000000
11
t
0.010000
18
t
0.100000
112
t
0.010000
18
t
0.030000
42
t
0.000000
10
t
0.010000
19
t
0.000000
12
t
0.070000
82
t
0.010000
22
t
0.340000
347
t
0.000000
15
t
0.000000
14
t
0.030000
43
t
0.140000
151
t
0.220000
230
t
0.050000
62
t
0.000000
12
t
0.000000
14
t
0.030000
43
t
0.010000
18
t
0.000000
10
t
0.020000
28
t
0.010000
25
t
0.050000
60
t
0.000000
14
t
0.070000
75
t
0.000000
13
t
0.030000
39
t
0.260000
273
t
0.020000
33
t
0.070000
78
t
0.020000
33
t
0.010000
24
t
0.030000
41
t
0.060000
67
t
0.000000
12
t
0.000000
12
t
0.000000
16
t
0.030000
47
t
0.020000
32
t
0.010000
19
t
0.000000
14
t
0.010000
20
t
0.030000
46
t
0.080000
89
t
0.000000
10
t
0.030000
36
t
0.140000
152
t
0.000000
13
t
0.010000
16
t
0.120000
128
t
0.000000
15
t
0.010000
22
t
0.010000
20
t
0.020000
35
t
0.070000
77
t
0.010000
20
t
0.060000
73
t
0.030000
38
t
0.040000
54
t
0.000000
15
t
0.100000
118
t
0.050000
59
t
0.010000
20
t
0.050000
64
t
0.010000
25
t
0.030000
44
t
0.010000
22
t
0.070000
77
t
0.400000
406
t
0.000000
12
t
0.050000
63
t
0.030000
46
t
0.000000
12
t
0.050000
58
t
0.010000
21
t
0.000000
9
t
0.040000
56
t
0.010000
23
t
0.030000
42
t
0.140000
146
t
0.190000
206
t
0.030000
38
t
0.040000
54
t
0.030000
43
t
0.060000
76
t
0.010000
21
t
0.150000
157
t
0.000000
13
t
0.020000
32
t
0.070000
80
t
0.010000
24
t
0.000000
12
t
0.010000
18
t
0.000000
9
t
0.060000
70
t
0.010000
21
t
0.070000
84
t
0.010000
25
t
0.130000
142
t
0.010000
19
t
0.250000
260
t
0.010000
17
t
0.030000
43
t
0.010000
20
t
0.210000
224
t
0.010000
23
t
0.040000
53
t
0.000000
9
t
0.120000
135
t
0.010000
23
t
0.010000
16
t
0.000000
12
t
0.060000
70
t
0.040000
48
t
0.070000
76
t
0.150000
161
t
0.010000
18
t
0.050000
58
t
0.110000
123
t
0.070000
76
t
0.040000
55
t
0.110000
124
t
0.040000
51
t
0.010000
22
t
0.050000
59
t
0.060000
73
t
0.020000
34
t
0.120000
128
t
0.010000
15
t
0.000000
11
t
0.000000
16
t
0.010000
20
t
0.060000
74
t
0.020000
26
t
0.000000
11
t
0.020000
28
t
0.000000
8
t
0.040000
47
t
0.100000
112
t
0.000000
13
t
0.010000
20
t
0.010000
23
t
0.020000
31
t
0.030000
47
t
0.000000
16
t
0.060000
74
t
0.020000
32
t
0.050000
62
t
0.000000
12
t
0.010000
24
t
0.010000
21
t
0.050000
59
t
0.010000
21
t
0.030000
38
t
0.000000
16
t
0.130000
138
t
0.010000
21
t
0.020000
36
t
0.010000
22
t
0.110000
123
t
0.010000
21
t
0.000000
16
t
0.020000
30
t
0.020000
33
t
0.000000
14
t
0.030000
45
t
0.000000
11
t
0.120000
135
t
0.240000
249
t
0.060000
67
t
0.060000
75
t
0.020000
27
t
0.020000
26
t
0.000000
9
t
0.050000
58
t
0.120000
137
t
0.050000
58
t
0.010000
20
t
0.010000
20
t
0.010000
15
t
0.010000
26
t
0.090000
104
t
0.000000
10
t
0.030000
40
t
0.010000
16
t
0.170000
176
t
0.000000
10
t
0.050000
58
t
0.030000
45
t
0.010000
22
t
0.020000
29
t
0.080000
92
t
0.080000
89
t
0.100000
109
t
0.060000
70
t
0.000000
14
t
0.010000
24
t
0.010000
21
t
0.040000
48
t
0.020000
34
t
0.020000
33
t
0.020000
28
t
0.000000
14
t
0.080000
93
t
0.000000
12
t
0.170000
179
t
0.080000
89
t
0.110000
116
t
0.030000
39
t
0.140000
145
t
0.080000
92
t
0.070000
76
t
0.050000
70
t
0.000000
12
t
0.070000
79
t
0.020000
36
t
0.390000
402
t
0.000000
12
t
0.020000
31
t
0.000000
11
t
0.040000
55
t
0.040000
47
t
0.000000
15
t
0.100000
108
t
0.060000
74
t
0.040000
50
t
0.010000
18
t
0.040000
51
t
0.030000
41
t
0.000000
14
t
0.060000
74
t
0.050000
60
