t
v 1 -2 -3 4 -5 6 -7 -8 -9 10 -11 -12 13 14 15 -16 17 -18 -19 20 0
22
t
v 1 -2 -3 -4 5 -6 7 8 9 -10 -11 12 -13 14 15 16 -17 -18 19 -20 0
22
t
v 1 2 3 4 -5 6 7 8 9 10 11 -12 13 -14 -15 16 17 18 -19 20 0
20
t
v 1 -2 3 4 -5 -6 -7 -8 -9 10 -11 -12 13 -14 -15 16 17 -18 -19 -20 0
19
t
v -1 -2 -3 -4 5 -6 7 -8 -9 10 -11 12 13 -14 15 16 -17 18 -19 20 0
21
t
v 1 2 -3 -4 5 -6 -7 8 -9 10 11 12 -13 14 15 16 17 18 19 20 0
20
t
v -1 -2 3 4 -5 6 7 -8 9 -10 -11 12 13 -14 15 -16 -17 18 19 20 0
18
t
v -1 -2 3 4 -5 6 -7 -8 9 -10 11 -12 13 -14 -15 -16 -17 -18 -19 20 0
21
t
v -1 2 3 -4 -5 6 -7 8 -9 10 11 12 13 -14 15 16 17 -18 -19 -20 0
21
t
v -1 -2 3 4 5 6 -7 8 9 -10 -11 12 13 14 15 16 -17 -18 19 20 0
21
t
v 1 2 -3 -4 5 6 7 -8 -9 -10 -11 -12 -13 14 15 16 17 18 19 -20 0
23
t
v 1 -2 -3 4 -5 6 -7 8 -9 -10 -11 12 13 14 15 -16 17 18 19 -20 0
21
t
v -1 -2 -3 -4 5 -6 7 8 9 -10 -11 12 -13 -14 -15 16 -17 -18 -19 -20 0
21
t
v 1 2 3 4 5 6 -7 -8 -9 10 11 12 13 -14 -15 -16 -17 18 19 -20 0
18
t
v -1 -2 -3 -4 5 -6 7 -8 9 10 11 -12 13 14 -15 -16 -17 18 -19 -20 0
19
t
v -1 2 -3 4 -5 6 -7 8 9 10 11 12 -13 14 15 -16 -17 18 -19 -20 0
21
t
v 1 2 -3 4 -5 6 7 8 9 10 -11 12 13 -14 15 -16 17 -18 19 20 0
20
t
v -1 2 3 -4 5 -6 -7 8 9 -10 -11 12 13 14 15 16 -17 18 19 20 0
18
t
v -1 -2 3 4 5 -6 -7 8 9 -10 11 12 13 14 -15 -16 -17 18 19 -20 0
18
t
v 1 2 -3 4 -5 -6 -7 -8 -9 -10 11 -12 -13 -14 15 16 17 -18 -19 20 0
23
t
v 1 2 -3 -4 5 6 7 -8 -9 10 11 12 -13 -14 15 16 -17 18 -19 -20 0
20
t
v -1 2 -3 4 -5 -6 7 -8 9 -10 11 12 13 -14 -15 16 -17 -18 19 -20 0
18
t
v -1 -2 3 4 -5 -6 7 8 9 10 -11 -12 -13 -14 -15 -16 17 -18 -19 -20 0
22
t
v 1 -2 -3 4 5 6 7 -8 9 -10 11 12 -13 -14 -15 -16 17 18 -19 20 0
21
t
v 1 2 3 4 5 -6 7 -8 9 10 11 -12 -13 14 15 16 17 18 19 20 0
19
t
v 1 2 -3 4 5 6 -7 -8 9 10 -11 -12 -13 14 -15 16 -17 -18 19 -20 0
22
t
v -1 2 3 -4 5 6 7 -8 9 -10 11 12 -13 14 15 16 -17 18 -19 20 0
19
t
v 1 -2 -3 4 5 -6 7 -8 9 10 -11 12 13 -14 -15 -16 17 -18 -19 20 0
22
t
v -1 -2 -3 -4 -5 -6 -7 -8 -9 -10 -11 -12 -13 -14 15 -16 -17 -18 19 20 0
20
t
v -1 2 -3 4 -5 6 7 8 9 -10 -11 -12 13 -14 -15 16 17 18 19 20 0
19
t
v 1 2 3 -4 -5 6 -7 8 9 10 11 -12 -13 -14 -15 16 17 -18 -19 -20 0
22
t
v 1 2 -3 4 5 -6 -7 8 -9 -10 -11 -12 13 14 -15 -16 17 -18 -19 20 0
21
t
v -1 -2 -3 4 -5 -6 7 -8 -9 10 11 -12 -13 -14 -15 16 17 -18 -19 -20 0
22
t
v 1 -2 -3 4 -5 -6 7 -8 9 10 -11 12 13 -14 15 16 17 -18 19 -20 0
20
t
v 1 2 3 -4 5 6 -7 -8 9 10 11 -12 -13 -14 -15 16 17 18 19 -20 0
19
t
v -1 2 3 -4 5 6 -7 -8 9 -10 11 -12 13 -14 -15 16 17 18 -19 -20 0
22
t
v -1 2 -3 -4 -5 6 7 8 9 10 -11 -12 -13 14 -15 16 -17 18 -19 20 0
20
t
v 1 -2 -3 4 -5 -6 7 8 -9 10 -11 -12 -13 14 -15 -16 17 -18 -19 -20 0
22
t
v -1 2 -3 -4 5 6 7 -8 9 -10 11 12 13 14 -15 -16 17 -18 -19 20 0
20
t
v -1 2 -3 4 5 6 -7 -8 -9 10 11 -12 -13 -14 -15 -16 17 -18 -19 -20 0
19
t
v -1 -2 -3 4 5 -6 -7 8 9 10 11 12 13 -14 15 16 17 -18 -19 20 0
22
t
v -1 -2 -3 4 5 6 7 8 -9 10 11 12 -13 -14 15 -16 17 -18 19 -20 0
21
t
v -1 2 3 4 -5 6 -7 8 -9 10 -11 12 -13 14 -15 16 -17 18 19 20 0
19
t
v -1 -2 3 -4 5 6 -7 -8 9 -10 11 -12 13 -14 15 -16 -17 -18 19 20 0
23
t
v 1 2 -3 -4 5 6 -7 8 9 10 -11 12 -13 14 -15 -16 17 18 -19 20 0
20
t
v 1 -2 -3 -4 5 -6 -7 -8 -9 10 -11 12 13 -14 15 16 17 18 19 20 0
23
t
v -1 -2 3 4 -5 6 7 -8 9 10 11 -12 13 -14 15 -16 17 -18 -19 -20 0
20
t
v 1 2 -3 -4 -5 -6 7 -8 -9 10 -11 12 13 14 15 16 -17 18 19 -20 0
21
t
v -1 -2 -3 4 -5 -6 7 -8 -9 10 -11 -12 -13 14 15 16 -17 -18 -19 -20 0
21
t
v -1 2 3 4 -5 -6 -7 8 9 10 -11 -12 -13 -14 15 -16 17 -18 -19 20 0
19
t
v -1 -2 -3 4 5 6 7 -8 -9 10 11 12 -13 -14 15 -16 17 18 19 20 0
21
t
v -1 2 3 -4 5 6 -7 -8 -9 -10 -11 12 -13 14 15 16 17 -18 -19 20 0
20
t
v 1 2 -3 -4 -5 -6 -7 8 9 10 -11 12 13 -14 15 16 -17 -18 -19 -20 0
21
t
v -1 -2 -3 -4 -5 6 -7 8 -9 -10 11 12 13 -14 15 16 -17 -18 19 -20 0
21
t
v -1 -2 3 4 -5 -6 -7 8 9 10 11 -12 -13 -14 -15 16 -17 18 -19 20 0
19
t
v -1 2 -3 4 5 -6 -7 8 -9 10 -11 -12 13 14 15 16 17 -18 19 -20 0
27
t
v 1 2 3 -4 5 -6 -7 8 9 10 11 -12 -13 -14 -15 16 17 -18 19 20 0
22
t
v 1 2 3 -4 -5 -6 -7 -8 -9 10 11 12 13 14 -15 -16 17 18 -19 20 0
19
t
v 1 -2 -3 -4 -5 -6 7 8 -9 10 11 -12 -13 -14 -15 16 17 -18 19 20 0
22
t
v 1 -2 3 -4 5 6 7 8 9 -10 11 -12 -13 14 15 -16 17 18 19 -20 0
20
t
v 1 2 3 -4 5 -6 7 8 -9 10 -11 -12 13 -14 15 -16 -17 18 -19 20 0
23
t
v 1 -2 3 -4 5 6 7 -8 -9 -10 -11 -12 -13 -14 -15 -16 17 18 -19 -20 0
21
t
v 1 -2 3 -4 5 6 -7 -8 9 -10 11 12 13 -14 -15 16 17 18 19 -20 0
22
t
v 1 -2 3 -4 -5 -6 -7 8 -9 -10 -11 -12 13 14 -15 16 17 -18 19 -20 0
21
t
v 1 -2 3 -4 -5 6 -7 8 -9 -10 11 -12 13 14 -15 -16 17 -18 19 -20 0
22
t
v 1 2 -3 4 -5 6 7 -8 9 -10 11 12 13 14 15 16 17 -18 -19 20 0
21
t
v 1 2 -3 4 5 -6 7 8 9 -10 11 12 -13 -14 -15 16 -17 -18 -19 20 0
18
t
v 1 -2 -3 4 -5 6 -7 8 -9 -10 -11 -12 -13 14 15 -16 -17 18 19 20 0
18
t
v -1 2 3 4 -5 -6 -7 -8 9 -10 11 -12 13 14 -15 -16 17 -18 19 -20 0
19
t
v -1 2 3 4 -5 -6 -7 8 9 10 -11 -12 -13 -14 -15 16 17 18 19 -20 0
22
t
v 1 2 -3 4 5 6 -7 -8 -9 -10 11 -12 13 -14 15 -16 -17 -18 -19 20 0
21
t
v -1 -2 -3 -4 5 6 -7 -8 -9 -10 11 -12 -13 -14 15 -16 -17 18 -19 20 0
22
t
v 1 2 -3 -4 -5 6 7 -8 9 -10 -11 12 13 -14 -15 16 17 18 19 20 0
20
t
v 1 -2 3 -4 5 -6 -7 -8 -9 10 -11 -12 -13 14 -15 16 -17 18 19 -20 0
25
t
v 1 2 3 -4 5 -6 -7 8 -9 10 11 -12 13 -14 15 16 -17 -18 19 -20 0
22
t
v -1 -2 3 -4 -5 6 7 -8 9 -10 11 -12 -13 -14 -15 16 -17 18 19 20 0
19
t
v -1 2 3 4 5 -6 -7 -8 -9 -10 11 12 13 14 -15 -16 17 -18 -19 20 0
20
t
v 1 -2 -3 4 5 -6 7 -8 -9 -10 11 12 -13 -14 15 -16 17 18 19 20 0
22
t
v 1 -2 3 4 5 6 -7 -8 9 10 11 12 -13 -14 -15 -16 17 18 -19 20 0
20
t
v 1 -2 3 -4 5 -6 7 -8 9 10 11 -12 -13 -14 15 16 17 -18 19 20 0
21
t
v 1 2 -3 4 -5 -6 -7 -8 9 10 11 12 13 -14 -15 -16 -17 18 -19 -20 0
21
t
v 1 -2 -3 4 5 -6 -7 -8 9 10 -11 -12 13 14 -15 -16 17 18 -19 20 0
22
t
v -1 -2 3 -4 5 -6 -7 -8 -9 -10 -11 -12 -13 14 15 -16 17 -18 -19 20 0
21
t
v -1 -2 3 4 -5 6 -7 8 9 10 -11 -12 -13 14 15 -16 17 18 19 20 0
18
t
v 1 2 -3 4 -5 -6 7 -8 9 10 11 12 -13 -14 15 16 17 -18 19 20 0
23
t
v -1 2 -3 -4 5 -6 7 8 9 -10 -11 -12 -13 -14 15 16 -17 -18 -19 20 0
20
t
v 1 2 3 -4 -5 6 7 8 -9 10 11 12 13 14 15 16 -17 -18 19 20 0
22
t
v 1 2 -3 -4 -5 -6 -7 8 9 10 11 -12 13 14 15 16 -17 18 -19 -20 0
21
t
v 1 -2 -3 4 5 -6 7 -8 9 -10 -11 12 -13 -14 -15 -16 -17 -18 19 20 0
26
t
v 1 -2 3 4 5 -6 -7 8 9 10 -11 -12 13 -14 -15 16 17 18 -19 20 0
22
t
v -1 -2 -3 4 5 -6 -7 -8 -9 -10 -11 -12 13 -14 15 16 -17 -18 19 20 0
21
t
v 1 -2 3 4 5 -6 7 8 -9 -10 11 -12 13 14 15 16 17 -18 -19 -20 0
29
t
v -1 -2 3 -4 -5 -6 7 -8 9 -10 -11 -12 13 14 -15 -16 -17 -18 19 -20 0
22
t
v 1 2 3 -4 5 -6 -7 8 -9 10 11 -12 13 -14 -15 16 17 18 -19 -20 0
18
t
v -1 -2 3 -4 -5 -6 7 8 9 10 11 12 13 14 15 16 -17 18 -19 20 0
18
t
v -1 2 -3 4 -5 6 -7 8 -9 -10 11 -12 -13 -14 15 16 17 -18 -19 -20 0
21
t
v 1 2 3 -4 5 -6 -7 -8 9 10 -11 -12 -13 -14 -15 16 -17 -18 -19 -20 0
20
t
v 1 2 -3 -4 5 -6 7 -8 9 10 -11 -12 13 -14 -15 -16 17 18 -19 20 0
22
t
v -1 -2 3 4 -5 -6 -7 -8 -9 -10 11 -12 -13 -14 -15 16 17 -18 -19 -20 0
22
t
v -1 2 3 -4 5 6 -7 8 9 10 -11 -12 13 14 15 -16 17 -18 19 20 0
22
t
v 1 -2 -3 4 -5 6 -7 8 -9 10 -11 -12 -13 14 15 16 17 -18 19 -20 0
21
t
v 1 2 -3 4 -5 -6 7 8 9 10 -11 12 13 14 15 -16 -17 -18 19 -20 0
22
t
v -1 2 3 4 5 -6 -7 -8 9 -10 11 -12 13 -14 15 16 -17 18 19 -20 0
21
t
v 1 2 -3 4 5 6 -7 -8 9 10 -11 -12 13 14 -15 16 -17 18 -19 20 0
18
t
v -1 -2 -3 -4 -5 6 -7 8 9 -10 -11 12 -13 -14 15 -16 17 -18 19 20 0
18
t
v -1 -2 -3 -4 5 -6 -7 8 -9 10 11 12 -13 14 -15 -16 -17 18 19 20 0
22
t
v -1 2 3 4 -5 -6 7 -8 9 10 -11 12 -13 -14 15 -16 17 -18 19 20 0
20
t
v 1 2 -3 4 5 6 -7 8 9 -10 -11 -12 13 14 15 16 17 -18 19 -20 0
18
t
v 1 -2 3 4 5 -6 7 -8 9 -10 11 -12 -13 -14 -15 -16 17 -18 19 -20 0
18
t
v 1 -2 3 4 5 6 -7 8 9 -10 11 -12 13 14 15 16 17 18 -19 -20 0
22
t
v -1 2 -3 -4 5 6 -7 8 9 -10 -11 12 -13 14 15 16 -17 -18 19 -20 0
22
t
v -1 2 3 4 5 6 -7 -8 -9 -10 11 12 13 14 15 16 -17 -18 19 -20 0
28
t
v 1 -2 3 -4 -5 6 7 8 9 10 11 -12 -13 14 -15 -16 17 -18 19 -20 0
23
t
v -1 -2 -3 4 5 6 -7 -8 -9 -10 -11 12 13 14 15 16 -17 18 19 20 0
21
t
v 1 -2 3 -4 5 -6 -7 -8 9 10 11 -12 -13 -14 15 16 -17 18 -19 -20 0
19
t
v 1 -2 3 4 -5 6 7 8 -9 -10 -11 -12 13 14 -15 -16 17 -18 19 20 0
22
t
v 1 -2 -3 4 -5 6 7 -8 -9 10 11 12 -13 -14 -15 -16 17 18 19 -20 0
18
t
v 1 -2 -3 4 5 -6 7 -8 -9 10 11 -12 -13 14 15 -16 17 -18 19 -20 0
19
t
v 1 -2 3 -4 5 6 7 -8 -9 -10 -11 -12 -13 14 -15 16 -17 18 -19 -20 0
22
t
v 1 -2 3 4 5 6 7 -8 -9 -10 11 12 -13 -14 -15 -16 17 18 -19 -20 0
20
t
v 1 -2 3 -4 -5 6 7 8 9 -10 -11 12 13 -14 15 16 17 18 -19 20 0
22
t
v 1 2 3 4 5 6 7 8 9 10 -11 12 -13 14 -15 -16 17 18 19 -20 0
24
t
v 1 2 3 4 -5 -6 -7 8 9 -10 -11 12 13 14 15 -16 17 18 -19 20 0
22
t
v -1 2 3 4 5 6 7 -8 -9 -10 11 12 13 14 -15 -16 17 18 19 20 0
20
t
v -1 2 3 4 5 6 7 -8 -9 10 11 12 13 14 -15 -16 17 -18 19 20 0
24
t
v -1 -2 -3 -4 5 6 7 8 9 10 11 12 -13 14 -15 16 -17 -18 -19 20 0
25
t
v 1 -2 3 -4 5 -6 7 -8 -9 -10 11 12 13 -14 -15 -16 -17 18 -19 20 0
20
t
v -1 -2 3 -4 -5 6 7 8 -9 10 11 12 13 14 15 -16 -17 -18 -19 20 0
23
t
v 1 -2 3 4 5 -6 -7 8 9 10 -11 12 -13 -14 -15 -16 17 -18 19 20 0
19
t
v 1 -2 -3 -4 5 -6 -7 -8 -9 10 -11 12 -13 -14 15 16 -17 18 -19 20 0
22
t
v 1 2 3 4 5 6 -7 -8 9 10 -11 12 13 -14 -15 16 -17 18 -19 20 0
22
t
v 1 2 3 4 5 6 -7 8 -9 10 11 12 -13 -14 -15 -16 17 18 19 -20 0
30
t
v -1 2 3 4 -5 6 -7 -8 9 10 11 12 -13 14 -15 16 17 -18 -19 20 0
21
t
v -1 2 -3 -4 5 -6 -7 -8 9 10 11 12 13 14 -15 16 17 18 -19 20 0
24
t
v -1 2 3 -4 -5 -6 7 -8 -9 10 11 12 13 14 -15 -16 17 18 19 20 0
22
t
v 1 -2 3 -4 5 6 7 8 9 10 11 -12 13 14 15 16 17 -18 -19 20 0
24
t
v -1 2 3 4 -5 -6 -7 -8 -9 10 -11 -12 -13 -14 -15 16 -17 18 -19 -20 0
21
t
v -1 -2 3 4 -5 -6 7 8 -9 10 11 -12 13 -14 15 16 17 -18 19 -20 0
19
t
v -1 2 -3 -4 -5 6 7 -8 -9 -10 11 -12 -13 -14 -15 16 -17 18 19 20 0
22
t
v -1 2 -3 -4 -5 -6 7 8 9 10 -11 -12 -13 14 15 -16 -17 18 -19 20 0
21
t
v -1 2 -3 -4 -5 6 -7 -8 9 -10 -11 12 -13 14 15 -16 17 -18 19 20 0
18
t
v 1 2 -3 -4 -5 -6 7 8 -9 -10 11 12 13 14 15 -16 17 -18 19 20 0
19
t
v -1 2 3 4 5 6 7 8 -9 10 11 12 -13 14 -15 16 -17 -18 -19 -20 0
22
t
v -1 2 3 -4 -5 -6 7 8 9 -10 -11 12 13 -14 -15 16 -17 -18 -19 20 0
20
t
v 1 2 3 -4 -5 -6 -7 8 9 10 -11 12 13 -14 15 16 17 -18 -19 -20 0
19
t
v -1 2 -3 4 -5 6 7 8 -9 -10 -11 12 13 -14 15 -16 -17 18 19 -20 0
22
t
v 1 2 3 -4 5 -6 7 8 -9 10 -11 -12 13 14 15 16 -17 18 -19 -20 0
20
t
v 1 -2 3 -4 5 -6 -7 8 -9 10 11 -12 -13 -14 15 -16 17 18 19 20 0
21
t
v -1 -2 -3 4 5 -6 7 -8 9 -10 -11 12 -13 -14 15 16 17 -18 19 -20 0
21
t
v -1 2 3 4 -5 -6 -7 8 -9 -10 -11 -12 -13 14 15 16 -17 18 19 -20 0
20
t
v 1 2 3 4 -5 6 7 8 -9 10 -11 12 13 -14 -15 16 17 18 -19 20 0
25
t
v 1 2 -3 -4 5 6 7 8 -9 -10 -11 12 -13 14 -15 16 17 -18 -19 -20 0
22
t
v -1 2 3 -4 5 6 -7 8 9 -10 -11 -12 13 14 15 -16 17 18 -19 -20 0
20
t
v 1 -2 3 -4 5 6 7 8 9 10 -11 12 13 14 -15 -16 17 18 -19 -20 0
22
t
v -1 2 3 4 -5 6 -7 8 9 10 11 -12 -13 14 15 16 -17 18 -19 20 0
21
t
v 1 2 -3 4 -5 -6 -7 8 9 -10 -11 12 13 -14 -15 16 -17 -18 -19 20 0
22
t
v -1 2 3 4 -5 -6 -7 -8 9 10 -11 -12 -13 14 -15 16 -17 -18 -19 -20 0
24
t
v -1 -2 -3 4 5 6 -7 -8 9 -10 -11 12 13 14 -15 16 17 18 19 20 0
22
t
v -1 2 -3 4 5 -6 7 -8 9 10 -11 -12 13 14 -15 16 -17 -18 -19 20 0
21
t
v 1 2 -3 4 5 -6 7 8 -9 -10 11 12 13 -14 -15 16 17 -18 19 20 0
20
t
v 1 2 -3 4 5 6 7 8 -9 10 -11 12 13 -14 -15 16 -17 18 -19 -20 0
18
t
v 1 2 -3 -4 5 6 7 -8 9 -10 -11 -12 -13 14 15 16 17 -18 19 -20 0
18
t
v -1 2 3 4 5 6 -7 8 -9 10 -11 12 13 14 15 -16 -17 18 19 -20 0
18
t
v -1 -2 3 4 -5 6 7 -8 9 -10 11 -12 13 -14 -15 -16 17 -18 19 -20 0
21
t
v 1 2 -3 4 5 -6 -7 8 -9 10 -11 -12 13 14 -15 16 -17 18 19 -20 0
20
t
v 1 2 -3 4 -5 6 7 -8 -9 10 -11 12 -13 -14 -15 16 17 18 19 20 0
27
t
v -1 -2 3 -4 -5 -6 -7 8 9 10 11 12 13 14 15 -16 -17 -18 -19 -20 0
22
t
v 1 -2 3 -4 5 6 -7 -8 -9 10 11 -12 -13 -14 -15 16 17 18 19 -20 0
19
t
v -1 -2 3 4 5 6 -7 8 9 10 11 -12 13 -14 -15 16 17 18 -19 -20 0
22
t
v -1 2 3 4 5 -6 7 8 9 -10 11 -12 13 14 -15 16 17 -18 19 -20 0
23
t
v -1 -2 -3 4 5 6 7 -8 9 -10 -11 12 13 -14 -15 16 17 18 -19 20 0
21
t
v -1 -2 -3 -4 -5 -6 -7 -8 9 -10 11 12 -13 -14 15 16 -17 18 19 20 0
19
t
v -1 -2 3 -4 -5 -6 -7 -8 9 10 -11 12 -13 14 -15 16 -17 18 -19 -20 0
21
t
v 1 -2 3 4 5 6 -7 8 -9 -10 -11 12 13 -14 -15 -16 17 18 19 20 0
20
t
v 1 2 -3 -4 -5 6 -7 8 9 10 -11 12 13 14 -15 16 -17 18 -19 -20 0
19
t
v -1 -2 -3 4 -5 6 -7 -8 -9 -10 -11 12 -13 -14 -15 -16 17 18 -19 20 0
22
t
v -1 -2 -3 4 -5 6 7 -8 9 -10 11 -12 -13 14 -15 16 17 18 19 20 0
21
t
v -1 2 -3 -4 5 -6 -7 8 9 -10 11 12 -13 -14 15 -16 -17 -18 19 -20 0
19
t
v 1 -2 -3 4 5 6 7 8 9 10 -11 12 -13 -14 15 -16 17 18 -19 20 0
22
t
v 1 2 3 4 -5 -6 7 8 9 10 11 12 -13 -14 15 -16 -17 -18 -19 20 0
20
t
v -1 2 3 4 -5 -6 7 8 9 -10 -11 12 13 14 15 16 -17 -18 19 -20 0
25
t
v -1 -2 3 4 5 -6 7 -8 9 10 11 12 -13 -14 -15 -16 -17 -18 19 -20 0
22
t
v 1 -2 3 4 -5 6 -7 8 -9 -10 -11 -12 -13 14 -15 16 -17 18 19 -20 0
20
t
v -1 2 3 4 5 -6 7 -8 9 10 11 -12 -13 14 15 16 -17 -18 -19 -20 0
19
t
v -1 -2 -3 4 5 6 7 8 -9 -10 11 -12 -13 14 15 16 17 -18 19 -20 0
24
t
v -1 2 3 -4 5 6 7 8 9 -10 -11 12 -13 14 15 16 -17 18 -19 -20 0
19
t
v -1 2 -3 -4 -5 6 -7 -8 -9 -10 11 -12 -13 14 15 -16 -17 18 19 20 0
22
t
v -1 -2 3 4 5 6 -7 -8 9 -10 11 12 13 14 15 -16 -17 -18 19 -20 0
22
t
v 1 -2 3 4 -5 -6 7 -8 9 -10 11 -12 13 -14 15 -16 -17 18 19 20 0
22
t
v -1 2 -3 4 5 -6 7 8 -9 10 -11 12 -13 14 -15 16 17 -18 19 -20 0
21
t
v -1 2 3 -4 -5 -6 7 -8 9 10 -11 -12 -13 14 15 16 17 -18 19 20 0
22
t
v -1 -2 -3 -4 -5 -6 -7 8 -9 -10 -11 -12 -13 -14 15 16 17 18 -19 20 0
20
t
v -1 -2 -3 4 -5 -6 -7 8 -9 -10 11 12 -13 14 15 16 17 18 -19 20 0
18
t
v -1 -2 -3 -4 5 6 7 -8 9 -10 -11 -12 -13 14 15 16 -17 18 19 20 0
22
t
v 1 -2 3 4 5 -6 7 -8 9 10 -11 -12 -13 -14 15 16 17 18 -19 20 0
21
t
v -1 2 3 -4 -5 -6 7 8 9 -10 -11 12 13 -14 -15 16 -17 -18 19 20 0
23
t
v 1 2 -3 -4 5 -6 7 8 -9 10 -11 -12 13 14 15 -16 17 -18 19 20 0
21
t
v 1 -2 -3 4 5 -6 7 8 -9 10 -11 12 13 -14 -15 16 17 -18 19 -20 0
22
t
v -1 2 -3 -4 -5 6 7 8 -9 10 11 -12 -13 -14 15 16 17 -18 19 20 0
20
t
v 1 -2 3 -4 -5 -6 -7 -8 -9 -10 11 -12 13 -14 15 -16 17 -18 19 -20 0
22
t
v -1 -2 3 4 5 -6 7 -8 9 10 11 -12 13 -14 -15 -16 17 18 -19 -20 0
24
t
v -1 -2 3 4 -5 -6 -7 8 9 -10 11 12 -13 14 -15 -16 17 -18 19 20 0
24
t
v 1 -2 -3 -4 -5 6 -7 8 9 -10 11 12 -13 -14 15 -16 17 -18 19 -20 0
21
t
v -1 2 3 4 5 6 7 -8 -9 10 -11 -12 -13 14 -15 16 -17 -18 -19 -20 0
22
t
v -1 2 3 -4 -5 -6 7 8 9 -10 11 12 13 -14 -15 16 17 18 -19 -20 0
19
t
v -1 2 3 4 5 6 -7 -8 -9 10 11 12 13 -14 15 -16 17 18 -19 20 0
22
t
v 1 -2 -3 -4 -5 -6 7 -8 9 10 -11 12 13 14 -15 -16 17 -18 19 -20 0
21
t
v -1 -2 -3 4 5 -6 -7 8 9 -10 11 12 -13 -14 -15 16 17 18 -19 20 0
22
t
v 1 2 3 -4 -5 -6 7 -8 9 -10 11 12 13 14 -15 -16 -17 18 19 -20 0
20
t
v -1 -2 -3 4 -5 6 7 -8 -9 -10 -11 12 -13 14 -15 16 17 -18 -19 -20 0
18
t
v 1 -2 3 -4 -5 6 7 8 9 -10 -11 -12 13 -14 -15 16 -17 18 -19 20 0
22
t
v -1 2 -3 -4 5 -6 -7 8 -9 -10 -11 -12 -13 14 -15 16 17 18 -19 -20 0
21
t
v 1 2 3 -4 5 6 -7 -8 9 -10 11 -12 -13 -14 -15 -16 17 18 -19 -20 0
19
t
v 1 2 -3 4 5 6 -7 -8 9 10 11 -12 13 14 15 -16 17 18 -19 20 0
22
t
v 1 -2 3 4 -5 -6 7 -8 -9 -10 11 12 -13 -14 -15 -16 -17 18 -19 -20 0
20
t
v 1 -2 3 4 -5 -6 7 8 9 10 -11 12 13 14 -15 -16 17 18 19 -20 0
22
t
v -1 -2 -3 -4 5 6 7 8 9 -10 11 12 -13 14 15 -16 -17 18 19 20 0
19
t
v -1 2 -3 4 5 6 7 -8 9 10 -11 12 13 14 -15 -16 17 -18 -19 -20 0
23
t
v 1 2 3 4 -5 6 -7 -8 -9 10 -11 -12 -13 14 -15 -16 17 -18 -19 -20 0
19
t
v 1 -2 3 4 -5 6 7 8 -9 10 -11 12 -13 14 15 -16 17 -18 -19 -20 0
18
t
v -1 2 -3 4 -5 -6 7 8 9 -10 11 12 13 14 15 16 -17 18 19 20 0
21
t
v 1 -2 -3 4 5 6 -7 -8 9 -10 11 12 13 14 15 16 -17 18 -19 20 0
23
t
v -1 2 3 -4 5 6 7 8 9 -10 -11 -12 -13 14 -15 16 17 18 -19 20 0
22
t
v -1 2 -3 -4 5 6 7 -8 -9 -10 -11 12 -13 -14 15 -16 -17 -18 19 20 0
20
t
v 1 -2 -3 4 -5 -6 7 -8 -9 -10 -11 -12 -13 14 -15 -16 -17 -18 19 -20 0
24
t
v -1 2 3 4 5 -6 -7 8 9 -10 -11 -12 -13 -14 15 16 17 -18 -19 -20 0
19
t
v 1 2 3 -4 5 6 7 8 9 -10 -11 12 13 14 -15 16 17 -18 19 20 0
23
t
v 1 -2 -3 4 5 6 -7 8 -9 10 11 -12 -13 -14 15 16 17 18 19 -20 0
21
t
v 1 2 -3 -4 5 6 7 -8 9 10 -11 -12 13 14 15 -16 -17 -18 19 20 0
22
t
v -1 2 -3 4 5 6 7 8 9 -10 -11 -12 13 -14 -15 16 -17 18 -19 20 0
19
t
v -1 -2 -3 4 -5 6 -7 8 9 -10 11 12 -13 14 -15 16 17 -18 19 20 0
18
t
v 1 -2 -3 4 5 -6 7 8 -9 10 11 -12 13 -14 -15 16 -17 18 19 -20 0
25
t
v 1 -2 3 4 5 -6 7 -8 -9 -10 11 -12 13 14 15 16 17 18 -19 -20 0
21
t
v -1 -2 3 4 5 6 -7 -8 9 -10 11 -12 -13 14 -15 -16 17 18 -19 20 0
21
t
v 1 2 3 4 5 -6 7 8 -9 10 11 12 13 14 -15 -16 -17 18 19 20 0
18
t
v 1 -2 3 -4 -5 6 -7 8 9 -10 11 12 13 14 -15 16 17 -18 19 20 0
19
t
v -1 -2 -3 4 -5 -6 7 -8 -9 10 -11 12 13 -14 15 16 -17 18 19 20 0
23
t
v 1 2 3 4 -5 -6 -7 8 9 10 -11 -12 -13 -14 15 -16 -17 -18 -19 -20 0
20
t
v -1 2 3 4 5 -6 7 -8 -9 10 -11 12 13 14 15 16 -17 18 -19 -20 0
18
t
v -1 2 3 4 5 -6 7 8 9 -10 -11 -12 -13 14 -15 16 -17 18 -19 20 0
21
t
v -1 -2 -3 4 -5 -6 -7 -8 -9 -10 11 -12 -13 -14 15 -16 17 18 19 20 0
19
t
v 1 2 3 -4 -5 6 7 -8 -9 -10 -11 12 13 14 15 16 -17 18 19 -20 0
22
t
v -1 -2 -3 -4 -5 6 -7 -8 -9 -10 -11 -12 -13 14 15 16 -17 -18 19 20 0
23
t
v -1 -2 3 -4 -5 6 7 8 9 10 11 -12 -13 14 15 -16 17 -18 -19 -20 0
24
t
v 1 -2 -3 -4 -5 -6 7 -8 -9 -10 11 12 -13 14 -15 -16 -17 -18 19 -20 0
22
t
v 1 2 -3 -4 5 -6 -7 -8 9 -10 -11 -12 -13 -14 -15 -16 17 18 19 20 0
23
t
v 1 -2 3 -4 5 -6 7 -8 -9 10 -11 12 13 14 15 16 17 18 -19 20 0
24
t
v 1 -2 3 -4 -5 6 7 8 9 10 11 -12 13 -14 15 -16 17 -18 19 20 0
29
t
v -1 2 -3 -4 5 6 -7 8 -9 10 11 12 13 14 15 16 -17 18 19 20 0
25
t
v -1 -2 3 -4 -5 6 7 8 9 10 -11 -12 -13 -14 15 16 17 18 19 20 0
22
t
v 1 -2 -3 4 5 6 7 8 -9 10 11 12 13 -14 -15 16 17 -18 19 -20 0
19
t
v -1 2 3 -4 5 6 -7 8 9 10 11 -12 -13 -14 -15 -16 -17 18 -19 -20 0
19
t
v 1 2 -3 4 5 6 -7 8 -9 -10 -11 12 -13 14 15 -16 17 18 19 20 0
22
t
v -1 -2 3 4 -5 -6 7 8 9 10 -11 -12 -13 14 15 16 -17 -18 -19 20 0
19
t
v 1 -2 -3 4 5 6 -7 -8 -9 -10 -11 -12 13 14 15 16 -17 18 19 -20 0
19
t
v 1 -2 -3 4 5 6 -7 8 9 -10 -11 12 -13 14 15 16 17 -18 -19 20 0
21
t
v 1 -2 -3 -4 5 -6 7 -8 -9 -10 11 12 -13 -14 -15 -16 17 18 19 -20 0
20
t
v 1 2 -3 4 -5 -6 7 8 -9 -10 -11 -12 -13 -14 -15 16 17 18 -19 -20 0
22
t
v 1 2 -3 -4 5 6 7 8 9 10 11 12 13 -14 15 -16 -17 18 -19 -20 0
20
t
v 1 -2 3 -4 -5 -6 7 -8 9 -10 -11 12 -13 -14 15 -16 -17 -18 -19 -20 0
19
t
v -1 -2 -3 4 5 -6 7 -8 -9 10 -11 -12 13 -14 15 -16 -17 18 19 20 0
21
t
v 1 -2 -3 4 -5 -6 -7 -8 9 -10 -11 12 -13 -14 15 16 17 18 -19 20 0
20
t
v 1 -2 -3 4 -5 6 -7 -8 9 -10 -11 12 13 -14 -15 16 -17 18 -19 -20 0
19
t
v 1 2 -3 4 -5 6 7 8 9 10 -11 -12 13 14 -15 -16 -17 18 -19 20 0
22
t
v 1 -2 3 4 5 6 7 -8 9 -10 11 12 13 14 -15 -16 17 18 19 20 0
19
t
v 1 2 3 4 -5 -6 -7 8 9 10 11 -12 13 -14 -15 16 17 -18 19 -20 0
22
t
v -1 2 -3 -4 5 -6 7 -8 9 -10 11 -12 13 -14 15 16 17 -18 -19 -20 0
21
t
v 1 -2 -3 -4 5 6 7 8 -9 -10 11 -12 -13 -14 15 16 17 -18 19 -20 0
22
t
v -1 -2 -3 4 5 6 -7 -8 9 10 -11 12 -13 -14 -15 16 17 18 -19 -20 0
20
t
v 1 -2 3 4 5 6 7 -8 9 -10 11 12 -13 -14 15 16 -17 18 19 20 0
18
t
v -1 -2 -3 -4 5 -6 7 8 -9 10 11 12 -13 -14 15 -16 -17 18 19 20 0
23
t
v 1 -2 -3 4 -5 -6 -7 8 -9 -10 11 12 13 14 -15 -16 17 18 19 20 0
23
t
v -1 2 3 -4 -5 6 7 8 -9 10 -11 -12 -13 -14 15 -16 17 -18 19 -20 0
20
t
v -1 2 3 4 -5 6 7 8 -9 -10 11 -12 13 -14 15 16 -17 -18 19 20 0
18
t
v -1 -2 3 4 -5 -6 -7 8 -9 -10 11 -12 13 -14 -15 -16 17 -18 -19 -20 0
22
t
v -1 -2 -3 4 -5 6 7 -8 9 10 11 -12 13 -14 15 -16 17 18 19 -20 0
20
t
v 1 2 3 -4 -5 6 7 8 -9 10 -11 -12 -13 -14 -15 -16 17 18 19 20 0
19
t
v -1 -2 -3 -4 -5 -6 -7 -8 -9 -10 -11 12 -13 14 15 16 -17 -18 -19 -20 0
16
t
v 1 2 3 4 -5 6 7 8 9 -10 11 -12 13 14 15 -16 17 18 19 -20 0
20
t
v 1 -2 3 4 5 -6 -7 -8 -9 10 -11 12 13 -14 -15 16 17 -18 19 20 0
21
t
v 1 2 3 4 -5 6 -7 -8 9 10 11 -12 13 14 -15 16 17 18 -19 -20 0
21
t
v -1 2 3 4 5 -6 7 8 9 -10 -11 -12 -13 -14 15 -16 17 18 19 -20 0
21
t
v -1 2 3 4 -5 6 7 -8 9 10 -11 -12 -13 14 15 16 17 18 -19 20 0
23
t
v 1 2 3 -4 -5 6 -7 -8 9 10 -11 -12 13 -14 -15 16 -17 18 19 -20 0
20
t
v 1 -2 3 -4 5 6 -7 -8 -9 -10 -11 12 -13 14 15 -16 17 -18 19 -20 0
13
t
v 1 -2 -3 -4 5 6 7 -8 -9 -10 11 12 13 14 -15 16 17 -18 -19 20 0
19
t
v 1 2 3 -4 5 -6 7 8 -9 10 -11 -12 13 14 -15 -16 -17 18 -19 20 0
21
t
v -1 -2 -3 -4 -5 6 7 8 9 -10 11 -12 -13 14 15 16 17 18 -19 -20 0
21
t
v 1 2 3 -4 5 6 -7 -8 9 10 -11 12 13 -14 -15 16 17 18 -19 -20 0
23
t
v -1 2 -3 -4 -5 6 -7 -8 -9 10 11 12 13 -14 15 -16 -17 18 19 -20 0
21
t
v 1 2 3 -4 5 6 7 -8 9 10 11 12 -13 14 15 16 17 18 -19 20 0
23
t
v -1 2 3 4 -5 -6 -7 8 9 -10 11 12 13 -14 15 16 17 18 -19 -20 0
20
t
v -1 2 -3 4 5 6 -7 8 9 10 11 -12 -13 14 15 16 17 -18 19 20 0
21
t
v -1 -2 3 4 -5 -6 -7 8 9 10 -11 12 -13 -14 15 16 17 -18 -19 20 0
21
t
v 1 2 3 -4 5 -6 7 -8 -9 10 11 -12 13 14 -15 -16 -17 -18 19 20 0
21
t
v -1 -2 -3 4 -5 -6 7 -8 -9 10 -11 12 13 -14 -15 -16 17 18 -19 -20 0
22
t
v 1 2 -3 4 -5 -6 7 8 -9 -10 -11 12 -13 14 -15 -16 -17 18 -19 -20 0
21
t
v 1 -2 -3 -4 5 6 -7 -8 9 10 -11 -12 -13 -14 15 16 -17 18 19 20 0
21
t
v 1 -2 3 4 -5 6 -7 -8 -9 -10 -11 -12 -13 14 -15 16 -17 18 -19 20 0
18
t
v -1 2 3 -4 5 -6 7 8 9 -10 -11 -12 13 14 -15 -16 -17 -18 19 -20 0
19
t
v -1 2 -3 -4 -5 -6 7 -8 9 10 11 -12 -13 14 -15 -16 -17 18 -19 20 0
22
t
v -1 2 -3 4 5 -6 7 -8 9 10 11 12 -13 14 -15 -16 17 18 -19 20 0
19
t
v 1 -2 -3 4 -5 -6 -7 -8 9 10 11 12 13 14 -15 -16 -17 -18 19 20 0
18
t
v -1 -2 -3 4 -5 6 -7 8 9 -10 -11 12 13 -14 15 16 17 18 19 -20 0
22
t
v 1 2 3 -4 -5 -6 7 8 -9 10 11 -12 -13 -14 15 16 -17 -18 -19 -20 0
20
t
v -1 2 -3 4 -5 -6 -7 -8 -9 -10 11 -12 -13 -14 -15 16 17 -18 -19 -20 0
22
t
v 1 2 -3 -4 5 -6 -7 -8 9 -10 11 -12 -13 -14 15 16 17 -18 -19 20 0
21
t
v 1 -2 3 -4 5 6 7 8 9 10 11 -12 13 -14 15 16 -17 -18 -19 -20 0
20
t
v 1 -2 3 4 -5 -6 7 -8 -9 -10 11 -12 13 -14 15 16 17 18 -19 20 0
21
t
v 1 2 3 4 5 -6 7 -8 -9 10 11 -12 13 14 -15 16 -17 -18 -19 -20 0
18
t
v 1 2 3 4 -5 -6 7 -8 9 10 11 12 13 14 -15 16 17 18 -19 20 0
20
t
v -1 -2 -3 -4 5 -6 -7 -8 9 10 11 -12 -13 14 -15 16 17 -18 -19 -20 0
22
t
v -1 2 3 -4 -5 6 7 -8 -9 -10 11 -12 13 -14 15 16 17 -18 19 20 0
19
t
v 1 -2 -3 4 5 -6 7 -8 -9 -10 11 -12 13 14 15 16 17 18 -19 20 0
23
t
v 1 -2 3 -4 -5 -6 7 -8 -9 -10 11 12 -13 -14 -15 16 -17 18 -19 20 0
21
t
v 1 2 3 -4 -5 -6 -7 8 -9 10 -11 -12 -13 14 -15 16 -17 18 19 -20 0
24
t
v 1 -2 3 -4 -5 -6 7 -8 -9 10 -11 -12 -13 14 -15 16 17 18 -19 -20 0
23
t
v 1 2 -3 4 5 -6 -7 8 9 10 11 -12 13 -14 -15 -16 17 -18 19 -20 0
21
t
v -1 2 3 -4 -5 -6 -7 8 -9 -10 -11 -12 -13 14 15 16 17 -18 -19 -20 0
19
t
v 1 -2 -3 4 5 6 7 -8 9 10 11 -12 -13 -14 15 16 17 18 19 20 0
23
t
v -1 -2 -3 4 5 6 -7 -8 9 -10 -11 12 13 -14 15 16 17 -18 -19 -20 0
23
t
v -1 2 3 -4 5 6 -7 8 9 10 11 -12 -13 14 -15 16 -17 18 -19 -20 0
21
t
v -1 2 3 4 5 6 -7 -8 9 -10 -11 12 -13 14 -15 16 17 18 -19 -20 0
22
t
v 1 2 3 -4 5 -6 7 -8 -9 10 11 -12 13 -14 15 -16 -17 18 19 -20 0
20
t
v -1 2 3 -4 5 -6 7 8 9 10 -11 12 13 -14 15 16 -17 18 19 20 0
20
t
v -1 2 3 -4 5 6 -7 8 -9 -10 11 -12 -13 14 -15 -16 -17 -18 19 20 0
21
t
v 1 -2 -3 4 -5 6 -7 -8 9 10 11 -12 -13 14 -15 16 -17 18 -19 -20 0
24
t
v -1 2 -3 -4 5 -6 -7 -8 -9 -10 11 -12 -13 -14 15 16 17 -18 -19 -20 0
22
t
v -1 -2 3 -4 -5 6 7 -8 9 -10 -11 -12 -13 14 15 -16 -17 -18 19 20 0
19
t
v -1 -2 -3 -4 -5 6 7 -8 -9 -10 11 -12 -13 14 -15 16 -17 -18 -19 20 0
25
t
v 1 -2 -3 4 5 -6 7 -8 9 10 11 -12 13 -14 15 -16 -17 -18 -19 -20 0
25
t
v 1 -2 -3 -4 5 6 -7 -8 -9 -10 -11 12 -13 14 -15 -16 -17 18 -19 -20 0
25
t
v 1 -2 3 4 5 6 -7 8 9 -10 11 -12 -13 -14 15 16 -17 -18 -19 20 0
23
t
v -1 2 -3 4 -5 6 -7 -8 -9 -10 -11 12 13 14 -15 -16 -17 -18 -19 20 0
22
t
v -1 -2 -3 4 -5 6 7 8 9 10 -11 -12 -13 -14 15 16 17 -18 -19 -20 0
24
t
v 1 -2 -3 -4 -5 -6 -7 -8 -9 10 11 -12 13 -14 15 -16 -17 -18 19 20 0
23
t
v 1 2 -3 -4 -5 6 7 -8 9 -10 -11 -12 13 14 15 16 17 -18 19 20 0
20
t
v 1 -2 -3 4 5 -6 7 -8 9 -10 11 12 13 14 15 16 -17 18 -19 20 0
27
t
v -1 2 -3 4 5 6 7 -8 -9 -10 11 12 13 14 -15 -16 -17 18 -19 20 0
22
t
v -1 2 -3 -4 -5 -6 7 -8 9 -10 -11 12 -13 -14 -15 16 17 -18 19 20 0
20
t
v 1 -2 3 4 5 6 7 8 9 10 11 12 13 14 -15 16 -17 18 19 20 0
23
t
v -1 2 -3 -4 -5 -6 -7 8 -9 10 11 12 -13 -14 -15 16 -17 18 19 -20 0
21
t
v -1 -2 -3 -4 5 -6 7 8 -9 10 -11 12 13 -14 15 -16 17 18 19 20 0
24
t
v 1 2 3 4 5 -6 -7 -8 9 10 11 12 13 -14 -15 -16 17 18 -19 20 0
23
t
v -1 -2 3 4 -5 6 7 -8 9 10 -11 -12 13 -14 -15 16 17 -18 19 -20 0
23
t
v 1 2 -3 -4 5 6 -7 -8 9 -10 -11 -12 -13 -14 -15 16 17 18 -19 20 0
21
t
v 1 2 3 -4 -5 6 -7 -8 9 -10 11 -12 -13 14 15 16 -17 -18 19 20 0
22
t
v -1 2 3 4 5 -6 -7 8 9 10 -11 12 13 -14 15 16 17 18 19 20 0
24
t
v -1 -2 -3 -4 -5 6 -7 8 9 10 11 12 13 -14 -15 16 -17 18 -19 20 0
23
t
v 1 2 -3 4 -5 -6 -7 -8 -9 -10 -11 12 13 14 -15 -16 -17 18 -19 -20 0
29
t
v 1 2 -3 4 5 -6 7 8 9 -10 -11 12 13 -14 15 16 -17 -18 19 -20 0
23
t
v 1 2 -3 4 5 6 -7 8 -9 -10 -11 12 -13 -14 15 16 17 -18 -19 20 0
24
t
v 1 2 3 -4 5 -6 -7 8 9 10 11 -12 13 14 15 16 -17 -18 19 20 0
21
t
v -1 2 -3 -4 -5 6 7 8 -9 -10 11 12 -13 -14 -15 16 -17 -18 -19 -20 0
22
t
v 1 -2 3 4 5 6 7 -8 -9 -10 -11 12 13 -14 15 16 -17 18 -19 20 0
19
t
v 1 2 -3 -4 5 6 7 8 -9 -10 -11 -12 -13 -14 15 16 -17 18 -19 -20 0
23
t
v -1 -2 3 -4 -5 6 -7 -8 -9 10 11 12 13 -14 -15 -16 17 18 19 20 0
21
t
v 1 2 3 4 5 -6 -7 -8 9 -10 -11 -12 -13 14 -15 16 17 18 -19 20 0
25
t
v 1 2 3 4 -5 -6 7 8 -9 10 -11 12 13 -14 -15 16 -17 -18 19 -20 0
23
t
v -1 -2 -3 4 5 6 7 -8 9 -10 11 12 -13 -14 15 16 -17 -18 -19 -20 0
20
t
v -1 -2 3 4 5 -6 -7 8 -9 -10 -11 -12 -13 -14 15 -16 17 -18 19 20 0
29
t
v 1 2 3 -4 5 6 -7 -8 -9 -10 -11 12 13 -14 -15 -16 -17 -18 19 -20 0
22
t
v -1 2 -3 4 5 -6 7 8 9 10 11 12 13 -14 15 16 -17 -18 19 20 0
22
t
v 1 2 3 -4 5 6 -7 8 -9 10 -11 -12 13 -14 15 -16 17 -18 19 -20 0
21
t
v -1 -2 -3 -4 5 6 7 8 -9 10 11 -12 -13 -14 15 -16 -17 18 19 -20 0
25
t
v 1 2 -3 -4 -5 -6 7 8 9 -10 -11 -12 -13 14 -15 -16 -17 18 19 -20 0
24
t
v 1 2 -3 -4 -5 -6 -7 8 -9 -10 11 12 -13 -14 -15 -16 -17 18 -19 -20 0
24
t
v -1 -2 -3 -4 -5 -6 -7 8 -9 10 11 -12 13 14 -15 16 17 -18 -19 -20 0
21
t
v -1 2 3 -4 -5 -6 7 8 -9 10 -11 -12 -13 -14 -15 -16 17 18 19 20 0
23
t
v 1 2 -3 4 5 -6 -7 -8 9 10 -11 -12 -13 14 -15 -16 17 18 -19 -20 0
26
t
v 1 2 -3 -4 -5 -6 7 -8 -9 -10 -11 12 -13 -14 -15 16 17 18 -19 20 0
21
t
v 1 2 -3 4 5 -6 -7 -8 9 -10 -11 12 13 14 15 -16 17 18 -19 20 0
24
t
v -1 -2 -3 4 -5 -6 -7 -8 9 10 -11 12 13 14 -15 -16 -17 -18 -19 -20 0
23
t
v 1 -2 -3 -4 5 6 7 8 -9 10 11 -12 -13 -14 -15 -16 -17 18 -19 20 0
23
t
v -1 -2 -3 4 -5 6 -7 -8 9 10 11 -12 13 -14 15 16 17 -18 -19 20 0
21
t
v -1 -2 -3 4 5 6 7 8 9 10 11 12 13 -14 -15 -16 17 -18 19 -20 0
24
t
v 1 -2 -3 4 5 -6 7 -8 9 -10 11 12 13 -14 15 16 -17 18 19 -20 0
24
t
v -1 2 3 -4 -5 6 7 8 9 10 -11 -12 -13 14 -15 -16 17 -18 19 -20 0
21
t
v -1 2 -3 4 -5 6 7 -8 9 -10 11 -12 13 -14 -15 -16 17 -18 19 20 0
26
t
v -1 2 3 4 -5 -6 -7 8 -9 -10 -11 12 -13 -14 -15 16 -17 -18 -19 -20 0
27
t
v 1 -2 3 -4 5 6 7 -8 -9 -10 -11 -12 13 14 15 16 -17 18 19 20 0
23
t
v -1 -2 3 4 5 -6 -7 8 9 -10 11 -12 -13 -14 -15 16 17 -18 19 -20 0
27
t
v -1 -2 3 -4 -5 6 -7 -8 9 -10 -11 -12 13 14 -15 16 17 -18 -19 20 0
23
t
v 1 2 -3 4 5 -6 -7 8 -9 -10 11 -12 13 -14 15 16 17 -18 19 -20 0
27
t
v 1 -2 3 4 5 6 7 -8 9 -10 -11 -12 13 -14 -15 16 -17 18 -19 20 0
23
t
v 1 2 -3 4 5 6 7 8 -9 10 11 12 13 -14 -15 -16 17 -18 19 20 0
25
t
v -1 2 -3 -4 -5 -6 -7 8 -9 -10 11 -12 -13 14 15 16 17 18 -19 20 0
24
t
v 1 2 3 4 -5 -6 -7 -8 9 10 -11 12 -13 14 -15 -16 -17 18 -19 -20 0
23
t
v 1 2 -3 -4 -5 6 7 -8 -9 -10 -11 12 -13 -14 15 16 17 18 -19 -20 0
23
t
v -1 2 -3 -4 -5 -6 -7 -8 9 10 -11 -12 13 -14 -15 16 17 18 -19 -20 0
25
t
v 1 2 3 -4 5 -6 -7 8 -9 10 -11 12 -13 14 -15 -16 17 -18 19 20 0
20
t
v -1 -2 -3 4 -5 -6 7 8 -9 10 11 12 13 -14 15 -16 17 -18 19 20 0
22
t
v 1 2 3 4 -5 6 -7 8 9 10 11 12 13 14 -15 16 -17 -18 -19 -20 0
23
t
v 1 2 -3 4 -5 -6 7 8 9 -10 11 12 13 -14 -15 -16 -17 18 -19 20 0
22
t
v 1 -2 3 4 5 -6 -7 8 9 -10 -11 12 13 -14 15 -16 17 18 -19 20 0
19
t
v -1 2 -3 -4 -5 -6 -7 8 -9 -10 11 -12 -13 -14 15 -16 -17 -18 -19 -20 0
22
t
v 1 -2 -3 -4 5 -6 -7 8 9 -10 11 12 -13 -14 -15 -16 17 18 -19 20 0
20
t
v -1 2 3 -4 -5 6 7 8 -9 10 11 -12 13 -14 15 -16 17 -18 19 20 0
23
t
v -1 2 -3 4 5 -6 7 -8 -9 10 -11 12 -13 -14 15 16 -17 18 -19 -20 0
25
t
v -1 2 3 -4 5 6 7 -8 -9 -10 -11 12 13 -14 15 16 17 18 19 -20 0
23
t
v 1 -2 -3 4 5 -6 -7 8 9 10 11 12 -13 -14 15 16 17 -18 19 20 0
22
t
v -1 -2 -3 -4 -5 -6 7 -8 -9 -10 -11 -12 13 14 -15 -16 -17 -18 -19 20 0
23
t
v 1 -2 3 -4 -5 6 -7 -8 -9 10 -11 -12 13 14 15 -16 17 -18 19 20 0
21
t
v 1 -2 -3 -4 5 -6 7 -8 9 10 -11 -12 13 -14 -15 -16 17 18 19 20 0
22
t
v -1 -2 -3 4 -5 -6 7 -8 9 -10 11 12 -13 14 -15 16 17 -18 -19 -20 0
19
t
v 1 2 -3 4 -5 -6 7 -8 -9 -10 -11 -12 -13 -14 -15 -16 -17 18 -19 20 0
22
t
v 1 -2 -3 4 -5 -6 7 8 -9 10 11 -12 -13 -14 15 -16 -17 18 -19 20 0
28
t
v -1 -2 -3 -4 5 -6 7 8 9 -10 11 -12 -13 -14 -15 16 -17 18 -19 20 0
21
t
v 1 2 -3 -4 5 6 7 8 -9 -10 11 -12 -13 14 -15 -16 17 18 19 20 0
23
t
v 1 2 -3 4 5 6 -7 8 -9 -10 11 12 13 -14 15 -16 17 -18 19 -20 0
25
t
v 1 2 3 -4 5 6 -7 8 -9 10 11 12 -13 -14 -15 -16 17 18 -19 -20 0
21
t
v 1 2 -3 4 5 6 -7 -8 -9 -10 -11 12 13 14 -15 -16 17 18 19 20 0
22
t
v -1 -2 3 4 5 6 7 8 -9 -10 11 -12 -13 -14 15 -16 17 18 19 20 0
24
t
v 1 -2 -3 -4 5 -6 7 -8 -9 10 -11 12 13 -14 -15 16 -17 18 19 -20 0
20
t
v -1 -2 3 4 5 -6 7 -8 -9 10 11 12 -13 -14 15 16 -17 -18 19 -20 0
23
t
v 1 -2 -3 4 -5 6 7 8 -9 -10 -11 -12 -13 14 -15 16 -17 18 19 20 0
22
t
v -1 -2 3 4 5 6 7 8 9 10 -11 -12 13 -14 15 -16 -17 18 19 -20 0
20
t
v -1 2 3 4 5 -6 7 8 9 10 -11 -12 13 -14 15 -16 17 18 -19 -20 0
19
t
v 1 2 -3 4 -5 6 -7 8 9 -10 11 -12 -13 -14 -15 16 -17 18 19 -20 0
23
t
v 1 2 -3 -4 5 -6 7 8 -9 -10 11 -12 -13 14 15 16 -17 -18 -19 -20 0
28
t
v -1 2 -3 -4 -5 6 7 8 9 10 -11 12 13 14 -15 -16 -17 18 19 -20 0
28
t
v 1 2 3 -4 -5 6 7 8 9 10 -11 12 13 -14 15 16 17 18 -19 20 0
22
t
v -1 2 -3 -4 5 6 7 8 -9 -10 11 12 13 14 15 16 -17 -18 -19 -20 0
20
t
v 1 -2 3 4 -5 6 -7 -8 -9 -10 -11 -12 13 -14 -15 16 -17 -18 -19 -20 0
22
t
v 1 -2 3 -4 -5 6 -7 8 -9 -10 11 -12 13 14 15 -16 -17 18 19 -20 0
20
t
v 1 2 3 -4 -5 -6 7 -8 9 -10 11 12 13 -14 15 -16 -17 -18 -19 20 0
21
t
v -1 2 3 4 -5 6 -7 8 9 10 -11 12 -13 14 -15 16 -17 -18 19 -20 0
22
t
v 1 2 3 -4 -5 -6 -7 8 -9 10 11 -12 -13 -14 15 16 17 18 -19 20 0
21
t
v 1 2 3 -4 -5 -6 7 8 9 -10 11 -12 13 14 15 16 -17 -18 -19 -20 0
21
t
v 1 -2 -3 4 5 -6 -7 8 -9 -10 -11 -12 13 -14 -15 16 -17 18 -19 20 0
22
t
v 1 -2 3 4 5 -6 7 8 -9 10 -11 12 -13 -14 -15 16 17 -18 19 20 0
21
t
v -1 2 3 4 5 6 7 8 -9 -10 -11 12 -13 -14 15 -16 -17 18 -19 -20 0
23
t
v 1 2 3 4 5 -6 -7 -8 9 10 11 -12 13 -14 -15 -16 17 -18 -19 -20 0
21
t
v -1 -2 -3 4 -5 6 7 8 -9 10 -11 12 -13 -14 15 -16 -17 18 19 20 0
23
t
v 1 -2 -3 4 -5 -6 -7 -8 -9 -10 11 12 -13 -14 15 16 -17 -18 19 -20 0
20
t
v -1 -2 3 4 -5 6 -7 -8 9 -10 11 12 13 -14 -15 -16 17 18 -19 20 0
23
t
v 1 -2 3 4 5 6 7 8 9 10 11 12 -13 -14 -15 -16 -17 18 -19 20 0
23
t
v -1 -2 3 -4 -5 -6 7 -8 9 10 -11 -12 13 14 -15 -16 -17 18 -19 -20 0
19
t
v -1 2 3 4 5 -6 7 -8 -9 10 -11 12 13 14 15 16 -17 -18 19 20 0
20
t
v 1 2 -3 4 -5 -6 7 -8 -9 10 -11 -12 -13 -14 15 -16 17 -18 19 -20 0
23
t
v -1 2 3 4 5 6 7 8 -9 10 -11 -12 -13 -14 -15 16 17 -18 -19 -20 0
19
t
v -1 -2 3 -4 -5 6 -7 8 -9 -10 -11 -12 -13 -14 -15 -16 17 18 19 -20 0
21
t
v -1 2 -3 -4 -5 -6 -7 8 -9 -10 -11 12 -13 -14 -15 -16 17 -18 -19 20 0
21
t
v -1 -2 -3 4 -5 6 -7 8 9 -10 -11 12 -13 -14 -15 -16 17 18 19 -20 0
22
t
v 1 -2 3 4 -5 -6 -7 8 -9 -10 -11 -12 -13 -14 15 16 17 18 19 20 0
20
t
v 1 2 -3 4 5 -6 -7 8 -9 -10 11 -12 13 -14 -15 16 17 -18 -19 -20 0
23
t
v -1 -2 -3 -4 -5 6 7 -8 -9 10 -11 -12 -13 14 15 16 -17 -18 -19 -20 0
21
t
v 1 -2 -3 -4 5 -6 7 -8 -9 10 -11 12 13 14 -15 16 -17 18 19 20 0
22
t
v -1 -2 3 4 -5 -6 -7 8 -9 -10 -11 12 13 14 15 -16 17 -18 -19 -20 0
20
t
v -1 2 -3 -4 -5 6 7 -8 9 -10 -11 12 -13 -14 15 -16 -17 -18 -19 -20 0
22
t
v 1 -2 -3 4 5 -6 7 8 9 -10 -11 12 -13 14 -15 -16 17 18 19 -20 0
21
t
v -1 2 -3 -4 5 6 7 8 9 -10 -11 -12 13 14 -15 -16 -17 -18 -19 -20 0
21
t
v 1 2 3 -4 5 6 -7 8 9 10 -11 -12 -13 -14 -15 -16 17 -18 19 -20 0
22
t
v 1 -2 -3 -4 5 6 -7 8 -9 -10 11 12 13 14 -15 16 -17 18 -19 -20 0
23
t
v 1 2 3 -4 5 6 7 -8 9 10 11 -12 -13 -14 15 16 -17 -18 19 -20 0
21
t
v -1 2 -3 4 5 -6 7 8 -9 -10 -11 -12 -13 14 15 -16 -17 -18 -19 20 0
23
t
v -1 -2 -3 4 -5 6 -7 8 -9 10 11 12 13 14 -15 16 17 -18 -19 -20 0
19
t
v 1 -2 -3 4 -5 -6 -7 8 -9 10 11 -12 -13 14 15 16 17 18 19 20 0
21
t
v -1 2 3 4 -5 -6 7 8 -9 -10 11 12 13 14 -15 -16 17 -18 -19 20 0
15
t
v -1 2 -3 4 5 -6 -7 8 -9 -10 11 12 13 -14 -15 -16 -17 18 19 20 0
23
t
v 1 2 -3 4 5 6 7 8 -9 -10 -11 -12 -13 14 15 -16 17 18 19 20 0
23
t
v 1 -2 3 4 -5 6 -7 -8 -9 10 11 -12 13 14 15 -16 17 18 19 20 0
21
t
v 1 2 -3 -4 5 6 7 -8 9 10 11 12 13 14 15 16 17 -18 -19 20 0
22
t
v 1 2 -3 -4 -5 -6 -7 -8 -9 -10 -11 -12 -13 14 -15 -16 -17 -18 19 20 0
20
t
v 1 2 -3 -4 -5 6 7 -8 9 -10 -11 -12 13 -14 -15 -16 -17 18 19 -20 0
22
t
v -1 2 -3 -4 5 -6 7 -8 -9 10 11 12 -13 14 -15 -16 17 18 -19 -20 0
22
t
v -1 2 3 4 5 -6 7 8 -9 10 11 -12 13 14 -15 16 -17 -18 19 20 0
26
t
v -1 2 -3 4 -5 -6 -7 -8 9 10 11 12 -13 -14 15 16 -17 -18 -19 20 0
26
t
v -1 -2 -3 -4 5 6 -7 -8 -9 10 -11 12 13 -14 15 -16 17 18 -19 20 0
27
t
v -1 2 -3 -4 5 6 7 8 9 -10 -11 12 13 -14 -15 -16 17 18 -19 20 0
26
t
v 1 -2 3 -4 -5 6 -7 8 -9 10 -11 -12 13 14 15 -16 -17 18 19 -20 0
23
t
v -1 -2 3 -4 5 6 7 8 -9 10 11 12 13 -14 15 16 -17 -18 19 20 0
22
t
v 1 2 3 4 5 -6 -7 8 9 10 11 12 -13 14 -15 -16 17 -18 -19 -20 0
21
t
v -1 -2 -3 4 -5 6 -7 8 9 10 -11 12 13 -14 -15 16 17 -18 19 -20 0
21
t
v -1 -2 3 -4 5 -6 7 8 -9 10 -11 12 -13 -14 15 -16 17 -18 -19 20 0
22
t
v -1 2 -3 4 -5 -6 -7 -8 -9 -10 -11 12 13 14 -15 -16 17 18 -19 20 0
19
t
v 1 -2 3 4 5 6 7 8 9 10 -11 -12 13 -14 -15 -16 17 18 -19 -20 0
22
t
v -1 2 -3 -4 -5 6 -7 -8 9 10 11 12 13 -14 15 -16 -17 18 -19 20 0
20
t
v -1 -2 3 -4 -5 -6 -7 8 -9 10 11 -12 13 14 15 16 17 18 19 20 0
23
t
v -1 -2 3 -4 -5 -6 -7 8 9 10 11 12 -13 -14 15 16 17 18 -19 -20 0
24
t
v -1 -2 -3 -4 -5 -6 7 -8 -9 10 -11 12 -13 -14 -15 16 -17 18 19 20 0
23
t
v -1 -2 -3 4 -5 6 7 8 -9 10 -11 12 -13 -14 -15 16 -17 18 -19 20 0
22
t
v -1 2 3 4 5 -6 7 -8 -9 -10 11 12 -13 -14 15 16 17 18 19 20 0
19
t
v 1 2 3 -4 -5 6 7 -8 9 -10 -11 -12 -13 14 15 -16 -17 -18 -19 20 0
25
t
v 1 -2 -3 -4 5 -6 -7 -8 9 -10 -11 12 13 14 -15 16 -17 -18 19 20 0
23
t
v -1 -2 -3 4 5 -6 7 -8 9 -10 11 -12 -13 14 15 -16 -17 -18 -19 20 0
24
t
v -1 2 3 4 5 -6 -7 8 -9 10 11 -12 13 14 -15 -16 -17 18 -19 20 0
22
t
v 1 -2 3 4 5 6 -7 -8 -9 10 -11 12 13 14 15 -16 17 -18 19 -20 0
22
t
v 1 2 3 4 -5 6 -7 8 -9 10 11 12 -13 14 -15 -16 17 -18 -19 20 0
20
t
v 1 -2 3 4 5 -6 7 8 9 10 -11 12 13 14 -15 -16 -17 18 -19 20 0
22
t
v 1 -2 -3 -4 -5 6 7 8 9 10 11 12 -13 -14 15 16 -17 18 -19 20 0
21
t
v -1 2 3 4 5 -6 7 8 9 -10 11 -12 -13 -14 -15 16 17 -18 19 20 0
23
t
v 1 -2 -3 -4 5 6 7 8 9 -10 11 -12 -13 -14 15 16 17 -18 19 20 0
19
t
v 1 2 -3 -4 5 6 7 8 9 -10 -11 12 -13 14 -15 16 17 -18 19 -20 0
22
t
v 1 2 3 4 -5 6 7 -8 -9 10 11 12 -13 14 15 -16 17 -18 -19 -20 0
21
t
v 1 -2 3 -4 5 6 -7 8 -9 10 -11 12 13 14 15 16 17 -18 19 20 0
19
t
v 1 2 -3 4 -5 -6 7 8 -9 -10 11 12 13 -14 -15 16 -17 -18 19 -20 0
22
t
v 1 2 3 -4 5 6 -7 -8 -9 -10 11 -12 13 14 15 16 17 -18 -19 -20 0
21
t
v 1 -2 3 4 5 6 -7 -8 -9 10 11 12 13 14 15 16 17 18 19 20 0
23
t
v 1 2 3 -4 5 -6 7 8 -9 10 -11 12 13 -14 15 16 -17 18 -19 -20 0
20
t
v 1 2 3 4 -5 -6 7 8 -9 -10 -11 12 13 14 -15 16 -17 18 -19 20 0
24
t
v -1 -2 3 4 -5 6 7 8 9 10 11 -12 13 14 -15 16 17 -18 -19 20 0
25
t
v -1 2 -3 4 5 6 -7 -8 9 10 -11 -12 13 14 -15 -16 -17 18 19 -20 0
25
t
v -1 2 -3 -4 -5 6 7 8 -9 -10 11 12 13 14 15 -16 -17 18 19 -20 0
23
t
v -1 -2 3 4 -5 6 -7 -8 9 10 11 12 -13 14 15 16 -17 -18 19 -20 0
21
t
v -1 -2 3 4 -5 6 -7 8 -9 10 -11 12 13 14 -15 16 -17 18 19 20 0
22
t
v -1 2 3 4 5 -6 -7 -8 9 -10 -11 -12 -13 -14 -15 16 17 -18 -19 20 0
20
t
v -1 -2 -3 -4 -5 -6 -7 8 -9 10 -11 -12 13 -14 -15 16 -17 18 -19 20 0
23
t
v 1 2 -3 -4 5 -6 -7 8 9 10 -11 -12 -13 14 15 16 -17 18 -19 -20 0
20
t
v -1 2 -3 -4 -5 -6 7 -8 -9 -10 -11 -12 -13 14 15 -16 -17 -18 -19 20 0
18
t
v -1 -2 -3 -4 -5 6 7 8 -9 -10 -11 -12 13 -14 -15 16 17 18 -19 -20 0
22
t
v -1 -2 -3 4 5 -6 7 -8 9 -10 11 12 -13 14 15 16 17 18 -19 -20 0
22
t
v 1 -2 3 4 -5 -6 7 8 -9 -10 -11 12 -13 -14 -15 -16 17 18 19 20 0
22
t
v -1 2 3 -4 -5 6 -7 8 9 10 -11 12 -13 -14 15 -16 17 -18 -19 20 0
23
t
v -1 2 -3 -4 -5 -6 7 -8 -9 10 11 -12 -13 14 -15 16 -17 18 -19 20 0
23
t
v 1 2 -3 4 5 6 7 8 9 -10 11 -12 -13 -14 15 -16 17 18 -19 -20 0
23
t
v 1 -2 3 4 -5 6 7 -8 9 -10 11 12 13 14 15 16 -17 -18 -19 20 0
21
t
v 1 2 3 -4 -5 -6 7 -8 -9 10 11 12 -13 -14 15 16 -17 -18 -19 20 0
22
t
v -1 2 -3 4 -5 -6 7 -8 9 10 -11 -12 13 -14 15 -16 -17 18 19 -20 0
20
t
v 1 -2 3 -4 5 6 -7 -8 -9 -10 11 -12 13 -14 15 16 17 18 19 -20 0
19
t
v 1 2 3 -4 -5 -6 7 8 -9 10 11 12 -13 -14 -15 -16 17 18 -19 20 0
22
t
v 1 2 -3 4 -5 -6 -7 -8 9 -10 -11 12 13 14 15 -16 17 18 19 20 0
25
t
v 1 2 3 -4 5 6 7 -8 -9 10 -11 12 -13 14 15 -16 17 -18 -19 -20 0
25
t
v 1 -2 3 -4 -5 6 -7 8 9 10 11 12 13 -14 15 -16 -17 18 -19 20 0
23
t
v -1 -2 3 -4 5 6 7 8 9 -10 11 12 -13 14 15 16 -17 18 19 -20 0
29
t
v -1 2 3 -4 5 -6 7 8 -9 10 -11 12 -13 14 -15 16 17 18 -19 -20 0
26
t
v -1 2 3 -4 -5 6 -7 8 -9 -10 11 12 13 14 15 16 -17 18 19 20 0
22
t
v -1 -2 -3 4 -5 6 -7 8 -9 10 11 -12 13 -14 -15 16 17 -18 19 -20 0
21
t
v 1 -2 -3 4 -5 6 7 -8 9 -10 11 12 -13 14 15 -16 17 -18 19 20 0
19
t
v 1 2 3 4 -5 6 -7 -8 9 -10 -11 -12 13 -14 -15 16 17 -18 19 20 0
22
t
v 1 -2 3 4 -5 6 -7 -8 -9 -10 -11 -12 -13 14 15 -16 -17 18 19 20 0
20
t
v -1 -2 -3 4 -5 -6 -7 -8 -9 10 -11 -12 -13 -14 -15 -16 -17 -18 -19 20 0
23
t
v -1 2 -3 4 -5 6 -7 8 -9 10 11 -12 -13 14 15 16 -17 18 19 -20 0
20
t
v -1 2 3 4 5 -6 -7 8 -9 10 11 -12 -13 -14 -15 -16 17 -18 19 -20 0
19
t
v -1 -2 3 4 5 6 7 -8 -9 10 -11 12 13 -14 -15 16 17 18 19 -20 0
22
t
v 1 -2 -3 4 5 -6 7 8 9 -10 -11 12 -13 -14 15 16 -17 18 -19 -20 0
20
t
v -1 2 3 4 -5 6 -7 -8 -9 -10 11 12 -13 -14 -15 16 17 -18 -19 20 0
24
t
v 1 2 3 4 -5 6 7 -8 -9 -10 -11 12 -13 -14 -15 -16 -17 18 19 -20 0
19
t
v -1 2 -3 4 5 -6 7 8 9 -10 11 12 13 -14 -15 16 -17 -18 -19 20 0
22
t
v -1 2 3 -4 5 -6 7 8 9 10 11 12 -13 -14 15 -16 -17 18 -19 -20 0
21
t
v -1 -2 3 4 -5 -6 7 -8 -9 10 -11 12 -13 -14 -15 -16 17 -18 -19 20 0
19
t
v 1 2 3 4 5 -6 7 -8 9 -10 11 -12 -13 14 15 -16 -17 -18 19 20 0
18
t
v -1 -2 3 -4 -5 6 7 8 -9 10 11 12 13 14 15 16 17 -18 19 -20 0
26
t
v -1 -2 -3 -4 5 6 -7 8 9 10 -11 12 -13 14 -15 -16 17 18 19 20 0
22
t
v 1 2 3 -4 5 -6 7 -8 9 10 11 -12 -13 14 -15 16 -17 18 19 20 0
19
t
v 1 2 3 4 -5 -6 7 -8 -9 10 11 -12 13 -14 15 16 -17 -18 -19 20 0
25
t
v -1 2 3 -4 5 -6 7 8 9 10 -11 -12 13 14 -15 16 17 18 -19 20 0
22
t
v 1 -2 3 4 5 -6 7 -8 9 -10 -11 12 13 -14 15 16 17 18 -19 -20 0
20
t
v 1 2 3 -4 -5 -6 7 8 9 -10 -11 12 -13 -14 15 -16 17 18 -19 -20 0
22
t
v 1 2 -3 -4 -5 6 -7 8 -9 10 11 12 13 -14 15 16 -17 18 19 20 0
21
t
v -1 -2 -3 4 -5 -6 7 8 9 10 -11 -12 13 -14 15 -16 -17 18 -19 20 0
19
t
v -1 -2 3 -4 5 -6 -7 -8 9 -10 -11 -12 13 14 15 16 -17 -18 19 20 0
27
t
v 1 -2 -3 4 -5 6 7 8 9 -10 -11 -12 -13 -14 15 -16 -17 18 19 -20 0
22
t
v 1 2 -3 -4 5 -6 -7 8 9 -10 -11 -12 13 -14 15 16 17 18 19 -20 0
20
t
v 1 2 -3 4 -5 6 -7 -8 -9 10 -11 -12 -13 -14 -15 16 17 18 -19 20 0
22
t
v -1 -2 3 -4 5 6 7 8 -9 -10 -11 12 13 14 -15 16 17 18 19 -20 0
21
t
v -1 -2 3 -4 5 6 -7 8 -9 -10 11 -12 -13 -14 15 -16 17 -18 -19 -20 0
18
t
v -1 -2 3 -4 -5 -6 7 -8 9 -10 11 -12 13 -14 15 -16 -17 -18 19 -20 0
22
t
v -1 2 -3 -4 5 -6 7 8 9 10 11 -12 13 -14 15 -16 17 -18 19 20 0
21
t
v 1 -2 3 4 5 -6 -7 -8 9 -10 -11 -12 -13 14 -15 -16 17 18 19 20 0
19
t
v -1 2 -3 -4 5 -6 7 -8 9 10 11 -12 13 14 15 16 17 18 19 20 0
24
t
v 1 -2 -3 -4 5 -6 -7 -8 9 10 11 12 -13 14 15 -16 -17 -18 -19 20 0
20
t
v 1 -2 3 -4 5 -6 -7 -8 -9 10 -11 12 13 -14 15 -16 17 -18 19 20 0
23
t
v -1 -2 3 -4 -5 6 7 8 9 10 11 -12 -13 14 -15 16 -17 18 19 20 0
20
t
v 1 -2 -3 4 5 -6 -7 8 9 -10 -11 12 -13 14 -15 -16 -17 18 -19 20 0
21
t
v 1 2 -3 -4 5 -6 -7 -8 9 -10 -11 12 13 14 -15 -16 -17 -18 19 20 0
23
t
v -1 -2 -3 4 -5 -6 7 8 -9 -10 11 12 13 -14 15 -16 17 -18 -19 -20 0
21
t
v -1 -2 3 4 5 6 -7 -8 -9 10 11 -12 -13 14 15 16 17 -18 19 -20 0
24
t
v -1 2 3 -4 -5 -6 -7 -8 9 -10 11 -12 13 -14 15 16 -17 -18 -19 20 0
20
t
v 1 -2 3 4 -5 6 -7 -8 9 -10 -11 -12 13 -14 15 -16 -17 -18 -19 20 0
22
t
v -1 -2 3 -4 5 6 -7 8 -9 -10 -11 12 -13 -14 -15 16 17 -18 19 -20 0
20
t
v -1 2 -3 -4 -5 6 7 -8 9 10 -11 -12 13 14 -15 16 -17 -18 19 -20 0
22
t
v 1 2 -3 -4 5 6 7 8 9 10 11 12 13 14 -15 -16 17 -18 19 -20 0
21
t
v -1 2 3 -4 -5 -6 -7 -8 -9 10 -11 12 -13 -14 -15 16 -17 18 19 20 0
19
t
v 1 -2 -3 4 -5 6 -7 8 9 10 11 -12 13 14 -15 16 17 -18 -19 20 0
22
t
v 1 2 -3 4 -5 -6 -7 -8 -9 10 -11 12 13 14 -15 -16 -17 18 19 -20 0
21
t
v -1 -2 3 -4 -5 -6 -7 -8 9 -10 -11 12 13 -14 -15 16 17 -18 -19 -20 0
22
t
v 1 2 3 4 5 6 -7 -8 9 -10 -11 12 -13 14 -15 -16 -17 -18 19 20 0
21
t
v 1 2 3 4 5 -6 7 8 9 -10 11 12 -13 14 15 16 -17 -18 19 20 0
22
t
v 1 -2 -3 4 -5 6 7 8 9 10 11 -12 -13 14 15 16 -17 -18 -19 20 0
21
t
v -1 2 3 4 -5 6 -7 8 9 -10 11 12 -13 14 15 16 -17 -18 19 20 0
19
t
v 1 -2 3 4 -5 6 -7 -8 -9 10 11 -12 -13 14 15 16 -17 -18 -19 20 0
22
t
v -1 -2 -3 -4 5 6 7 8 9 -10 11 12 13 -14 -15 -16 17 18 19 -20 0
20
t
v 1 2 -3 -4 5 6 -7 8 -9 -10 -11 -12 13 -14 15 16 -17 -18 -19 -20 0
22
t
v 1 2 3 4 5 6 7 -8 -9 10 -11 -12 13 -14 15 16 17 18 -19 -20 0
22
t
v -1 -2 3 -4 -5 6 7 8 -9 -10 11 -12 13 -14 15 16 -17 18 -19 -20 0
25
t
v 1 2 -3 -4 -5 6 -7 -8 -9 10 -11 12 13 -14 15 16 -17 -18 19 20 0
22
t
v 1 -2 3 -4 5 6 -7 8 9 10 11 -12 -13 14 15 -16 -17 18 -19 20 0
22
t
v 1 2 3 4 5 -6 7 8 9 10 -11 -12 13 -14 15 16 17 18 19 -20 0
22
t
v -1 2 -3 -4 -5 6 -7 8 -9 10 -11 -12 -13 14 15 -16 17 -18 19 20 0
22
t
v 1 -2 3 -4 5 6 -7 -8 -9 10 -11 12 -13 14 -15 16 -17 18 19 -20 0
20
t
v -1 -2 -3 4 5 6 -7 -8 9 -10 11 12 -13 14 -15 16 -17 -18 19 20 0
20
t
v -1 -2 -3 4 5 6 -7 -8 -9 -10 -11 12 13 14 -15 16 17 -18 19 20 0
22
t
v 1 -2 -3 -4 -5 -6 7 8 -9 -10 -11 12 -13 14 15 -16 -17 18 -19 -20 0
19
t
v -1 -2 3 -4 5 6 7 8 9 -10 -11 12 13 14 -15 16 17 -18 19 -20 0
22
t
v 1 -2 3 4 -5 6 -7 8 9 -10 -11 -12 13 -14 -15 -16 -17 18 -19 20 0
21
t
v -1 -2 3 4 5 -6 7 8 9 10 -11 12 13 14 -15 -16 -17 18 19 20 0
19
t
v 1 -2 -3 -4 5 6 -7 -8 -9 10 11 12 -13 14 15 16 17 -18 -19 20 0
22
t
v 1 -2 -3 4 -5 -6 7 -8 9 -10 -11 12 13 14 15 -16 -17 -18 19 -20 0
20
t
v 1 -2 -3 -4 -5 6 -7 8 9 10 -11 12 -13 14 -15 -16 17 -18 -19 -20 0
20
t
v -1 2 -3 4 -5 -6 7 8 -9 10 -11 12 -13 -14 15 -16 17 -18 -19 20 0
25
t
v -1 2 3 -4 5 6 -7 -8 -9 10 11 -12 13 -14 15 16 -17 -18 -19 20 0
22
t
v -1 2 -3 -4 -5 -6 7 8 -9 10 -11 12 -13 14 -15 -16 -17 -18 -19 20 0
20
t
v 1 2 -3 4 5 6 -7 -8 -9 10 11 -12 -13 -14 -15 16 17 -18 19 -20 0
19
t
v -1 2 3 4 -5 6 -7 8 9 -10 11 12 -13 -14 -15 16 17 18 19 20 0
22
t
v -1 -2 3 4 5 6 7 -8 9 -10 -11 -12 13 -14 -15 16 17 18 19 20 0
19
t
v -1 2 -3 4 5 -6 7 8 9 -10 11 12 13 -14 15 -16 -17 18 -19 -20 0
25
t
v 1 -2 3 -4 -5 6 7 -8 -9 -10 -11 -12 -13 -14 15 -16 17 -18 -19 -20 0
20
t
v 1 2 -3 4 -5 6 7 8 9 -10 -11 -12 -13 14 -15 16 -17 -18 19 -20 0
22
t
v 1 -2 3 4 5 6 -7 8 9 -10 11 12 -13 -14 -15 -16 17 -18 19 20 0
20
t
v -1 2 -3 4 -5 6 -7 -8 -9 10 -11 12 -13 14 15 -16 -17 -18 -19 -20 0
19
t
v -1 -2 3 4 -5 6 -7 8 9 10 -11 -12 -13 14 -15 -16 17 -18 -19 20 0
22
t
v -1 2 3 -4 5 6 7 8 9 -10 -11 -12 -13 -14 15 -16 -17 18 19 20 0
20
t
v 1 2 3 -4 5 6 7 -8 9 10 -11 12 -13 -14 15 16 -17 -18 -19 20 0
22
t
v -1 -2 3 4 -5 -6 7 -8 -9 -10 11 12 13 -14 -15 16 17 18 -19 20 0
23
t
v -1 2 -3 4 -5 -6 7 -8 -9 -10 -11 12 13 -14 -15 -16 -17 18 19 -20 0
22
t
v 1 -2 3 4 -5 6 7 8 9 10 -11 -12 -13 14 15 16 17 -18 -19 -20 0
22
t
v -1 2 -3 4 -5 -6 -7 8 9 -10 11 -12 13 -14 -15 -16 17 18 19 -20 0
21
t
v 1 -2 -3 4 5 6 7 8 -9 10 -11 12 13 -14 15 16 17 18 -19 -20 0
19
t
v -1 2 3 4 5 -6 -7 8 9 10 11 -12 13 14 -15 16 -17 -18 -19 -20 0
22
t
v -1 2 -3 -4 -5 -6 -7 -8 -9 10 -11 -12 13 14 -15 -16 17 18 -19 20 0
21
t
v -1 -2 -3 4 5 6 -7 -8 -9 -10 11 12 13 14 15 16 17 -18 -19 -20 0
18
t
v -1 -2 3 4 -5 -6 -7 8 -9 -10 -11 12 -13 -14 15 -16 17 -18 -19 20 0
19
t
v -1 2 -3 4 -5 6 -7 8 -9 10 -11 12 -13 14 15 -16 17 18 19 -20 0
22
t
v -1 2 -3 4 -5 -6 7 8 -9 10 11 12 -13 -14 15 16 -17 18 -19 20 0
20
t
v -1 2 -3 -4 -5 -6 -7 -8 -9 10 11 12 13 -14 15 16 -17 18 19 20 0
18
t
v 1 -2 3 4 -5 6 7 8 -9 -10 11 12 -13 14 15 -16 17 18 19 20 0
27
t
v 1 2 -3 -4 -5 6 -7 8 -9 10 11 12 13 14 -15 -16 17 -18 -19 -20 0
22
t
v 1 2 3 4 5 -6 7 8 9 10 -11 -12 -13 14 15 -16 -17 18 -19 -20 0
20
t
v -1 -2 -3 4 5 6 7 8 -9 10 -11 12 13 14 -15 16 17 18 19 -20 0
21
t
v 1 2 -3 4 -5 6 7 -8 -9 10 11 -12 13 -14 15 -16 -17 -18 -19 20 0
22
t
v -1 2 3 4 -5 6 -7 8 9 10 11 -12 -13 14 15 16 17 -18 -19 -20 0
19
t
v 1 -2 -3 4 -5 -6 7 8 -9 10 -11 12 -13 -14 15 -16 -17 18 19 20 0
22
t
v 1 2 -3 -4 5 -6 -7 -8 -9 -10 11 12 -13 -14 -15 16 17 18 -19 20 0
20
t
v 1 -2 -3 -4 5 6 -7 -8 -9 10 11 -12 13 14 15 16 -17 -18 19 -20 0
22
t
v 1 2 -3 4 5 6 7 8 -9 -10 -11 -12 -13 -14 -15 -16 -17 18 -19 20 0
21
t
v 1 -2 -3 -4 5 -6 -7 -8 9 10 -11 12 -13 -14 15 -16 -17 -18 19 -20 0
23
t
v -1 -2 -3 -4 5 -6 -7 -8 -9 10 11 -12 -13 -14 15 -16 -17 18 -19 -20 0
20
t
v 1 -2 3 -4 5 6 7 -8 -9 10 -11 -12 -13 -14 15 -16 17 -18 19 20 0
22
t
v 1 2 -3 4 5 6 -7 -8 9 -10 -11 -12 13 14 -15 16 -17 -18 19 -20 0
19
t
v 1 2 -3 4 -5 6 7 8 9 -10 -11 -12 -13 14 -15 16 -17 18 -19 20 0
19
t
v -1 -2 3 4 -5 6 -7 -8 -9 -10 -11 12 13 -14 15 -16 17 -18 19 20 0
22
t
v -1 2 3 -4 5 -6 7 8 -9 10 11 -12 13 14 -15 -16 17 18 19 -20 0
20
t
v 1 2 3 4 -5 -6 -7 8 9 10 -11 12 -13 14 15 -16 -17 -18 19 20 0
19
t
v 1 2 3 -4 -5 -6 -7 -8 9 -10 11 -12 13 -14 15 -16 -17 -18 19 -20 0
23
t
v 1 -2 -3 4 -5 -6 7 8 -9 10 -11 12 13 14 15 16 -17 -18 19 20 0
20
t
v 1 2 -3 4 5 6 -7 -8 -9 -10 11 -12 13 14 -15 16 -17 -18 -19 20 0
22
t
v 1 2 -3 4 5 -6 -7 8 9 -10 11 -12 -13 14 15 16 17 -18 19 -20 0
22
t
v -1 -2 -3 4 5 -6 7 8 -9 -10 11 -12 -13 -14 -15 -16 -17 18 -19 -20 0
21
t
v -1 2 -3 4 -5 6 -7 -8 -9 -10 11 -12 -13 14 -15 16 -17 -18 19 -20 0
21
t
v -1 -2 -3 -4 5 6 7 8 9 10 -11 -12 -13 -14 15 16 17 18 19 -20 0
22
t
v -1 -2 3 4 5 6 7 8 9 10 11 12 13 -14 -15 16 -17 -18 19 -20 0
22
t
v -1 -2 -3 4 -5 -6 -7 8 -9 -10 -11 12 13 -14 -15 -16 -17 -18 -19 20 0
26
t
v -1 -2 -3 4 5 -6 7 -8 -9 10 -11 12 -13 -14 -15 16 17 18 -19 20 0
18
t
v 1 2 -3 -4 5 6 -7 8 -9 10 -11 -12 13 -14 -15 -16 17 -18 -19 20 0
18
t
v 1 2 -3 4 5 -6 -7 -8 9 -10 -11 12 -13 14 -15 -16 -17 18 19 -20 0
21
t
v -1 2 -3 4 5 6 7 -8 -9 10 11 -12 13 -14 -15 16 17 -18 -19 -20 0
20
t
v 1 -2 3 4 -5 6 -7 -8 -9 10 -11 12 -13 -14 15 -16 17 18 -19 20 0
19
t
v 1 -2 3 4 5 6 -7 8 9 10 11 -12 13 -14 -15 16 -17 -18 -19 20 0
21
t
v 1 2 -3 -4 5 -6 7 8 9 10 -11 12 -13 14 15 -16 -17 18 19 -20 0
21
t
v -1 2 -3 -4 -5 6 -7 -8 9 10 11 -12 13 14 15 16 -17 18 -19 20 0
19
t
v -1 2 -3 4 -5 6 -7 -8 9 -10 -11 -12 -13 14 -15 16 -17 18 19 -20 0
22
t
v 1 2 -3 -4 -5 6 7 -8 9 10 -11 -12 -13 14 -15 -16 17 18 -19 -20 0
21
t
v 1 2 3 4 5 6 -7 -8 9 -10 -11 -12 13 -14 -15 16 -17 18 19 20 0
19
t
v -1 -2 -3 4 5 -6 -7 -8 9 10 11 12 -13 14 -15 16 17 -18 19 20 0
22
t
v 1 2 3 -4 5 -6 7 8 9 -10 -11 -12 -13 14 -15 -16 -17 -18 -19 20 0
22
t
v 1 2 3 -4 -5 -6 -7 -8 -9 10 -11 -12 13 14 -15 -16 17 -18 19 -20 0
22
t
v 1 -2 3 4 -5 -6 7 -8 -9 10 -11 12 13 14 15 -16 -17 -18 -19 20 0
24
t
v 1 2 -3 4 -5 -6 -7 -8 -9 10 11 -12 -13 14 15 16 -17 18 19 20 0
22
t
v -1 2 -3 4 5 -6 -7 -8 9 10 -11 12 -13 -14 -15 -16 -17 18 -19 -20 0
23
t
v -1 -2 -3 -4 5 6 -7 -8 -9 -10 -11 -12 13 -14 15 -16 17 -18 -19 20 0
21
t
v 1 -2 3 4 -5 -6 -7 -8 9 10 11 -12 13 -14 15 16 -17 18 -19 -20 0
23
t
v -1 2 -3 4 5 -6 -7 -8 -9 -10 11 -12 -13 14 -15 16 17 -18 19 -20 0
21
t
v -1 -2 3 -4 -5 -6 -7 8 -9 -10 11 -12 13 14 15 -16 -17 18 -19 -20 0
23
t
v 1 2 3 4 -5 -6 7 8 9 -10 -11 12 13 14 15 -16 -17 18 -19 20 0
20
t
v -1 -2 -3 -4 5 -6 7 -8 -9 -10 11 12 13 -14 -15 -16 -17 -18 19 -20 0
23
t
v -1 2 3 4 -5 6 7 -8 -9 -10 -11 -12 -13 -14 15 16 -17 18 19 -20 0
19
t
v -1 2 3 4 5 6 -7 -8 -9 10 -11 12 -13 -14 -15 16 -17 -18 19 20 0
23
t
v -1 2 3 4 5 6 7 8 9 10 -11 12 -13 14 15 16 17 18 19 20 0
20
t
v -1 2 3 4 -5 -6 7 8 9 -10 -11 -12 13 14 15 16 17 18 19 -20 0
22
t
v 1 2 3 -4 5 -6 -7 8 -9 10 -11 -12 13 -14 15 16 -17 18 19 20 0
20
t
v -1 2 -3 -4 -5 -6 7 -8 -9 10 -11 -12 -13 14 -15 -16 17 -18 -19 -20 0
22
t
v 1 -2 -3 -4 -5 6 7 8 -9 -10 11 -12 13 14 15 16 17 -18 19 20 0
23
t
v -1 2 -3 -4 -5 -6 7 -8 9 10 -11 -12 13 14 15 16 -17 18 -19 -20 0
22
t
v -1 2 -3 4 5 6 -7 8 -9 10 11 12 -13 -14 -15 -16 17 -18 19 20 0
20
t
v 1 -2 -3 4 5 6 -7 8 9 -10 -11 -12 -13 14 -15 -16 17 -18 19 -20 0
23
t
v -1 2 3 -4 -5 6 7 -8 -9 -10 11 12 13 -14 -15 16 17 18 -19 20 0
20
t
v 1 -2 3 4 5 6 7 -8 -9 10 -11 -12 -13 -14 -15 16 17 18 19 20 0
22
t
v -1 2 -3 -4 -5 6 -7 -8 9 -10 11 12 13 14 -15 16 -17 -18 19 -20 0
21
t
v 1 -2 3 4 5 -6 -7 8 9 10 -11 -12 13 -14 -15 -16 17 -18 19 20 0
19
t
v 1 2 -3 -4 5 -6 7 8 -9 10 -11 12 13 -14 15 -16 17 18 19 -20 0
22
t
v -1 2 -3 4 5 -6 -7 -8 9 10 11 -12 13 14 15 -16 17 -18 19 20 0
20
t
v -1 -2 -3 -4 5 -6 7 -8 9 10 11 -12 13 14 15 16 17 -18 19 20 0
23
t
v -1 2 3 4 5 6 -7 -8 9 10 11 12 -13 -14 -15 -16 -17 18 19 20 0
20
t
v 1 2 3 -4 5 6 7 8 9 10 -11 -12 13 14 15 16 -17 18 19 20 0
22
t
v 1 2 3 4 5 -6 -7 -8 9 10 -11 12 -13 -14 15 -16 -17 18 -19 -20 0
21
t
v 1 2 3 -4 5 -6 7 8 -9 10 -11 -12 13 -14 -15 -16 17 18 19 -20 0
25
t
v -1 -2 3 4 5 6 7 8 -9 10 11 12 -13 14 15 16 17 -18 19 -20 0
23
t
v -1 2 -3 4 -5 -6 -7 8 -9 -10 11 12 -13 -14 -15 16 17 -18 -19 -20 0
19
t
v -1 2 -3 4 5 6 7 -8 9 -10 11 12 -13 -14 -15 16 -17 18 19 -20 0
22
t
v 1 2 3 4 -5 -6 7 8 9 -10 -11 12 13 -14 -15 -16 -17 -18 -19 -20 0
21
t
v -1 -2 3 -4 5 -6 7 8 9 10 -11 12 13 14 -15 16 17 -18 19 -20 0
19
t
v -1 -2 -3 4 5 -6 -7 8 9 -10 -11 12 13 14 -15 16 17 -18 -19 -20 0
22
t
v -1 -2 -3 4 -5 6 7 -8 -9 10 -11 -12 13 -14 15 16 17 18 -19 -20 0
22
t
v -1 2 3 4 5 6 7 8 -9 -10 11 12 -13 -14 -15 16 17 18 -19 -20 0
21
t
v -1 -2 -3 4 5 -6 -7 -8 -9 10 -11 -12 13 -14 -15 -16 17 18 19 20 0
20
t
v -1 -2 3 4 -5 6 -7 -8 9 10 -11 -12 -13 14 15 16 -17 -18 19 20 0
22
t
v 1 -2 3 -4 5 6 7 8 -9 10 11 12 -13 -14 -15 -16 17 18 -19 -20 0
21
t
v 1 -2 3 -4 -5 -6 7 8 9 10 -11 -12 13 14 -15 16 17 18 19 20 0
19
t
v -1 -2 -3 -4 5 -6 -7 8 -9 -10 -11 12 13 -14 15 16 -17 -18 -19 -20 0
22
t
v -1 2 -3 4 -5 6 -7 -8 9 10 11 -12 -13 -14 -15 -16 -17 18 19 20 0
20
t
v -1 2 3 -4 -5 6 -7 -8 -9 10 -11 12 13 14 -15 -16 17 18 19 20 0
22
t
v 1 -2 -3 4 5 6 -7 8 9 -10 11 -12 -13 -14 15 -16 17 18 -19 -20 0
21
t
v -1 2 3 4 5 -6 -7 8 9 10 11 12 13 14 -15 -16 -17 18 19 20 0
18
t
v 1 -2 3 4 -5 -6 -7 8 -9 10 11 -12 13 14 15 -16 17 -18 -19 -20 0
22
t
v -1 -2 -3 4 -5 6 -7 8 9 10 -11 -12 13 14 -15 16 17 -18 -19 20 0
21
t
v 1 2 3 4 5 -6 7 8 -9 10 -11 12 -13 14 15 -16 -17 18 -19 -20 0
18
t
v -1 -2 -3 -4 -5 6 7 -8 -9 -10 11 12 13 -14 -15 16 -17 -18 19 -20 0
18
t
v -1 2 -3 -4 -5 6 7 -8 9 -10 11 12 13 -14 -15 -16 -17 -18 19 20 0
22
t
v 1 -2 3 4 -5 -6 -7 8 -9 10 11 -12 -13 -14 -15 16 -17 -18 19 20 0
21
t
v -1 2 3 4 -5 -6 7 -8 -9 -10 -11 12 -13 14 -15 16 17 18 19 -20 0
18
t
v 1 -2 -3 4 5 -6 7 8 -9 10 11 12 -13 14 15 -16 17 18 19 -20 0
22
t
v 1 -2 -3 4 -5 6 7 -8 9 10 11 -12 -13 -14 15 -16 17 -18 19 20 0
19
t
v 1 2 -3 -4 5 6 7 8 -9 10 11 12 13 -14 15 -16 17 -18 19 20 0
19
t
v 1 -2 -3 -4 5 6 7 8 -9 -10 -11 -12 13 -14 -15 16 17 -18 -19 -20 0
22
t
v -1 2 -3 -4 -5 -6 7 8 -9 -10 11 -12 -13 -14 -15 16 -17 18 -19 -20 0
20
t
v -1 2 -3 -4 -5 -6 7 -8 9 10 11 -12 -13 14 15 16 -17 18 19 20 0
19
t
v 1 2 3 -4 -5 -6 -7 -8 -9 -10 -11 12 -13 -14 -15 -16 17 18 19 20 0
22
t
v -1 -2 3 -4 5 -6 -7 -8 9 -10 -11 12 13 14 -15 -16 17 18 -19 20 0
20
t
v 1 2 3 4 -5 -6 7 8 -9 10 -11 -12 13 -14 15 -16 -17 -18 19 20 0
19
t
v -1 -2 3 4 -5 6 7 8 9 -10 11 -12 13 14 15 -16 17 -18 19 -20 0
22
t
v 1 2 -3 -4 5 -6 -7 8 9 10 -11 -12 -13 14 15 16 17 -18 19 -20 0
17
t
v 1 2 3 4 5 -6 -7 8 -9 10 11 -12 -13 14 15 16 17 18 19 -20 0
20
t
v 1 2 -3 4 5 -6 -7 8 -9 10 11 12 13 14 15 16 17 18 -19 20 0
19
t
v 1 2 3 4 -5 -6 -7 -8 -9 10 -11 -12 -13 -14 -15 -16 -17 -18 19 -20 0
22
t
v -1 2 -3 4 5 -6 7 -8 9 -10 -11 -12 -13 14 15 -16 17 -18 19 20 0
20
t
v 1 -2 3 -4 -5 -6 7 -8 -9 10 11 12 13 14 15 -16 -17 -18 -19 20 0
18
t
v -1 2 3 4 -5 6 7 8 9 10 11 -12 13 -14 -15 16 17 18 19 20 0
23
t
v 1 -2 3 -4 5 6 7 8 -9 10 -11 -12 -13 -14 15 -16 -17 -18 19 -20 0
20
t
v 1 2 3 -4 5 -6 -7 -8 -9 10 11 -12 -13 -14 15 -16 17 18 -19 20 0
22
t
v 1 -2 3 -4 5 6 -7 -8 -9 -10 11 -12 -13 -14 -15 -16 17 18 -19 -20 0
22
t
v -1 2 -3 4 5 6 7 8 9 -10 -11 -12 -13 14 15 16 17 -18 -19 20 0
21
t
v -1 2 -3 4 5 -6 7 8 -9 -10 -11 -12 -13 -14 15 16 17 -18 -19 20 0
20
t
v 1 -2 3 -4 -5 -6 7 8 -9 10 -11 12 13 -14 15 16 17 18 19 -20 0
19
t
v 1 -2 -3 4 5 6 7 8 -9 10 -11 12 13 -14 15 16 17 -18 -19 -20 0
22
t
v 1 2 3 4 5 6 7 -8 9 10 -11 -12 -13 14 -15 -16 -17 -18 19 20 0
20
t
v -1 -2 -3 -4 -5 6 -7 8 -9 10 11 12 13 -14 15 -16 17 -18 19 20 0
22
t
v -1 -2 3 4 5 6 -7 8 9 -10 -11 -12 -13 -14 -15 16 -17 18 -19 -20 0
21
t
v -1 -2 3 -4 5 -6 -7 -8 9 10 -11 12 13 -14 15 16 17 18 19 20 0
29
t
v 1 2 3 -4 5 6 -7 -8 9 -10 11 -12 13 14 -15 16 17 18 19 20 0
22
t
v -1 -2 3 4 5 6 7 -8 -9 -10 -11 -12 -13 14 15 16 -17 -18 19 20 0
20
t
v 1 -2 3 -4 5 -6 7 8 9 10 11 -12 -13 -14 -15 16 -17 18 -19 -20 0
21
t
v 1 -2 -3 4 5 -6 -7 8 9 -10 -11 12 -13 -14 -15 16 -17 18 -19 -20 0
21
t
v 1 2 3 4 -5 6 7 -8 -9 -10 -11 12 -13 14 -15 -16 17 18 19 20 0
18
t
v 1 2 3 -4 5 -6 7 -8 9 10 11 -12 13 -14 15 -16 17 -18 -19 -20 0
21
t
v 1 -2 3 4 5 -6 7 8 -9 -10 -11 -12 -13 -14 15 -16 -17 18 19 20 0
21
t
v 1 -2 3 -4 5 6 -7 -8 -9 10 11 -12 -13 -14 15 -16 -17 -18 19 20 0
19
t
v 1 2 3 4 -5 -6 7 8 -9 10 11 12 13 -14 15 16 17 -18 -19 20 0
19
t
v 1 2 3 -4 5 -6 -7 -8 9 10 11 -12 -13 -14 -15 16 17 -18 -19 -20 0
22
t
v 1 -2 3 4 5 -6 -7 -8 -9 -10 11 12 -13 -14 15 16 -17 18 -19 20 0
20
t
v -1 -2 -3 4 -5 -6 7 -8 -9 10 -11 -12 -13 -14 -15 16 -17 -18 19 20 0
21
t
v 1 -2 -3 -4 5 6 -7 8 9 -10 -11 12 13 14 -15 -16 17 -18 -19 -20 0
22
t
v 1 -2 -3 -4 5 6 -7 8 9 -10 -11 -12 -13 14 -15 -16 -17 18 -19 20 0
21
t
v 1 -2 3 4 5 6 7 -8 -9 10 -11 -12 13 14 -15 16 -17 -18 19 -20 0
20
t
v -1 2 3 -4 5 -6 -7 8 9 10 11 12 -13 -14 -15 16 17 -18 19 -20 0
18
t
v 1 -2 -3 4 -5 6 7 -8 -9 -10 11 12 -13 14 15 16 17 -18 19 20 0
19
t
v -1 -2 -3 4 -5 -6 7 -8 -9 10 -11 -12 13 14 15 16 17 -18 19 20 0
22
t
v -1 -2 3 -4 -5 -6 7 -8 -9 -10 11 -12 13 14 -15 16 17 18 19 20 0
20
t
v -1 -2 3 4 5 6 -7 -8 9 10 11 12 13 14 -15 16 -17 18 -19 -20 0
22
t
v -1 2 3 4 -5 -6 -7 -8 -9 -10 -11 12 13 14 15 -16 -17 18 -19 20 0
21
t
v 1 2 3 -4 -5 6 -7 8 -9 -10 11 -12 13 14 15 -16 17 18 -19 -20 0
22
t
v -1 2 -3 4 -5 6 -7 -8 9 10 -11 12 13 14 -15 -16 17 18 -19 -20 0
21
t
v 1 -2 3 4 -5 -6 7 8 -9 10 -11 12 -13 14 -15 -16 17 18 -19 -20 0
24
t
v 1 -2 -3 4 -5 6 -7 -8 -9 10 11 12 13 -14 15 -16 -17 -18 -19 20 0
23
t
v 1 -2 -3 4 -5 -6 -7 -8 9 10 11 12 -13 -14 -15 16 -17 -18 -19 20 0
19
t
v 1 -2 3 4 5 -6 7 -8 9 -10 -11 12 -13 14 -15 16 -17 18 -19 -20 0
18
t
v -1 2 -3 4 5 -6 7 -8 9 -10 11 -12 -13 -14 15 16 -17 18 19 -20 0
21
t
v 1 2 -3 -4 5 -6 -7 8 -9 10 11 -12 -13 14 15 16 -17 18 -19 -20 0
21
t
v 1 2 -3 4 -5 -6 7 -8 9 -10 -11 12 -13 -14 15 -16 17 18 -19 20 0
19
t
v -1 -2 -3 -4 -5 6 -7 -8 9 10 11 -12 -13 14 15 16 -17 -18 19 -20 0
22
t
v 1 -2 -3 4 -5 -6 -7 -8 9 10 -11 -12 -13 -14 15 16 17 18 19 -20 0
21
t
v 1 -2 3 -4 5 -6 7 -8 9 10 -11 -12 -13 -14 15 16 17 -18 -19 -20 0
22
t
v -1 2 -3 4 -5 -6 7 8 9 -10 11 -12 13 14 15 16 17 -18 19 20 0
20
t
v -1 -2 -3 4 5 6 7 -8 9 -10 -11 -12 -13 14 15 16 -17 -18 19 20 0
21
t
v -1 -2 3 -4 -5 -6 -7 8 -9 10 11 12 13 -14 15 -16 -17 18 -19 -20 0
21
t
v 1 -2 3 4 5 6 7 8 9 10 11 12 13 -14 -15 -16 -17 -18 19 -20 0
21
t
v -1 -2 -3 -4 -5 -6 7 -8 -9 -10 11 12 13 -14 -15 -16 -17 18 19 -20 0
21
t
v 1 -2 3 4 -5 -6 7 -8 9 10 -11 -12 13 14 15 16 -17 -18 19 -20 0
20
t
v 1 2 3 -4 -5 6 7 -8 9 10 11 12 -13 14 15 16 -17 18 19 -20 0
22
t
v 1 2 -3 4 5 -6 7 8 9 -10 -11 -12 13 14 -15 16 -17 -18 19 20 0
20
t
v -1 2 -3 4 -5 -6 -7 -8 9 10 11 12 13 14 15 -16 -17 -18 -19 -20 0
19
t
v -1 -2 -3 4 -5 -6 7 -8 -9 10 11 -12 13 -14 15 -16 -17 18 19 -20 0
22
t
v -1 2 3 -4 5 -6 -7 8 9 10 11 12 -13 -14 15 -16 -17 -18 -19 -20 0
20
t
v 1 -2 3 4 5 -6 -7 8 9 10 11 12 -13 14 -15 16 -17 18 -19 -20 0
18
t
v -1 2 3 -4 5 6 7 8 9 10 11 12 -13 -14 15 -16 -17 18 -19 -20 0
23
t
v -1 -2 3 -4 5 6 -7 8 -9 -10 -11 12 -13 -14 -15 -16 17 18 19 20 0
19
t
v 1 2 3 4 -5 -6 7 8 -9 -10 11 -12 -13 14 15 16 17 -18 -19 -20 0
22
t
v 1 2 3 4 5 -6 7 -8 -9 -10 11 -12 13 14 15 16 17 18 -19 20 0
21
t
v 1 -2 3 -4 -5 6 -7 8 -9 10 11 12 -13 -14 -15 16 17 18 19 -20 0
19
t
v 1 2 3 -4 5 6 7 8 9 -10 11 12 -13 -14 -15 16 17 18 19 -20 0
23
t
v -1 -2 -3 -4 -5 6 -7 -8 9 -10 11 12 13 14 15 -16 17 18 -19 20 0
21
t
v -1 -2 -3 4 5 -6 7 -8 -9 10 -11 12 13 14 -15 16 17 18 19 20 0
22
t
v -1 2 -3 4 5 6 7 -8 9 10 -11 -12 13 14 15 -16 17 -18 19 -20 0
19
t
v 1 -2 -3 4 5 -6 -7 8 -9 -10 11 12 -13 -14 15 16 17 -18 19 20 0
19
t
v -1 -2 3 -4 -5 6 7 -8 -9 10 11 12 13 14 15 16 -17 18 19 20 0
18
t
v -1 -2 -3 4 -5 -6 7 8 9 10 11 12 13 -14 15 -16 17 -18 19 20 0
22
t
v -1 -2 -3 4 5 -6 7 8 -9 -10 11 12 -13 14 -15 16 17 -18 19 -20 0
18
t
v -1 2 3 -4 -5 -6 -7 8 -9 10 -11 -12 13 -14 15 16 -17 -18 -19 20 0
19
t
v -1 -2 3 4 5 6 -7 -8 -9 10 -11 -12 -13 -14 -15 -16 17 -18 19 20 0
22
t
v -1 -2 -3 4 5 -6 7 -8 9 10 11 -12 13 -14 -15 16 17 -18 19 20 0
21
t
v -1 -2 -3 -4 5 6 7 -8 -9 -10 -11 -12 -13 14 -15 16 -17 18 19 20 0
22
t
v 1 2 -3 4 5 6 7 -8 -9 -10 11 12 -13 14 -15 -16 17 18 19 -20 0
20
t
v -1 2 -3 4 -5 -6 -7 -8 -9 10 11 -12 -13 14 -15 16 -17 18 19 20 0
19
t
v 1 2 3 -4 5 6 -7 -8 -9 -10 -11 -12 13 14 15 16 -17 -18 19 20 0
18
t
v -1 -2 3 -4 5 6 7 -8 9 -10 -11 12 13 -14 15 16 -17 -18 -19 20 0
22
t
v 1 2 -3 -4 -5 -6 7 -8 -9 -10 -11 12 13 14 15 -16 17 -18 -19 -20 0
19
t
v 1 -2 -3 4 -5 -6 7 8 -9 -10 11 12 13 -14 -15 16 17 18 -19 20 0
17
t
v 1 -2 3 -4 -5 6 -7 -8 -9 -10 11 -12 13 -14 15 16 -17 18 19 -20 0
19
t
v -1 2 3 4 -5 6 7 8 -9 -10 11 -12 -13 14 15 16 17 18 19 -20 0
22
t
v 1 2 -3 -4 5 -6 7 8 9 -10 11 12 -13 14 15 16 17 -18 19 -20 0
21
t
v 1 -2 -3 4 -5 -6 -7 8 -9 10 -11 12 -13 14 15 -16 -17 -18 19 -20 0
24
t
v 1 -2 -3 -4 -5 -6 7 8 -9 10 11 12 -13 -14 -15 16 -17 -18 19 -20 0
20
t
v -1 -2 3 4 -5 6 -7 8 -9 10 11 -12 -13 14 -15 16 17 18 -19 20 0
22
t
v 1 -2 -3 -4 -5 -6 -7 -8 9 -10 11 12 13 14 15 16 17 -18 -19 20 0
20
t
v -1 2 -3 -4 -5 6 -7 -8 -9 -10 11 -12 13 14 -15 16 17 18 19 -20 0
19
t
v 1 2 3 -4 5 6 7 -8 9 -10 11 12 -13 -14 -15 -16 -17 18 -19 20 0
22
t
v 1 2 -3 -4 5 6 -7 -8 9 -10 -11 12 -13 14 -15 16 -17 18 -19 20 0
20
t
v 1 -2 3 4 5 6 7 -8 9 10 11 -12 -13 14 -15 16 17 -18 19 20 0
23
t
v -1 2 -3 -4 -5 6 7 8 -9 10 11 12 -13 -14 15 -16 17 -18 19 -20 0
19
t
v 1 -2 -3 -4 -5 6 -7 -8 9 -10 11 -12 13 14 -15 -16 17 18 19 -20 0
19
t
v -1 2 3 -4 5 -6 7 8 9 10 -11 -12 -13 -14 15 -16 17 -18 19 20 0
21
t
v 1 2 3 -4 5 -6 -7 8 -9 -10 11 -12 -13 -14 -15 -16 17 18 19 -20 0
21
t
v -1 2 3 -4 5 -6 7 8 -9 -10 -11 12 -13 14 -15 -16 17 -18 19 -20 0
19
t
v -1 -2 3 -4 -5 -6 7 -8 9 -10 -11 -12 -13 14 -15 16 -17 -18 19 -20 0
22
t
v 1 -2 3 4 5 -6 7 8 -9 -10 11 12 -13 -14 -15 -16 -17 18 19 -20 0
21
t
v -1 2 -3 -4 5 6 7 -8 -9 -10 11 -12 13 -14 15 16 17 -18 -19 20 0
19
t
v -1 -2 3 4 5 6 7 -8 9 10 -11 12 -13 14 -15 -16 17 18 19 -20 0
18
t
v -1 -2 -3 -4 5 -6 7 8 9 -10 11 -12 13 14 -15 16 -17 18 19 20 0
22
t
v -1 2 3 4 -5 -6 7 8 -9 10 11 12 13 -14 -15 16 -17 -18 -19 20 0
20
t
v 1 -2 -3 -4 5 -6 -7 -8 -9 -10 11 12 13 -14 15 16 17 18 19 20 0
22
t
v 1 2 3 4 -5 -6 -7 8 9 10 11 12 13 14 -15 16 17 18 19 -20 0
20
t
v 1 -2 3 -4 -5 6 -7 8 9 10 11 -12 -13 -14 15 16 -17 -18 -19 20 0
19
t
v -1 -2 3 -4 -5 6 -7 8 9 10 11 -12 -13 14 -15 -16 17 -18 19 -20 0
20
t
v 1 2 3 4 5 -6 -7 8 9 10 -11 12 -13 -14 -15 16 17 -18 -19 -20 0
22
t
v -1 2 3 -4 5 -6 -7 -8 -9 -10 11 -12 -13 -14 -15 16 17 18 19 20 0
20
t
v 1 2 3 4 5 6 7 8 9 -10 11 12 13 -14 -15 16 17 -18 -19 20 0
22
t
v 1 2 3 4 5 -6 -7 8 9 -10 -11 -12 -13 -14 -15 -16 -17 18 -19 -20 0
20
t
v 1 2 -3 4 -5 6 -7 8 -9 10 -11 12 -13 -14 15 16 -17 -18 -19 -20 0
21
t
v 1 -2 -3 4 -5 6 7 -8 9 -10 11 -12 -13 14 -15 -16 17 -18 -19 20 0
20
t
v 1 -2 3 -4 -5 -6 -7 -8 9 -10 11 -12 13 -14 -15 16 -17 -18 19 20 0
23
t
v -1 2 3 -4 -5 -6 -7 -8 9 10 11 -12 -13 -14 15 -16 -17 18 19 -20 0
21
t
v 1 2 3 -4 5 -6 7 -8 -9 -10 -11 12 -13 -14 -15 16 17 -18 -19 -20 0
19
t
v 1 2 3 4 5 6 -7 -8 -9 -10 -11 -12 13 14 -15 16 17 18 -19 20 0
22
t
v 1 -2 3 -4 5 -6 7 8 9 -10 11 -12 13 -14 -15 -16 17 18 19 -20 0
21
t
v -1 -2 3 4 5 6 7 8 -9 10 11 12 -13 14 -15 -16 -17 -18 19 -20 0
22
t
v -1 -2 3 4 5 -6 7 8 9 10 11 12 13 14 15 -16 17 -18 19 -20 0
20
t
v -1 -2 3 -4 -5 -6 -7 -8 -9 10 11 -12 -13 -14 15 -16 17 18 -19 -20 0
18
t
v 1 -2 3 4 5 -6 -7 8 -9 -10 -11 12 13 -14 15 16 17 -18 19 20 0
22
t
v 1 2 -3 4 5 6 7 8 -9 10 11 -12 -13 14 -15 16 17 -18 -19 20 0
20
t
v 1 -2 -3 -4 5 -6 7 -8 -9 10 11 12 -13 14 -15 -16 -17 18 -19 20 0
20
t
v -1 -2 -3 4 5 -6 -7 8 9 10 11 -12 13 14 15 16 17 18 -19 20 0
23
t
v -1 -2 3 -4 -5 6 7 -8 -9 -10 -11 12 13 14 15 16 17 -18 19 20 0
21
t
v -1 2 -3 4 -5 6 -7 8 9 10 -11 -12 -13 -14 15 16 -17 -18 -19 -20 0
21
t
v 1 -2 -3 4 -5 -6 7 -8 -9 10 11 12 -13 -14 15 16 17 -18 -19 20 0
18
t
v 1 2 -3 4 -5 -6 -7 -8 -9 -10 -11 12 -13 -14 -15 16 -17 18 -19 -20 0
24
t
v 1 -2 3 -4 -5 6 -7 -8 9 -10 11 -12 13 14 -15 16 17 -18 -19 20 0
20
t
v -1 2 -3 4 -5 -6 -7 8 9 10 -11 -12 -13 14 15 16 17 -18 19 -20 0
22
t
v 1 2 3 4 5 6 7 8 9 -10 -11 12 13 -14 -15 16 -17 -18 -19 20 0
20
t
v -1 2 -3 4 -5 -6 -7 8 -9 10 11 12 -13 -14 -15 16 -17 -18 -19 -20 0
19
t
v 1 -2 3 4 5 -6 7 -8 9 10 11 12 -13 -14 15 16 17 18 19 20 0
23
t
v 1 2 -3 -4 -5 6 7 8 9 10 11 12 -13 14 -15 -16 17 18 -19 -20 0
20
t
v 1 -2 3 4 -5 -6 -7 -8 9 -10 -11 12 13 14 -15 -16 17 18 -19 -20 0
23
t
v 1 2 3 4 5 -6 7 -8 9 10 11 -12 13 14 15 16 17 -18 19 20 0
19
t
v 1 2 -3 4 5 6 7 8 -9 -10 11 -12 -13 14 15 16 17 18 19 20 0
21
t
v -1 -2 -3 -4 5 -6 -7 8 9 10 11 -12 13 14 -15 16 17 18 -19 -20 0
21
t
v -1 -2 -3 4 -5 -6 -7 8 9 -10 -11 -12 13 -14 -15 16 17 18 19 -20 0
19
t
v 1 2 -3 -4 5 -6 7 8 -9 10 -11 12 -13 -14 15 16 17 -18 -19 20 0
22
t
v -1 -2 -3 4 -5 6 7 -8 9 -10 -11 12 13 -14 15 16 -17 18 19 -20 0
21
t
v 1 -2 3 -4 5 -6 -7 8 9 10 -11 12 -13 -14 -15 16 17 18 -19 20 0
19
t
v -1 2 -3 4 5 6 -7 -8 9 -10 11 12 -13 -14 15 16 -17 18 -19 -20 0
22
t
v 1 2 3 4 -5 6 7 -8 9 -10 11 12 13 -14 15 16 17 18 19 20 0
19
t
v -1 2 3 -4 -5 -6 7 8 9 10 -11 -12 -13 -14 15 16 -17 18 19 -20 0
21
t
v -1 -2 3 -4 5 6 7 8 9 -10 11 12 13 -14 -15 16 -17 -18 -19 -20 0
21
t
v -1 2 -3 4 5 -6 7 -8 9 -10 11 -12 13 14 -15 16 -17 -18 -19 20 0
19
t
v 1 -2 -3 4 -5 6 7 -8 9 -10 11 12 13 14 -15 -16 -17 18 19 20 0
22
t
v 1 -2 -3 4 5 -6 7 -8 -9 -10 11 12 13 14 -15 16 -17 18 19 20 0
21
t
v -1 -2 -3 4 5 -6 -7 -8 -9 10 11 12 -13 14 -15 16 17 -18 -19 20 0
18
t
v 1 -2 -3 -4 -5 6 -7 8 -9 10 -11 -12 -13 14 15 16 17 18 -19 20 0
19
t
v 1 -2 -3 4 5 -6 -7 8 -9 -10 -11 12 -13 14 15 -16 17 18 19 20 0
22
t
v 1 2 3 -4 -5 -6 -7 -8 -9 -10 11 12 13 -14 15 -16 17 18 19 -20 0
20
t
v -1 2 -3 4 5 6 7 8 -9 -10 11 12 13 -14 15 -16 -17 -18 -19 -20 0
18
t
v 1 -2 -3 -4 5 -6 -7 -8 -9 10 11 -12 13 -14 -15 16 17 18 -19 -20 0
22
t
v -1 2 3 -4 -5 6 -7 -8 -9 -10 11 -12 -13 -14 15 16 -17 -18 19 -20 0
21
t
v 1 2 3 4 -5 6 -7 -8 -9 10 -11 -12 -13 14 -15 -16 17 18 19 20 0
21
t
v 1 -2 -3 4 5 -6 7 -8 -9 -10 -11 -12 -13 14 15 16 -17 -18 19 -20 0
23
t
v -1 -2 -3 4 5 -6 -7 8 9 -10 -11 -12 -13 14 -15 -16 -17 -18 -19 -20 0
21
t
v 1 2 3 4 -5 -6 7 8 -9 -10 11 -12 13 14 15 -16 -17 18 19 -20 0
22
t
v -1 -2 -3 -4 5 -6 -7 -8 9 -10 11 12 13 -14 15 -16 17 18 19 -20 0
19
t
v 1 2 -3 -4 5 6 7 8 9 10 -11 12 13 -14 15 -16 -17 18 19 20 0
22
t
v -1 -2 3 -4 5 6 7 8 9 -10 -11 12 13 14 -15 16 17 18 -19 20 0
20
t
v 1 2 3 -4 5 -6 -7 8 9 10 -11 12 13 14 -15 16 17 -18 19 20 0
23
t
v -1 -2 3 4 5 -6 -7 -8 9 -10 -11 12 13 -14 -15 16 -17 -18 -19 -20 0
20
t
v -1 -2 3 4 5 6 -7 8 -9 10 -11 12 -13 14 15 16 -17 -18 -19 20 0
23
t
v 1 -2 3 4 5 -6 -7 8 -9 -10 -11 12 13 -14 -15 16 -17 18 -19 20 0
20
t
v -1 -2 -3 -4 -5 -6 7 8 9 -10 -11 12 13 -14 15 -16 17 -18 19 20 0
21
t
v -1 -2 3 4 5 -6 7 -8 9 10 -11 -12 13 -14 -15 -16 17 18 19 -20 0
21
t
v -1 2 3 -4 -5 -6 7 -8 -9 10 11 -12 -13 -14 -15 16 -17 -18 19 20 0
19
t
v -1 -2 -3 4 -5 6 -7 -8 9 -10 -11 -12 -13 -14 15 -16 -17 18 -19 -20 0
22
t
v -1 2 3 -4 -5 -6 7 8 -9 10 -11 -12 -13 -14 15 16 -17 18 -19 20 0
20
t
v -1 -2 -3 4 5 6 -7 8 9 10 11 12 -13 14 -15 -16 17 -18 -19 -20 0
22
t
v -1 2 -3 4 -5 6 7 8 9 -10 -11 12 13 -14 15 -16 17 -18 19 -20 0
21
t
v 1 2 3 -4 -5 6 -7 8 9 -10 11 -12 -13 14 15 -16 -17 18 19 -20 0
22
t
v 1 -2 3 4 -5 6 7 8 -9 -10 -11 -12 -13 14 15 16 -17 18 -19 -20 0
21
t
v 1 -2 3 4 5 6 -7 -8 9 -10 11 12 13 -14 15 -16 17 -18 -19 20 0
18
t
v -1 2 -3 -4 5 6 -7 8 -9 10 -11 12 -13 14 15 16 -17 -18 -19 -20 0
22
t
v 1 2 -3 -4 -5 -6 7 8 -9 10 11 12 -13 14 15 16 17 18 19 -20 0
20
t
v 1 2 -3 -4 -5 -6 7 -8 -9 10 11 12 13 -14 -15 -16 -17 18 -19 20 0
18
t
v 1 2 -3 -4 -5 6 -7 8 -9 10 11 -12 -13 -14 -15 16 -17 18 -19 20 0
22
t
v -1 2 -3 4 5 6 7 -8 9 10 11 -12 -13 -14 -15 -16 17 18 19 -20 0
21
t
v 1 2 3 4 -5 6 -7 8 -9 10 11 -12 13 14 -15 16 17 18 19 20 0
22
t
v -1 -2 3 -4 5 -6 -7 8 -9 10 11 12 13 -14 -15 16 17 18 19 20 0
21
t
v 1 2 -3 4 5 6 -7 8 -9 -10 11 -12 13 14 15 16 -17 18 19 20 0
18
t
v -1 -2 3 -4 5 -6 -7 8 -9 10 -11 12 13 -14 15 16 17 -18 -19 20 0
22
t
v -1 2 3 4 5 6 7 8 -9 -10 -11 12 -13 14 15 16 17 -18 -19 20 0
22
t
v -1 -2 3 -4 5 6 -7 8 9 -10 -11 -12 -13 14 15 -16 17 18 -19 -20 0
24
t
v -1 2 -3 4 5 -6 -7 -8 9 -10 -11 -12 13 14 15 -16 -17 -18 19 20 0
19
t
v -1 2 -3 -4 5 -6 7 -8 -9 -10 11 12 -13 -14 15 16 -17 18 19 20 0
23
t
v -1 2 -3 4 -5 -6 -7 8 9 -10 11 12 -13 -14 -15 -16 17 18 -19 20 0
20
t
v -1 2 -3 -4 5 -6 7 -8 9 -10 11 12 13 -14 15 16 -17 -18 -19 20 0
22
t
v -1 2 3 -4 -5 -6 7 -8 9 -10 11 -12 -13 14 -15 -16 -17 18 19 20 0
20
t
v -1 2 3 4 -5 6 7 8 9 10 11 12 13 -14 -15 16 -17 -18 19 -20 0
22
t
v 1 2 -3 4 5 -6 7 8 -9 -10 -11 12 -13 14 -15 -16 -17 18 19 -20 0
20
t
v -1 -2 -3 4 5 6 -7 -8 -9 -10 -11 -12 13 14 15 -16 17 -18 19 20 0
18
t
v 1 -2 3 4 5 -6 7 8 9 -10 11 -12 13 14 15 -16 -17 -18 19 -20 0
23
t
v -1 -2 3 4 5 6 7 8 -9 -10 -11 12 13 14 15 16 17 18 19 20 0
20
t
v -1 -2 3 4 5 -6 -7 8 9 10 11 12 -13 -14 -15 16 17 -18 19 -20 0
22
t
v -1 -2 -3 4 -5 -6 7 8 -9 10 -11 12 -13 -14 15 16 -17 -18 19 20 0
22
t
v -1 2 -3 4 5 -6 7 8 -9 10 11 12 13 14 -15 16 17 -18 19 20 0
19
t
v -1 2 3 -4 5 -6 7 8 -9 -10 -11 12 -13 14 -15 16 -17 -18 -19 20 0
21
t
v -1 2 3 4 5 6 7 -8 -9 10 -11 12 13 -14 -15 16 -17 -18 19 -20 0
20
t
v -1 -2 -3 -4 -5 -6 -7 -8 9 -10 11 -12 13 14 -15 16 17 -18 -19 20 0
21
t
v -1 2 -3 4 5 6 7 -8 9 10 -11 -12 -13 -14 15 16 17 -18 19 -20 0
21
t
v -1 2 -3 4 5 -6 7 -8 -9 -10 -11 12 -13 14 15 16 -17 -18 -19 -20 0
20
t
v -1 2 3 4 5 -6 -7 -8 -9 -10 -11 -12 13 -14 15 16 -17 -18 19 -20 0
21
t
v -1 2 -3 -4 5 6 -7 -8 9 -10 -11 -12 13 14 -15 -16 17 -18 -19 20 0
22
t
v -1 -2 -3 -4 -5 6 -7 -8 -9 -10 11 12 13 14 -15 16 17 18 19 20 0
23
t
v -1 -2 -3 4 -5 -6 -7 8 9 10 11 -12 -13 -14 -15 16 -17 -18 -19 20 0
19
t
v -1 2 3 -4 -5 -6 7 8 -9 10 11 12 13 14 15 -16 17 18 19 -20 0
22
t
v 1 -2 -3 -4 -5 -6 -7 -8 9 -10 11 12 13 14 -15 16 17 -18 -19 -20 0
20
t
v 1 -2 3 -4 5 6 7 8 -9 -10 -11 12 13 14 -15 -16 17 -18 -19 20 0
18
t
v -1 -2 3 4 -5 -6 -7 -8 9 -10 -11 -12 13 14 15 -16 -17 -18 19 -20 0
22
t
v 1 -2 3 4 5 6 -7 8 9 -10 11 12 13 -14 -15 -16 -17 18 -19 -20 0
20
t
v -1 -2 3 4 5 6 7 -8 9 -10 11 -12 -13 -14 15 16 17 18 19 -20 0
18
t
v -1 2 3 -4 5 6 -7 -8 -9 10 -11 12 13 14 15 -16 17 -18 -19 20 0
21
t
v 1 2 3 -4 -5 6 7 -8 -9 -10 -11 -12 -13 -14 -15 16 -17 18 19 20 0
21
t
v -1 2 -3 4 -5 6 7 -8 -9 -10 11 -12 -13 14 -15 16 17 18 19 20 0
18
t
v 1 -2 3 -4 5 -6 7 -8 9 -10 -11 -12 -13 14 15 -16 17 18 -19 20 0
18
t
v 1 -2 3 -4 -5 6 -7 -8 -9 10 -11 -12 -13 -14 15 16 -17 -18 -19 20 0
18
t
v 1 2 3 4 -5 6 -7 -8 9 10 -11 -12 -13 -14 15 16 17 -18 19 -20 0
21
t
v 1 -2 3 4 -5 6 7 8 9 -10 -11 -12 -13 14 15 -16 -17 -18 19 -20 0
20
t
v -1 2 -3 -4 -5 -6 -7 8 9 10 11 -12 -13 -14 15 -16 17 18 -19 -20 0
18
t
v 1 2 -3 4 -5 6 -7 -8 9 -10 -11 -12 -13 14 15 -16 -17 -18 -19 20 0
18
t
v 1 -2 -3 4 5 -6 -7 8 9 -10 -11 -12 13 -14 15 -16 -17 18 19 20 0
21
t
v -1 -2 -3 4 -5 6 -7 8 -9 10 -11 -12 -13 -14 15 16 -17 -18 -19 20 0
20
t
v -1 -2 3 4 5 -6 -7 8 9 -10 11 -12 -13 14 -15 -16 -17 -18 -19 20 0
19
t
v -1 -2 3 4 -5 -6 -7 8 9 -10 -11 -12 13 14 -15 16 17 18 -19 -20 0
18
t
v -1 2 3 -4 5 6 7 -8 -9 -10 11 12 13 -14 15 16 17 18 19 20 0
21
t
v 1 2 3 -4 5 -6 -7 -8 9 10 11 -12 -13 14 -15 16 17 18 19 -20 0
20
t
v -1 2 3 4 5 6 7 -8 -9 -10 -11 12 -13 -14 -15 -16 -17 18 19 20 0
19
t
v -1 -2 3 -4 5 -6 -7 8 9 -10 -11 -12 13 -14 -15 16 -17 18 19 20 0
19
t
v 1 -2 -3 4 5 -6 -7 8 9 10 11 12 -13 -14 -15 16 17 18 19 20 0
22
t
v 1 -2 -3 -4 -5 6 -7 -8 -9 -10 -11 12 -13 14 15 16 -17 -18 19 20 0
20
t
v -1 2 -3 4 5 -6 7 -8 9 -10 -11 -12 -13 14 15 16 17 -18 -19 20 0
22
t
v 1 -2 -3 4 5 6 -7 -8 -9 -10 -11 -12 -13 14 15 -16 17 -18 19 20 0
21
t
v 1 -2 3 4 -5 6 -7 -8 9 -10 -11 12 13 -14 -15 -16 17 18 19 20 0
19
t
v -1 -2 -3 -4 -5 -6 -7 8 9 -10 -11 -12 13 14 -15 16 -17 -18 19 20 0
22
t
v 1 2 -3 4 5 6 7 -8 -9 -10 -11 -12 13 -14 15 -16 17 -18 -19 20 0
20
t
v 1 -2 -3 4 5 -6 7 8 -9 -10 -11 12 -13 14 15 -16 17 -18 19 20 0
19
t
v 1 -2 3 4 5 6 -7 -8 9 10 11 12 -13 14 -15 16 17 -18 -19 -20 0
21
t
v 1 -2 3 -4 -5 6 -7 8 9 -10 -11 -12 -13 14 -15 16 -17 -18 -19 -20 0
21
t
v -1 2 3 4 5 -6 -7 8 -9 -10 11 12 -13 -14 -15 16 17 18 -19 -20 0
19
t
v 1 -2 3 4 -5 6 -7 -8 -9 -10 11 12 -13 -14 -15 16 -17 18 -19 20 0
21
t
v 1 2 -3 -4 -5 6 7 -8 -9 -10 -11 -12 -13 14 -15 16 17 -18 -19 -20 0
21
t
v 1 -2 -3 -4 5 -6 7 8 -9 -10 11 -12 13 -14 -15 -16 17 18 19 -20 0
19
t
v 1 -2 3 4 5 -6 -7 -8 9 -10 11 12 -13 14 -15 -16 17 -18 19 20 0
22
t
v 1 2 -3 4 -5 6 -7 -8 -9 -10 11 12 13 -14 15 -16 -17 18 -19 -20 0
21
t
v -1 -2 -3 4 5 -6 7 8 9 10 11 -12 13 -14 -15 16 -17 18 -19 -20 0
24
t
v -1 2 3 4 5 6 -7 8 -9 10 11 12 -13 -14 15 16 17 18 19 20 0
20
t
v -1 -2 -3 -4 5 6 7 8 -9 10 -11 -12 -13 -14 -15 -16 17 -18 19 20 0
22
t
v 1 -2 3 4 5 6 7 8 -9 10 -11 -12 13 -14 -15 16 17 18 -19 20 0
20
t
v 1 -2 3 -4 5 -6 -7 8 9 10 11 -12 -13 -14 -15 16 17 18 19 -20 0
22
t
v 1 -2 -3 4 -5 6 -7 -8 -9 -10 11 12 -13 -14 15 -16 -17 18 19 -20 0
21
t
v 1 2 3 -4 -5 6 7 8 -9 -10 -11 12 -13 -14 -15 -16 17 18 19 20 0
19
t
v -1 -2 3 4 5 6 7 -8 9 -10 11 12 -13 -14 15 -16 17 18 19 -20 0
22
t
v -1 2 3 4 -5 6 7 -8 9 10 -11 -12 -13 14 15 16 -17 -18 -19 -20 0
20
t
v 1 -2 -3 -4 -5 -6 -7 8 -9 10 11 -12 13 14 -15 16 -17 18 19 -20 0
22
t
v -1 -2 3 4 5 -6 7 -8 -9 -10 11 -12 13 -14 15 -16 -17 18 -19 -20 0
21
t
v -1 2 -3 4 -5 6 7 8 9 10 11 -12 -13 -14 -15 16 17 18 19 -20 0
21
t
v 1 2 3 4 5 -6 7 -8 -9 -10 -11 12 -13 -14 15 -16 17 -18 19 20 0
22
t
v -1 2 -3 4 5 -6 7 -8 9 -10 -11 -12 -13 -14 -15 16 17 -18 19 -20 0
19
