t
23.080000
23136
t
6.280000
6306
t
1.030000
1059
t
27.420000
27435
t
0.170000
192
t
18.549999
18576
t
7.340000
7394
t
6.330000
6364
t
14.210000
14235
t
6.930000
6958
t
43.869999
43889
t
4.040000
4067
t
0.500000
524
t
7.990000
8014
t
0.790000
819
t
2.190000
2223
t
30.080000
30104
t
0.160000
183
t
22.020000
22045
t
1.470000
1498
t
0.670000
702
t
0.320000
351
t
2.870000
2896
t
9.330000
9360
t
26.610001
26641
t
1.010000
1048
t
0.250000
283
t
3.950000
3977
t
3.850000
3880
t
66.809998
66827
t
0.220000
245
t
1.250000
1266
t
0.230000
288
t
0.610000
634
t
2.090000
2115
t
28.280001
28303
t
0.020000
39
t
16.030001
16046
t
1.040000
1079
t
0.320000
367
t
34.209999
34245
t
2.730000
2774
t
0.250000
276
t
5.610000
5629
t
19.610001
19626
t
0.720000
737
t
1.690000
1712
t
4.670000
4695
t
12.060000
12095
t
25.110001
25129
t
0.290000
305
t
3.530000
3548
t
1.440000
1461
t
0.670000
695
t
0.360000
376
t
2.450000
2475
t
76.230003
76246
t
1.270000
1304
t
0.350000
376
t
22.680000
22692
t
19.900000
19919
t
0.090000
112
t
21.740000
21768
t
1.430000
1459
t
9.030000
9058
t
4.700000
4720
t
16.070000
16096
t
1.320000
1355
t
15.400000
15433
t
18.980000
19001
t
0.670000
689
t
0.090000
110
t
5.970000
5992
t
19.889999
19913
t
1.840000
1872
t
2.110000
2132
t
23.820000
23854
t
3.620000
3639
t
0.960000
983
t
0.020000
35
t
0.990000
1014
t
0.070000
102
t
4.390000
4422
t
0.710000
726
t
3.320000
3338
t
26.670000
26686
t
5.820000
5838
t
10.240000
10257
t
17.860001
17882
t
0.970000
998
t
0.090000
110
t
0.580000
599
t
0.440000
452
t
6.190000
6211
t
15.230000
15246
t
0.150000
169
t
2.220000
2234
t
0.350000
370
t
3.280000
3295
t
100.629997
100647
t
1.010000
1028
t
1.910000
1927
t
0.160000
179
t
2.540000
2557
t
17.500000
17520
t
20.209999
20238
t
1.300000
1320
t
1.020000
1037
t
0.120000
133
t
2.020000
2042
t
27.240000
27265
t
6.630000
6656
t
3.910000
3936
t
0.440000
459
t
0.030000
50
t
3.380000
3397
t
0.050000
69
t
9.030000
9045
t
1.140000
1162
t
50.910000
50936
t
12.750000
12767
t
0.400000
419
t
13.170000
13183
t
0.720000
747
t
1.890000
1905
t
1.290000
1316
t
3.310000
3338
t
24.980000
24997
t
22.469999
22490
t
43.360001
43376
t
1.810000
1829
t
0.460000
473
t
36.450001
36473
t
16.510000
16528
t
0.540000
556
t
0.030000
45
t
0.390000
405
t
5.280000
5293
t
12.370000
12387
t
0.800000
825
t
2.090000
2107
t
7.810000
7836
t
2.520000
2540
t
3.200000
3220
t
1.280000
1298
t
1.810000
1828
t
6.630000
6652
t
4.410000
4434
t
0.420000
439
t
0.150000
169
t
92.669998
92678
t
1.300000
1319
t
2.540000
2563
t
3.620000
3640
t
77.699997
77713
t
1.260000
1287
t
0.100000
113
t
0.230000
245
t
20.170000
20189
t
1.890000
1909
t
4.560000
4585
t
8.070000
8095
t
18.709999
18741
t
35.080002
35100
t
3.840000
3855
t
5.840000
5859
t
0.940000
958
t
19.900000
19912
t
0.040000
60
t
0.190000
207
t
1.800000
1820
t
7.100000
7113
t
13.010000
13025
t
0.210000
236
t
1.160000
1177
t
41.630001
41645
t
1.190000
1205
t
0.210000
230
t
6.460000
6481
t
4.470000
4487
t
9.940000
9962
t
0.690000
712
t
0.430000
446
t
6.990000
7009
t
0.280000
307
t
4.700000
4726
t
9.630000
9662
t
1.340000
1364
t
2.430000
2447
t
1.710000
1736
t
23.190001
23220
t
3.140000
3158
t
3.610000
3625
t
43.759998
43776
t
0.490000
506
t
1.990000
2010
t
12.520000
12542
t
0.550000
568
t
4.360000
4378
t
3.760000
3780
t
1.870000
1888
t
1.190000
1206
t
0.620000
637
t
5.550000
5569
t
8.510000
8531
t
0.060000
76
t
0.670000
685
t
4.860000
4882
t
12.290000
12307
t
1.040000
1065
t
15.130000
15150
t
2.400000
2418
t
1.770000
1786
t
1.470000
1494
t
3.120000
3150
t
0.860000
875
t
7.480000
7507
t
0.630000
657
t
2.290000
2313
t
13.360000
13376
t
13.480000
13493
t
1.760000
1780
t
0.660000
679
t
0.190000
206
t
0.230000
241
t
14.940000
14964
t
7.790000
7818
t
14.910000
14932
t
1.080000
1101
t
7.590000
7605
t
0.420000
432
t
0.480000
498
t
0.060000
78
t
0.630000
643
t
11.210000
11235
t
0.110000
126
t
0.070000
92
t
0.480000
500
t
0.920000
938
t
109.330002
109341
t
44.439999
44452
t
0.720000
732
t
4.250000
4269
t
0.240000
257
t
7.590000
7611
t
1.210000
1233
t
0.680000
702
t
94.940002
94945
t
15.800000
15821
t
0.010000
31
t
0.030000
46
t
0.100000
117
t
1.830000
1857
t
0.400000
431
t
5.290000
5312
t
0.120000
135
t
0.140000
153
t
1.000000
1021
t
0.110000
131
t
0.200000
211
t
24.520000
24540
t
5.490000
5512
t
5.760000
5781
t
0.040000
55
t
0.050000
64
t
18.680000
18698
t
4.590000
4614
t
2.420000
2436
t
0.450000
471
t
71.209999
71229
t
7.980000
8002
t
0.470000
496
t
3.250000
3278
t
18.959999
18987
t
0.470000
490
t
5.280000
5300
t
1.560000
1577
t
0.620000
644
t
11.100000
11116
t
3.830000
3854
t
1.600000
1621
t
0.540000
564
t
0.390000
408
t
8.460000
8483
t
1.500000
1524
t
23.540001
23561
t
4.270000
4295
t
1.460000
1489
t
1.620000
1637
t
1.810000
1825
t
0.020000
40
t
39.029999
39047
t
0.860000
878
t
2.470000
2488
t
13.390000
13412
t
21.170000
21195
t
38.270000
38291
t
2.800000
2821
t
0.300000
318
t
0.270000
291
t
53.939999
53967
t
22.600000
22626
t
1.360000
1385
t
1.310000
1330
t
0.230000
249
t
0.860000
885
t
1.670000
1685
t
17.860001
17876
t
11.820000
11843
t
1.190000
1208
t
41.500000
41517
t
1.620000
1647
t
1.050000
1070
t
0.220000
245
t
1.040000
1054
t
0.930000
944
t
0.560000
574
t
13.060000
13081
t
39.990002
40004
t
2.110000
2127
t
10.090000
10133
t
15.940000
15957
t
1.760000
1780
t
1.400000
1427
t
32.669998
32684
t
11.570000
11586
t
16.190001
16207
t
3.900000
3915
t
1.120000
1134
t
0.430000
446
t
5.300000
5321
t
0.920000
933
t
1.300000
1317
t
0.540000
566
t
0.340000
352
t
5.840000
5860
t
2.260000
2287
t
5.710000
5735
t
5.410000
5436
t
0.700000
730
t
7.520000
7541
t
0.610000
632
t
0.150000
169
t
14.320000
14339
t
25.459999
25472
t
18.809999
18831
t
26.480000
26503
t
0.070000
90
t
0.750000
765
t
75.459999
75477
t
4.360000
4376
t
56.480000
56498
t
1.790000
1807
t
1.460000
1482
t
1.060000
1092
t
4.110000
4126
t
0.410000
436
t
17.570000
17589
t
69.370003
69383
t
0.280000
302
t
0.320000
339
t
0.080000
95
t
3.850000
3872
t
0.200000
216
t
2.100000
2121
t
3.470000
3490
t
47.099998
47118
t
1.370000
1388
t
2.530000
2552
t
6.960000
6983
t
5.930000
5952
t
8.740000
8754
t
1.480000
1504
t
5.400000
5434
t
1.390000
1412
t
20.299999
20334
t
0.170000
198
t
0.030000
54
t
3.760000
3797
t
12.560000
12607
t
0.120000
151
t
46.150002
46186
t
0.810000
853
t
21.889999
21914
t
0.040000
67
t
0.780000
796
t
12.780000
12808
t
2.640000
2675
t
35.610001
35642
t
7.640000
7661
t
48.450001
48464
t
2.430000
2462
t
14.900000
14929
t
2.610000
2631
t
0.770000
798
t
0.540000
566
t
0.080000
109
t
0.870000
898
t
7.030000
7056
t
2.840000
2868
t
0.230000
260
t
21.830000
21850
t
4.390000
4422
t
0.020000
34
t
0.030000
47
t
2.320000
2337
t
0.350000
371
t
23.400000
23420
t
0.060000
99
t
18.299999
18326
t
11.160000
11181
t
25.180000
25199
t
2.250000
2277
t
7.170000
7200
t
2.870000
2899
t
0.760000
781
t
0.030000
49
t
34.650002
34659
t
6.810000
6825
t
4.580000
4598
t
4.550000
4576
t
4.760000
4777
t
2.640000
2664
t
1.150000
1169
t
7.050000
7069
t
19.690001
19704
t
5.220000
5244
t
0.590000
611
t
15.340000
15359
t
4.540000
4552
t
3.180000
3200
t
0.370000
394
t
25.070000
25087
t
2.340000
2361
t
8.740000
8764
t
5.490000
5514
t
3.380000
3407
t
6.440000
6471
t
0.450000
471
t
24.100000
24128
t
31.090000
31127
t
54.009998
54024
t
5.990000
6004
t
0.980000
991
t
1.310000
1330
t
0.930000
943
t
91.070000
91078
t
7.240000
7262
t
0.020000
41
t
4.700000
4714
t
10.710000
10740
t
5.740000
5755
t
17.500000
17510
t
1.130000
1146
t
2.450000
2472
t
0.540000
554
t
0.030000
42
t
0.650000
665
t
1.020000
1038
t
4.060000
4073
t
0.660000
673
t
3.870000
3880
t
10.320000
10338
t
4.030000
4041
t
10.730000
10745
t
11.710000
11723
t
48.790001
48804
t
0.660000
678
t
1.730000
1748
t
11.480000
11499
t
24.150000
24168
t
0.050000
58
t
0.480000
494
t
38.709999
38727
t
4.430000
4464
t
3.830000
3853
t
0.630000
655
t
137.809998
137818
t
1.150000
1173
t
1.980000
2002
t
0.120000
144
t
2.680000
2704
t
0.780000
800
t
1.920000
1945
t
127.480003
127483
t
54.470001
54481
t
0.170000
188
t
0.400000
411
t
4.760000
4780
t
17.760000
17781
t
6.600000
6625
t
0.760000
772
t
0.940000
953
t
2.120000
2137
t
27.840000
27850
t
0.470000
483
t
65.260002
65265
t
1.310000
1336
t
18.059999
18080
t
112.070000
112077
t
11.750000
11765
t
73.639999
73658
t
7.800000
7830
t
0.700000
716
t
1.230000
1243
t
0.300000
313
t
0.860000
872
t
0.260000
276
t
0.310000
325
t
8.710000
8730
t
5.410000
5438
t
0.060000
75
t
95.750000
95757
t
3.030000
3053
t
45.180000
45190
t
2.260000
2285
t
9.170000
9193
t
1.140000
1158
t
0.360000
375
t
2.260000
2277
t
0.080000
96
t
4.370000
4388
t
0.890000
908
t
2.370000
2392
t
0.540000
557
t
14.080000
14096
t
0.410000
430
t
3.370000
3381
t
0.360000
378
t
4.270000
4288
t
53.310001
53322
t
0.050000
69
t
6.260000
6282
t
1.540000
1565
t
0.410000
422
t
0.060000
78
t
2.550000
2564
t
5.170000
5207
t
0.900000
918
t
0.650000
664
t
1.500000
1524
t
0.820000
842
t
0.060000
81
t
1.580000
1593
t
8.600000
8624
t
7.880000
7903
t
1.530000
1551
t
0.150000
172
t
0.240000
252
t
0.850000
865
t
0.410000
428
t
35.919998
35937
t
0.600000
614
t
19.070000
19084
t
0.710000
730
t
37.259998
37265
t
27.969999
27987
t
5.460000
5481
t
0.510000
528
t
2.510000
2531
t
3.240000
3256
t
4.520000
4537
t
29.049999
29074
t
4.740000
4758
t
17.299999
17316
t
62.639999
62661
t
0.210000
230
t
5.320000
5338
t
2.540000
2558
t
51.950001
51963
t
0.150000
164
t
38.590000
38601
t
0.190000
202
t
1.200000
1212
t
6.280000
6289
t
0.860000
870
t
1.200000
1219
t
4.590000
4604
t
4.660000
4680
t
7.450000
7462
t
1.140000
1160
t
128.539993
128549
t
14.400000
14442
t
0.100000
119
t
3.980000
3997
t
8.060000
8076
t
26.360001
26383
t
0.090000
104
t
0.940000
956
t
5.170000
5187
t
0.220000
231
t
4.200000
4217
t
3.080000
3097
t
0.080000
93
t
3.200000
3217
t
0.030000
45
t
1.790000
1804
t
0.160000
180
t
0.480000
493
t
43.389999
43410
t
13.980000
14001
t
0.110000
123
t
1.260000
1277
t
0.060000
77
t
2.690000
2705
t
0.100000
119
t
0.210000
222
t
3.230000
3252
t
0.190000
201
t
9.080000
9100
t
1.490000
1512
t
3.250000
3268
t
3.090000
3118
t
1.270000
1284
t
1.340000
1362
t
1.010000
1026
t
0.190000
206
t
0.660000
678
t
4.290000
4309
t
7.540000
7559
t
9.400000
9413
t
2.400000
2421
t
1.350000
1371
t
0.550000
567
t
1.780000
1801
t
2.920000
2939
t
0.050000
63
t
0.750000
764
t
5.840000
5850
t
8.170000
8193
t
5.890000
5902
t
17.780001
17797
t
3.400000
3422
t
3.010000
3029
t
0.040000
56
t
0.280000
294
t
0.610000
623
t
17.370001
17382
t
13.580000
13595
t
0.050000
62
t
1.780000
1798
t
45.680000
45688
t
23.639999
23656
t
0.390000
410
t
2.160000
2173
t
5.190000
5210
t
1.730000
1748
t
0.620000
639
t
0.810000
822
t
0.300000
310
t
0.710000
725
t
9.130000
9144
t
5.010000
5026
t
1.900000
1930
t
24.540001
24579
t
6.500000
6516
t
2.840000
2866
t
11.190000
11212
t
5.530000
5549
t
63.610001
63629
t
0.650000
660
t
1.140000
1157
t
2.140000
2157
t
6.000000
6019
t
4.030000
4042
t
5.940000
5957
t
40.849998
40866
t
0.140000
156
t
4.170000
4183
t
6.090000
6105
t
11.630000
11650
t
20.000000
20023
t
1.220000
1232
t
76.250000
76258
t
14.110000
14126
t
1.160000
1187
t
16.920000
16947
t
0.070000
87
t
13.410000
13421
t
0.390000
406
t
4.140000
4153
t
7.100000
7118
t
13.240000
13255
t
3.770000
3790
t
0.110000
130
t
0.170000
183
t
0.040000
60
t
22.000000
22019
t
21.190001
21211
t
92.360001
92372
t
1.700000
1718
t
20.680000
20696
t
8.940000
8963
t
0.060000
81
t
1.420000
1442
t
4.550000
4580
t
5.280000
5304
t
5.390000
5403
t
32.279999
32301
t
3.960000
3993
t
3.360000
3382
t
7.140000
7166
t
0.750000
770
t
1.660000
1677
t
3.660000
3681
t
0.050000
73
t
0.050000
63
t
5.710000
5724
t
1.040000
1062
t
4.190000
4208
t
0.440000
461
t
1.490000
1513
t
0.080000
99
t
3.250000
3274
t
1.160000
1176
t
0.440000
457
t
50.790001
50808
t
33.000000
33025
t
0.220000
241
t
8.380000
8406
t
2.640000
2685
t
0.930000
963
t
2.240000
2262
t
0.440000
475
t
0.160000
184
t
0.240000
264
t
7.880000
7905
t
1.200000
1224
t
2.570000
2596
t
0.150000
179
t
4.510000
4535
t
4.360000
4385
t
4.190000
4219
t
5.130000
5152
t
4.730000
4745
t
4.050000
4065
t
2.710000
2739
t
9.580000
9608
t
6.990000
7021
t
21.629999
21649
t
3.390000
3409
t
3.110000
3129
t
5.930000
5949
t
4.050000
4066
t
31.200001
31220
t
0.210000
232
t
0.550000
568
t
0.200000
213
t
7.440000
7460
t
0.680000
700
t
4.700000
4713
t
0.600000
614
t
0.630000
643
t
23.150000
23167
t
2.940000
2961
t
0.040000
60
t
1.450000
1471
t
1.890000
1911
t
0.100000
115
t
1.490000
1513
t
120.470001
120486
t
1.200000
1224
t
14.620000
14641
t
0.700000
725
t
0.060000
78
t
0.230000
240
t
27.879999
27891
t
0.420000
438
t
4.940000
4956
t
0.390000
406
t
43.919998
43929
t
64.489998
64502
t
25.219999
25236
t
0.340000
357
t
6.240000
6258
t
8.110000
8132
t
0.720000
733
t
2.700000
2717
t
0.200000
214
t
0.640000
654
t
0.240000
255
t
0.040000
61
t
17.190001
17209
t
4.350000
4374
t
12.020000
12056
t
0.490000
513
t
4.310000
4341
t
13.250000
13278
t
3.210000
3227
t
4.060000
4081
t
10.560000
10580
t
0.180000
193
t
4.630000
4649
t
4.340000
4356
t
14.520000
14543
t
6.670000
6692
t
2.040000
2057
t
0.460000
479
t
1.960000
1974
t
0.020000
38
t
0.760000
774
t
0.990000
1003
t
24.450001
24465
t
1.140000
1164
t
0.940000
965
t
21.360001
21375
t
0.140000
158
t
0.320000
341
t
10.940000
10968
t
17.540001
17553
t
0.310000
327
t
24.280001
24295
t
5.520000
5536
t
1.500000
1519
t
9.900000
9914
t
0.700000
722
t
0.400000
416
t
3.260000
3283
t
2.090000
2114
t
3.290000
3306
t
11.260000
11276
t
0.230000
245
t
2.250000
2264
t
0.030000
47
t
7.510000
7524
t
5.810000
5828
t
43.980000
43994
t
0.770000
785
t
7.440000
7454
t
2.470000
2492
t
5.310000
5326
t
25.969999
25988
t
3.390000
3407
t
2.160000
2183
t
0.870000
885
t
0.430000
450
t
18.059999
18079
t
1.520000
1537
t
38.540001
38553
t
2.320000
2339
t
1.910000
1929
t
0.680000
695
t
11.010000
11029
t
11.900000
11916
t
2.060000
2078
t
0.330000
351
t
0.760000
774
t
0.040000
66
t
0.610000
624
t
18.170000
18181
t
0.340000
362
t
27.540001
27551
t
53.430000
53448
t
9.410000
9427
t
54.410000
54426
t
96.529999
96539
t
0.390000
410
t
0.010000
29
t
2.280000
2299
t
4.400000
4426
t
1.270000
1304
t
12.760000
12783
t
12.990000
13005
t
9.010000
9026
t
30.610001
30635
t
0.490000
511
t
0.340000
353
t
6.790000
6807
t
3.450000
3463
t
0.360000
377
t
0.350000
363
t
13.930000
13944
t
40.610001
40634
t
2.580000
2604
t
0.920000
951
t
1.180000
1203
t
4.150000
4171
t
294.500000
294484
t
252.850006
252845
t
13.660000
13679
t
1.470000
1484
t
5.920000
5944
t
0.630000
646
t
56.610001
56622
t
15.970000
15990
t
1.540000
1559
t
0.440000
456
t
0.660000
674
t
9.920000
9932
t
4.580000
4598
t
0.940000
953
t
0.220000
236
t
10.790000
10806
t
6.070000
6085
t
1.910000
1927
t
125.620003
125625
t
7.840000
7860
t
4.670000
4692
t
9.710000
9745
t
2.080000
2101
t
2.450000
2466
t
26.590000
26606
t
48.689999
48704
t
0.080000
95
t
37.700001
37713
t
6.150000
6165
t
0.110000
120
t
1.640000
1655
t
0.050000
59
t
4.900000
4910
t
14.640000
14654
t
1.300000
1318
t
8.970000
8986
t
0.610000
628
t
0.300000
311
t
8.240000
8249
t
3.090000
3105
t
0.080000
91
t
2.730000
2745
t
16.799999
16819
t
0.510000
518
t
0.370000
384
t
10.810000
10819
t
22.910000
22927
t
0.120000
135
t
0.070000
82
t
16.709999
16720
t
9.910000
9932
t
7.910000
7926
t
4.940000
4953
t
3.930000
3956
t
1.420000
1431
t
0.030000
49
t
11.210000
11229
t
0.930000
945
t
0.290000
304
t
0.530000
552
t
0.070000
89
t
3.790000
3805
t
1.460000
1488
t
50.200001
50224
t
18.610001
18622
t
53.009998
53022
t
14.080000
14098
t
12.800000
12821
t
13.450000
13467
t
4.920000
4943
t
11.820000
11840
t
0.890000
914
t
187.320007
187320
t
1.000000
1029
t
0.290000
308
t
7.620000
7633
t
1.400000
1424
t
0.780000
797
t
3.190000
3225
t
6.770000
6793
t
0.700000
717
t
0.330000
343
t
6.030000
6045
t
45.830002
45849
t
4.190000
4204
t
1.580000
1600
t
4.740000
4758
t
0.040000
62
t
1.100000
1113
t
0.650000
669
t
0.370000
386
t
0.390000
407
t
0.510000
520
t
0.890000
910
t
5.230000
5252
t
2.080000
2104
t
2.970000
2987
t
4.300000
4318
t
6.120000
6145
t
1.980000
1995
t
33.189999
33214
t
0.940000
956
t
82.809998
82820
t
4.300000
4317
t
48.770000
48780
t
8.170000
8187
t
12.210000
12226
t
1.170000
1184
t
0.760000
780
t
32.250000
32263
t
0.970000
985
t
1.790000
1813
t
0.830000
851
t
1.640000
1659
t
0.580000
603
t
4.000000
4015
t
4.930000
4952
t
1.160000
1180
t
0.210000
233
t
1.200000
1221
t
19.440001
19461
t
0.110000
132
t
28.750000
28773
