t
3.850000
3950
t
66.680000
67183
t
0.140000
155
t
45.110001
45108
t
0.030000
47
t
1.200000
1214
t
8.180000
8190
t
5.660000
5677
t
1.010000
1024
t
11.700000
11715
t
7.700000
7715
t
2.500000
2520
t
3.560000
3575
t
1.770000
1782
t
2.080000
2096
t
2.860000
2881
t
4.650000
4660
t
0.260000
273
t
9.740000
9749
t
0.430000
442
t
0.040000
47
t
8.360000
8372
t
0.140000
152
t
20.200001
20213
t
25.299999
25302
t
0.430000
443
t
0.020000
26
t
0.820000
831
t
3.200000
3210
t
15.700000
15712
t
0.780000
797
t
0.080000
95
t
4.810000
4826
t
0.030000
46
t
5.310000
5323
t
18.260000
18283
t
6.880000
6899
t
3.460000
3471
t
0.600000
613
t
0.530000
538
t
26.719999
26743
t
10.790000
10799
t
0.300000
309
t
10.750000
10764
t
7.130000
7136
t
1.240000
1248
t
1.010000
1025
t
17.950001
17951
t
19.860001
19876
t
1.820000
1831
t
0.430000
442
t
2.550000
2559
t
72.959999
72970
t
1.760000
1773
t
2.360000
2368
t
0.400000
413
t
10.800000
10811
t
2.000000
2009
t
3.150000
3164
t
54.200001
54190
t
27.940001
27953
t
0.260000
269
t
0.120000
133
t
3.350000
3364
t
0.900000
911
t
1.150000
1168
t
7.720000
7737
t
0.310000
322
t
10.760000
10772
t
4.550000
4559
t
1.600000
1615
t
0.990000
1004
t
50.110001
50114
t
8.020000
8039
t
12.650000
12661
t
1.250000
1266
t
20.660000
20666
t
15.580000
15598
t
0.470000
483
t
0.130000
136
t
2.070000
2086
t
0.190000
203
t
9.020000
9034
t
0.060000
73
t
0.870000
877
t
6.450000
6458
t
13.970000
13979
t
0.560000
577
t
25.830000
25835
t
6.710000
6732
t
0.160000
175
t
4.460000
4466
t
4.510000
4524
t
5.920000
5930
t
8.390000
8410
t
0.670000
683
t
1.260000
1274
t
0.810000
826
t
2.570000
2582
t
24.440001
24458
t
1.940000
1949
t
2.450000
2466
t
0.120000
136
t
9.070000
9084
t
1.430000
1441
t
5.120000
5129
t
6.670000
6678
t
0.510000
524
t
0.310000
324
t
0.980000
989
t
30.010000
30019
t
37.189999
37204
t
0.670000
679
t
0.460000
471
t
3.480000
3493
t
1.260000
1275
t
0.320000
333
t
2.670000
2682
t
1.580000
1594
t
22.930000
22953
t
26.969999
27037
t
0.440000
450
t
1.310000
1333
t
9.240000
9260
t
6.540000
6559
t
0.680000
692
t
0.860000
878
t
8.710000
8718
t
4.630000
4642
t
12.270000
12291
t
0.890000
905
t
1.000000
1025
t
43.279999
43344
t
0.140000
156
t
0.200000
212
t
0.060000
72
t
8.300000
8316
t
9.210000
9222
t
5.790000
5804
t
0.020000
35
t
0.180000
187
t
6.200000
6206
t
11.620000
11637
t
22.480000
22493
t
7.230000
7247
t
70.279999
70304
t
2.010000
2022
t
5.730000
5745
t
0.030000
44
t
0.020000
30
t
6.790000
6801
t
4.920000
4940
t
0.700000
707
t
5.970000
5981
t
2.460000
2472
t
2.620000
2635
t
0.930000
943
t
12.940000
12960
t
68.750000
68775
t
5.910000
5924
t
6.180000
6197
t
29.670000
29684
t
0.690000
706
t
6.280000
6290
t
3.840000
3862
t
7.630000
7662
t
2.970000
2987
t
15.040000
15056
t
0.340000
353
t
0.770000
781
t
3.000000
3019
t
14.990000
15014
t
1.670000
1683
t
1.320000
1333
t
9.060000
9262
t
1.920000
1947
t
1.650000
1687
t
0.010000
19
t
3.230000
3297
t
11.740000
11770
t
86.769997
86794
t
25.590000
25602
t
0.160000
168
t
0.150000
165
t
0.320000
330
t
7.410000
7430
t
3.770000
3780
t
1.370000
1385
t
3.210000
3222
t
0.580000
594
t
11.050000
11064
t
0.070000
86
t
8.550000
8566
t
133.630005
133670
t
2.830000
2849
t
1.050000
1063
t
181.369995
181404
t
1.010000
1021
t
4.940000
4952
t
1.200000
1216
t
7.440000
7453
t
13.140000
13159
t
28.320000
28334
t
2.120000
2132
t
0.020000
32
t
0.060000
71
t
1.830000
1843
t
1.280000
1290
t
3.030000
3047
t
1.430000
1436
t
9.050000
9069
t
7.080000
7096
t
0.710000
719
t
2.920000
2932
t
1.150000
1157
t
18.799999
18818
t
14.230000
14254
t
1.290000
1306
t
1.520000
1533
t
6.640000
6658
t
11.870000
11879
t
0.680000
690
t
0.180000
190
t
0.510000
518
t
5.240000
5254
t
25.959999
25972
t
0.590000
604
t
20.799999
20819
t
1.070000
1081
t
11.730000
11752
t
1.210000
1224
t
1.670000
1684
t
2.980000
2994
t
0.710000
716
t
4.810000
4820
t
0.180000
189
t
0.110000
123
t
0.120000
126
t
0.350000
360
t
0.590000
605
t
191.820007
191848
t
0.050000
60
t
0.490000
503
t
0.500000
508
t
6.140000
6155
t
1.540000
1549
t
1.560000
1574
t
44.209999
44228
t
7.320000
7331
t
0.010000
19
t
0.080000
94
t
0.150000
163
t
0.610000
624
t
0.420000
431
t
43.380001
43403
t
0.180000
192
t
1.550000
1562
t
6.780000
6790
t
0.080000
89
t
0.110000
116
t
7.050000
7066
t
10.980000
10998
t
0.560000
568
t
0.800000
815
t
0.260000
274
t
3.940000
3949
t
10.340000
10349
t
7.370000
7392
t
0.590000
606
t
8.900000
8928
t
3.580000
3593
t
0.140000
153
t
3.140000
3158
t
3.110000
3121
t
5.250000
5269
t
2.190000
2205
t
6.120000
6132
t
0.010000
17
t
11.140000
11150
t
1.800000
1810
t
0.410000
420
t
1.880000
1892
t
1.260000
1278
t
25.120001
25136
t
2.120000
2136
t
4.030000
4045
t
2.490000
2499
t
1.040000
1055
t
5.950000
5963
t
1.990000
2005
t
0.230000
242
t
2.530000
2542
t
2.290000
2301
t
0.950000
964
t
48.700001
48716
t
23.070000
23091
t
0.430000
444
t
2.720000
2737
t
0.630000
642
t
0.060000
76
t
0.590000
602
t
14.280000
14291
t
2.720000
2737
t
0.170000
179
t
0.140000
152
t
4.770000
4785
t
0.380000
396
t
5.570000
5585
t
16.459999
16478
t
2.790000
2805
t
2.510000
2531
t
1.350000
1375
t
0.280000
310
t
0.780000
790
t
6.690000
6730
t
0.270000
284
t
1.470000
1485
t
0.820000
846
t
4.850000
4866
t
0.110000
125
t
4.110000
4126
t
1.500000
1518
t
1.580000
1587
t
5.950000
5968
t
24.559999
24579
t
0.590000
605
t
5.090000
5102
t
1.240000
1249
t
1.350000
1359
t
2.700000
2711
t
5.850000
5865
t
0.340000
354
t
3.880000
3898
t
0.100000
112
t
0.450000
461
t
6.030000
6048
t
3.320000
3336
t
1.940000
1952
t
5.880000
5894
t
1.330000
1351
t
20.100000
20123
t
3.460000
3479
t
0.540000
554
t
25.150000
25159
t
3.030000
3045
t
10.260000
10281
t
27.040001
27060
t
0.590000
597
t
1.030000
1050
t
4.430000
4445
t
2.770000
2786
t
50.230000
50257
t
0.560000
572
t
1.570000
1584
t
33.459999
33467
t
5.560000
5571
t
2.170000
2186
t
3.140000
3151
t
36.730000
36739
t
0.560000
576
t
0.920000
930
t
0.100000
115
t
9.410000
9426
t
3.570000
3580
t
1.830000
1845
t
2.550000
2563
t
7.560000
7578
t
25.959999
25975
t
55.820000
55836
t
1.100000
1111
t
2.180000
2195
t
6.530000
6545
t
0.170000
180
t
1.250000
1265
t
0.730000
739
t
51.509998
51536
t
0.140000
154
t
0.740000
753
t
3.110000
3120
t
28.510000
28530
t
2.180000
2191
t
22.370001
22386
t
0.600000
619
t
20.610001
20628
t
0.330000
338
t
0.970000
977
t
1.200000
1210
t
0.940000
948
t
2.070000
2081
t
15.540000
15560
t
18.959999
18976
t
1.390000
1404
t
34.820000
34845
t
33.169998
33195
t
1.450000
1464
t
0.130000
143
t
1.860000
1874
t
1.480000
1490
t
34.590000
34600
t
3.550000
3566
t
0.190000
201
t
2.650000
2665
t
22.340000
22363
t
0.350000
365
t
0.770000
785
t
0.690000
700
t
0.540000
552
t
12.680000
12692
t
0.060000
73
t
44.779999
44801
t
2.800000
2817
t
1.440000
1455
t
8.320000
8331
t
11.320000
11337
t
10.740000
10753
t
1.210000
1227
t
0.140000
151
t
69.629997
69645
t
3.520000
3536
t
64.860001
64873
t
0.770000
779
t
3.650000
3660
t
0.640000
654
t
0.150000
157
t
3.000000
3020
t
0.860000
875
t
0.580000
591
t
2.200000
2213
t
1.060000
1077
t
70.349998
70371
t
1.740000
1749
t
0.290000
300
t
0.800000
817
t
4.580000
4595
t
5.530000
5542
t
6.000000
6013
t
1.400000
1408
t
18.780001
18802
t
0.720000
729
t
16.780001
16803
t
46.720001
46746
t
47.349998
47355
t
1.300000
1313
t
0.070000
83
t
0.300000
312
t
1.400000
1409
t
201.270004
201292
t
22.480000
22501
t
0.010000
22
t
4.520000
4539
t
4.120000
4142
t
15.020000
15039
t
3.640000
3660
t
3.980000
3996
t
17.670000
17689
t
2.850000
2862
t
0.280000
290
t
0.220000
234
t
1.290000
1303
t
3.380000
3395
t
0.130000
145
t
0.110000
126
t
0.410000
426
t
11.720000
11745
t
0.290000
303
t
1.880000
1888
t
8.430000
8450
t
2.940000
2950
t
0.610000
627
t
3.810000
3826
t
4.990000
5008
t
0.120000
135
t
2.790000
2807
t
28.080000
28088
t
2.650000
2665
t
7.630000
7643
t
2.210000
2223
t
203.110001
203129
t
0.620000
631
t
0.550000
558
t
0.130000
146
t
0.110000
124
t
2.730000
2744
t
61.369999
61378
t
36.189999
36206
t
7.030000
7052
t
0.130000
140
t
0.120000
128
t
3.850000
3863
t
0.380000
405
t
4.390000
4401
t
0.120000
127
t
0.140000
153
t
0.090000
99
t
44.959999
44976
t
0.260000
275
t
29.670000
29694
t
0.210000
224
t
0.920000
930
t
28.299999
28320
t
2.240000
2251
t
1.690000
1704
t
9.310000
9325
t
0.700000
709
t
1.280000
1296
t
0.600000
607
t
1.130000
1141
t
1.430000
1446
t
1.240000
1260
t
157.029999
157049
t
5.020000
5035
t
0.590000
607
t
64.290001
64319
t
47.840000
47856
t
0.080000
96
t
0.950000
960
t
14.250000
14269
t
6.530000
6542
t
0.060000
70
t
11.370000
11393
t
0.900000
910
t
1.860000
1876
t
0.470000
480
t
1.470000
1482
t
1.440000
1448
t
0.700000
714
t
0.300000
318
t
1.350000
1359
t
0.180000
196
t
0.320000
330
t
40.060001
40084
t
1.000000
1013
t
1.260000
1268
t
1.880000
1892
t
3.580000
3596
t
2.400000
2410
t
1.030000
1040
t
0.730000
741
t
5.910000
5921
t
2.750000
2765
t
13.680000
13699
t
6.940000
6951
t
0.020000
32
t
0.550000
563
t
1.490000
1498
t
3.990000
4007
t
0.060000
71
t
0.180000
191
t
0.020000
33
t
3.390000
3400
t
4.200000
4215
t
2.940000
2954
t
3.800000
3813
t
30.650000
30667
t
3.440000
3458
t
78.190002
78204
t
13.360000
13373
t
77.599998
77612
t
1.070000
1087
t
2.250000
2259
t
0.100000
113
t
0.500000
514
t
22.510000
22519
t
1.950000
1962
t
7.840000
7858
t
41.020000
41035
t
0.480000
490
t
37.189999
37211
t
11.440000
11457
t
35.389999
35412
t
2.600000
2618
t
14.980000
15004
t
0.920000
934
t
5.320000
5329
t
10.850000
10868
t
1.470000
1481
t
7.410000
7429
t
24.100000
24116
t
0.760000
768
t
7.530000
7547
t
0.570000
584
t
45.930000
45948
t
9.250000
9265
t
0.460000
468
t
7.270000
7282
t
14.180000
14202
t
27.250000
27268
t
7.170000
7197
t
1.190000
1200
t
5.660000
5684
t
0.240000
248
t
41.720001
41745
t
0.960000
976
t
0.640000
646
t
4.200000
4214
t
0.020000
32
t
0.510000
525
t
0.190000
202
t
0.040000
46
t
4.940000
4956
t
0.020000
36
t
0.420000
432
t
0.170000
183
t
0.470000
481
t
0.730000
740
t
0.050000
61
t
0.260000
273
t
5.020000
5037
t
1.100000
1110
t
3.940000
3953
t
2.310000
2323
t
14.270000
14287
t
3.000000
3018
t
0.360000
370
t
7.830000
7848
t
2.300000
2318
t
2.590000
2602
t
0.130000
142
t
0.810000
818
t
0.420000
438
t
15.670000
15697
t
0.660000
673
t
2.090000
2105
t
1.290000
1304
t
8.550000
8563
t
0.780000
795
t
0.180000
189
t
0.250000
260
t
46.590000
46611
t
23.230000
23247
t
2.270000
2285
t
0.440000
449
t
2.960000
2975
t
1.710000
1720
t
0.020000
31
t
0.540000
553
t
0.440000
454
t
5.260000
5274
t
22.360001
22380
t
2.590000
2605
t
0.190000
204
t
100.730003
100753
t
1.630000
1645
t
0.360000
378
t
2.820000
2833
t
4.340000
4356
t
8.740000
8753
t
1.060000
1070
t
0.610000
625
t
0.350000
359
t
1.250000
1259
t
3.190000
3199
t
0.460000
472
t
3.370000
3387
t
6.090000
6103
t
0.940000
946
t
0.240000
250
t
15.150000
15165
t
1.790000
1805
t
15.510000
15526
t
0.170000
185
t
2.630000
2638
t
0.450000
465
t
3.540000
3570
t
13.550000
13568
t
0.440000
449
t
15.270000
15286
t
0.770000
780
t
0.700000
707
t
13.580000
13596
t
1.650000
1663
t
4.590000
4604
t
1.010000
1030
t
117.129997
117159
t
17.469999
17486
t
2.190000
2200
t
10.120000
10126
t
0.020000
31
t
3.530000
3546
t
0.400000
410
t
3.950000
3968
t
7.730000
7749
t
25.410000
25428
t
0.760000
773
t
0.350000
368
t
0.330000
337
t
0.990000
998
t
5.160000
5177
t
1.960000
1968
t
91.620003
91631
t
4.470000
4487
t
13.790000
13806
t
50.430000
50455
t
0.150000
162
t
0.180000
191
t
0.900000
913
t
2.180000
2188
t
6.650000
6668
t
9.400000
9415
t
12.960000
12976
t
15.090000
15103
t
7.880000
7899
t
0.800000
813
t
2.260000
2270
t
0.430000
444
t
4.140000
4155
t
0.440000
455
t
0.180000
194
t
0.110000
123
t
0.360000
372
t
0.900000
919
t
5.640000
5656
t
1.540000
1557
t
0.270000
279
t
0.860000
869
t
0.730000
749
t
84.099998
84123
t
1.400000
1417
t
0.310000
324
t
0.420000
432
t
27.639999
27659
t
0.200000
219
t
1.450000
1463
t
0.490000
499
t
0.520000
534
t
2.380000
2393
t
17.600000
17615
t
6.170000
6186
t
0.700000
708
t
0.060000
73
t
5.010000
5025
t
16.389999
16401
t
1.240000
1249
t
4.460000
4477
t
24.110001
24132
t
0.100000
114
t
6.690000
6706
t
5.920000
5930
t
2.940000
2954
t
14.200000
14217
t
2.050000
2064
t
2.340000
2358
t
2.200000
2212
t
13.140000
13155
t
74.570000
74593
t
0.080000
95
t
0.670000
685
t
0.640000
650
t
0.260000
272
t
1.790000
1807
t
4.430000
4445
t
2.160000
2178
t
0.560000
569
t
6.940000
6952
t
5.530000
5542
t
0.400000
414
t
1.350000
1362
t
0.370000
383
t
3.960000
3972
t
0.910000
925
t
42.980000
42982
t
12.050000
12069
t
2.440000
2451
t
1.170000
1183
t
7.550000
7563
t
2.820000
2837
t
32.770000
32789
t
2.490000
2508
t
2.470000
2481
t
0.200000
208
t
2.620000
2633
t
10.720000
10735
t
16.780001
16799
t
5.430000
5441
t
0.970000
987
t
38.400002
38421
t
1.770000
1788
t
1.540000
1551
t
0.410000
423
t
2.530000
2546
t
1.890000
1904
t
0.460000
481
t
0.350000
369
t
0.480000
494
t
13.710000
13731
t
0.510000
524
t
0.780000
791
t
39.180000
39197
t
39.720001
39739
t
12.340000
12361
t
7.090000
7107
t
0.190000
205
t
1.580000
1592
t
2.250000
2263
t
20.600000
20610
t
15.730000
15744
t
0.230000
244
t
0.060000
71
t
37.000000
37021
t
0.020000
36
t
10.590000
10612
t
0.740000
753
t
2.720000
2731
t
1.510000
1518
t
0.130000
137
t
10.840000
10861
t
1.190000
1207
t
0.330000
344
t
46.980000
46998
t
2.780000
2792
t
0.080000
88
t
26.219999
26234
t
0.740000
758
t
8.210000
8228
t
0.090000
102
t
0.940000
952
t
2.460000
2473
t
1.960000
1977
t
0.750000
758
t
1.060000
1071
t
57.700001
57717
t
0.440000
449
t
3.900000
3912
t
0.140000
151
t
7.170000
7190
t
1.420000
1433
t
60.049999
60072
t
0.440000
458
t
7.650000
7663
t
0.110000
126
t
0.840000
847
t
49.599998
49613
t
1.790000
1808
t
0.340000
348
t
0.370000
378
t
0.290000
302
t
16.850000
16871
t
1.030000
1042
t
86.949997
86971
t
0.430000
441
t
0.730000
739
t
0.060000
71
t
0.880000
888
t
24.969999
24986
t
4.780000
4796
t
0.140000
152
t
0.010000
18
t
0.590000
598
t
14.000000
14021
t
18.320000
18333
t
0.200000
210
t
33.000000
33017
t
7.860000
7879
t
4.560000
4577
t
50.009998
50029
t
72.620003
72642
t
19.450001
19468
t
5.320000
5337
t
9.230000
9247
t
0.140000
147
t
6.850000
6865
t
34.630001
34644
t
14.450000
14472
t
10.360000
10379
t
16.139999
16163
t
0.930000
945
t
1.550000
1559
t
22.370001
22380
t
0.320000
327
t
2.370000
2386
t
3.020000
3037
t
12.620000
12637
t
13.910000
13923
t
0.380000
390
t
4.210000
4230
t
0.720000
734
t
2.400000
2411
t
46.160000
46176
t
16.629999
16651
t
1.320000
1335
t
1.680000
1691
t
21.110001
21128
t
0.070000
87
t
0.640000
648
t
12.050000
12074
t
0.750000
759
t
0.500000
513
t
6.320000
6337
t
5.040000
5058
t
4.540000
4555
t
0.560000
570
t
1.150000
1159
t
4.320000
4340
t
2.890000
2904
t
1.810000
1827
t
57.209999
57234
t
3.850000
3861
t
3.680000
3695
t
5.850000
5868
t
0.560000
576
t
35.119999
35139
t
42.680000
42696
t
6.030000
6046
t
0.090000
99
t
21.530001
21546
t
2.500000
2510
t
0.050000
63
t
3.000000
3018
t
2.860000
2868
t
3.910000
3929
t
29.910000
29964
t
2.520000
2532
t
2.960000
2973
t
0.290000
304
t
0.150000
162
t
1.230000
1243
t
19.510000
19519
t
0.380000
387
t
8.570000
8588
t
1.860000
1867
t
0.120000
136
t
0.810000
822
t
14.120000
14131
t
27.620001
27631
t
0.090000
97
t
0.190000
202
t
23.150000
23168
t
2.000000
2017
t
4.070000
4084
t
1.590000
1599
t
0.270000
287
t
1.080000
1089
t
0.170000
176
t
2.850000
2861
t
0.710000
724
t
0.160000
172
t
0.180000
187
t
0.090000
97
t
20.280001
20301
t
0.050000
84
t
9.700000
9718
t
40.330002
40347
t
27.520000
27539
t
3.570000
3584
t
2.990000
3003
t
1.610000
1623
t
0.370000
378
t
22.170000
22184
t
0.170000
178
