t
0.430000
449
t
0.280000
293
t
0.070000
82
t
0.230000
238
t
0.040000
48
t
0.280000
295
t
0.030000
38
t
0.670000
681
t
0.310000
320
t
0.220000
235
t
0.350000
359
t
0.050000
63
t
0.840000
855
t
0.370000
382
t
0.040000
52
t
0.370000
387
t
0.090000
107
t
0.040000
48
t
0.580000
592
t
0.030000
48
t
0.070000
81
t
0.500000
519
t
0.090000
107
t
0.560000
577
t
0.030000
41
t
0.300000
315
t
0.130000
145
t
0.630000
644
t
0.110000
124
t
0.090000
104
t
0.170000
184
t
0.290000
305
t
0.390000
404
t
0.060000
70
t
0.730000
747
t
0.510000
532
t
0.450000
473
t
0.050000
62
t
0.160000
173
t
0.260000
270
t
0.210000
223
t
0.300000
313
t
0.160000
172
t
0.040000
58
t
0.110000
119
t
0.080000
89
t
1.300000
1317
t
0.210000
226
t
0.330000
341
t
0.790000
798
t
0.020000
34
t
0.070000
80
t
0.220000
234
t
0.230000
241
t
0.360000
374
t
0.790000
801
t
0.960000
970
t
0.290000
308
t
0.150000
163
t
0.100000
110
t
0.670000
682
t
0.040000
53
t
0.370000
385
t
0.130000
141
t
0.220000
230
t
0.480000
494
t
0.570000
590
t
0.150000
165
t
0.400000
414
t
0.430000
448
t
0.070000
80
t
0.340000
353
t
1.560000
1580
t
0.400000
416
t
0.840000
854
t
0.400000
414
t
0.320000
331
t
1.650000
1666
t
0.010000
24
t
0.040000
61
t
0.130000
144
t
0.140000
157
t
0.440000
456
t
0.060000
67
t
0.580000
591
t
0.410000
430
t
0.090000
99
t
0.110000
128
t
0.030000
39
t
0.320000
338
t
0.230000
248
t
0.820000
833
t
0.960000
976
t
0.100000
117
t
0.670000
682
t
0.010000
20
t
0.170000
180
t
0.170000
181
t
0.290000
303
t
0.810000
822
t
0.310000
326
t
0.390000
404
t
0.090000
103
t
1.030000
1049
t
0.290000
304
t
0.240000
257
t
0.130000
142
t
0.170000
183
t
0.270000
282
t
0.480000
493
t
0.070000
81
t
0.080000
98
t
0.030000
46
t
0.030000
40
t
0.610000
623
t
0.490000
508
t
0.160000
169
t
0.370000
380
t
0.090000
102
t
0.010000
29
t
0.850000
863
t
0.630000
647
t
0.090000
107
t
0.360000
374
t
1.670000
1683
t
0.400000
414
t
0.020000
40
t
2.130000
2148
t
0.470000
484
t
0.410000
421
t
0.310000
321
t
0.020000
37
t
0.370000
383
t
0.530000
546
t
0.040000
60
t
0.010000
27
t
1.120000
1137
t
0.290000
300
t
0.210000
226
t
0.250000
262
t
0.060000
73
t
0.090000
108
t
0.090000
104
t
0.650000
667
t
0.340000
351
t
0.630000
643
t
0.390000
403
t
0.300000
311
t
0.020000
30
t
0.060000
76
t
0.580000
593
t
0.330000
341
t
0.040000
50
t
0.030000
46
t
0.890000
907
t
0.090000
110
t
0.200000
208
t
0.230000
246
t
0.060000
73
t
0.130000
143
t
0.360000
376
t
0.260000
273
t
1.270000
1290
t
0.350000
366
t
0.280000
295
t
0.080000
97
t
0.350000
367
t
0.620000
638
t
0.060000
77
t
0.310000
324
t
0.050000
62
t
0.150000
163
t
0.080000
90
t
0.040000
51
t
0.200000
212
t
0.490000
500
t
0.170000
193
t
0.020000
33
t
0.120000
132
t
0.110000
126
t
0.190000
199
t
0.370000
385
t
0.060000
76
t
0.290000
302
t
0.070000
87
t
0.210000
222
t
0.180000
191
t
0.220000
239
t
0.430000
449
t
0.080000
91
t
1.440000
1459
t
0.260000
270
t
0.560000
570
t
0.110000
120
t
0.340000
357
t
0.160000
171
t
0.640000
655
t
0.360000
372
t
0.500000
513
t
0.180000
194
t
0.090000
108
t
0.170000
187
t
0.710000
723
t
0.110000
130
t
0.160000
177
t
0.040000
53
t
1.130000
1150
t
0.520000
537
t
0.140000
151
t
0.080000
89
t
0.650000
662
t
0.460000
482
t
0.610000
624
t
0.120000
135
t
0.070000
91
t
0.070000
82
t
0.210000
218
t
0.310000
327
t
0.390000
403
t
0.320000
338
t
1.110000
1126
t
0.180000
189
t
0.450000
470
t
0.020000
35
t
0.400000
413
t
0.210000
232
t
0.440000
456
t
0.090000
104
t
1.250000
1266
t
0.020000
39
t
0.070000
80
t
0.070000
87
t
0.040000
51
t
0.270000
285
t
0.120000
129
t
0.860000
877
t
0.390000
404
t
0.140000
158
t
0.480000
491
t
0.060000
71
t
0.150000
158
t
0.030000
47
t
0.180000
191
t
0.030000
42
t
0.170000
181
t
0.100000
118
t
0.460000
473
t
0.290000
302
t
0.470000
480
t
0.250000
257
t
0.080000
96
t
0.360000
375
t
0.060000
74
t
0.040000
49
t
1.710000
1727
t
0.050000
65
t
0.140000
156
t
0.020000
33
t
1.720000
1731
t
0.010000
19
t
0.080000
91
t
0.440000
454
t
0.100000
113
t
0.020000
30
t
0.210000
219
t
0.390000
405
t
0.020000
30
t
0.080000
94
t
0.130000
150
t
0.300000
320
t
0.750000
763
t
0.270000
284
t
1.420000
1431
t
0.280000
294
t
0.310000
329
t
0.060000
70
t
0.510000
524
t
0.180000
198
t
0.470000
484
t
0.040000
47
t
0.140000
151
t
0.340000
356
t
0.050000
58
t
0.020000
38
t
0.010000
21
t
0.720000
731
t
0.220000
230
t
0.270000
282
t
0.940000
948
t
0.300000
318
t
0.280000
291
t
0.120000
134
t
0.310000
327
t
0.150000
165
t
0.040000
49
t
0.030000
39
t
0.540000
556
t
0.730000
747
t
0.080000
94
t
0.860000
876
t
0.280000
296
t
0.150000
171
t
0.270000
287
t
0.080000
92
t
0.130000
148
t
0.100000
115
t
0.200000
217
t
0.290000
306
t
0.710000
719
t
0.130000
142
t
0.650000
667
t
0.500000
516
t
0.220000
231
t
0.090000
107
t
0.080000
95
t
0.100000
117
t
0.410000
428
t
0.910000
922
t
0.550000
566
t
0.120000
130
t
0.670000
713
t
0.490000
524
t
0.310000
321
t
0.830000
847
t
0.200000
216
t
0.540000
557
t
0.100000
112
t
0.130000
140
t
0.010000
18
t
0.100000
109
t
0.210000
227
t
0.020000
29
t
0.710000
726
t
0.090000
100
t
0.310000
327
t
1.040000
1053
t
0.000000
17
t
0.350000
363
t
0.060000
77
t
0.030000
44
t
0.620000
636
t
0.260000
273
t
0.670000
681
t
0.250000
261
t
0.590000
602
t
0.180000
198
t
0.140000
149
t
0.030000
38
t
0.260000
275
t
0.500000
512
t
0.410000
420
t
0.790000
804
t
0.010000
20
t
0.030000
40
t
0.200000
213
t
0.270000
278
t
0.180000
197
t
0.300000
316
t
0.050000
61
t
0.020000
37
t
0.020000
30
t
0.100000
109
t
0.040000
57
t
0.200000
220
t
0.050000
64
t
0.260000
274
t
0.380000
394
t
0.160000
172
t
0.480000
492
t
0.190000
199
t
0.540000
548
t
0.140000
157
t
0.600000
613
t
0.110000
124
t
0.030000
42
t
0.390000
406
t
0.090000
100
t
0.180000
197
t
0.410000
425
t
0.020000
34
t
0.060000
79
t
0.230000
248
t
0.530000
545
t
0.040000
58
t
0.080000
90
t
0.450000
459
t
0.200000
216
t
1.410000
1421
t
0.170000
185
t
0.160000
173
t
0.360000
375
t
0.560000
579
t
0.380000
390
t
0.970000
986
t
0.090000
107
t
0.320000
333
t
0.030000
42
t
0.080000
95
t
0.460000
468
t
0.070000
86
t
0.130000
142
t
0.020000
28
t
0.450000
459
t
0.010000
26
t
0.580000
595
t
0.470000
483
t
0.060000
71
t
0.020000
30
t
0.080000
86
t
1.000000
1019
t
0.160000
174
t
0.360000
368
t
0.040000
55
t
0.000000
17
t
0.300000
313
t
0.160000
178
t
0.070000
83
t
0.380000
399
t
0.760000
774
t
0.440000
457
t
0.150000
160
t
0.370000
380
t
0.140000
155
t
0.250000
265
t
0.120000
134
t
0.300000
313
t
0.250000
270
t
0.300000
310
t
0.710000
727
t
0.360000
373
t
0.080000
87
t
0.180000
197
t
0.050000
67
t
0.110000
121
t
1.180000
1192
t
0.340000
349
t
0.090000
102
t
0.320000
332
t
0.020000
36
t
0.050000
62
t
0.110000
121
t
0.490000
522
t
0.270000
280
t
0.030000
48
t
0.020000
39
t
0.000000
18
t
0.930000
942
t
0.270000
282
t
0.100000
111
t
0.090000
106
t
0.020000
36
t
0.140000
152
t
0.040000
54
t
0.360000
375
t
0.420000
435
t
0.250000
266
t
0.080000
96
t
0.030000
42
t
0.440000
456
t
0.280000
298
t
0.390000
398
t
0.270000
287
t
0.110000
126
t
0.480000
489
t
0.550000
562
t
0.550000
564
t
0.070000
79
t
0.320000
331
t
0.050000
63
t
0.230000
239
t
0.080000
98
t
0.020000
28
t
0.120000
129
t
0.320000
329
t
0.420000
433
t
1.140000
1153
t
0.550000
566
t
0.320000
333
t
0.140000
156
t
0.020000
35
t
0.050000
63
t
0.470000
484
t
0.020000
32
t
0.010000
23
t
0.720000
740
t
0.850000
865
t
0.010000
22
t
0.310000
329
t
0.100000
118
t
0.560000
576
t
0.030000
50
t
0.010000
21
t
0.600000
613
t
0.420000
434
t
0.150000
168
t
0.040000
60
t
0.130000
142
t
0.370000
385
t
0.070000
89
t
0.470000
487
t
0.090000
108
t
0.040000
54
t
0.230000
240
t
0.020000
35
t
0.020000
39
t
0.230000
247
t
0.350000
368
t
0.220000
233
t
0.280000
293
t
0.160000
176
t
0.660000
673
t
0.050000
58
t
0.350000
358
t
0.360000
380
t
0.110000
119
t
0.400000
414
t
0.080000
89
t
0.070000
86
t
0.250000
262
t
1.460000
1472
t
0.150000
166
t
0.360000
373
t
0.310000
324
t
1.320000
1337
t
0.170000
189
t
0.170000
194
t
0.050000
84
t
0.150000
178
t
0.030000
56
t
0.730000
760
t
0.620000
631
t
0.330000
344
t
0.120000
130
t
0.540000
552
t
0.460000
475
t
0.110000
125
t
0.040000
48
t
0.030000
41
t
0.110000
122
t
0.430000
447
t
0.390000
403
t
0.010000
22
t
0.030000
45
t
0.060000
76
t
0.340000
351
t
0.200000
213
t
0.020000
39
t
0.200000
217
t
0.640000
656
t
1.100000
1113
t
0.030000
46
t
1.180000
1200
t
0.170000
186
t
0.610000
623
t
0.230000
245
t
0.170000
182
t
0.520000
541
t
0.150000
166
t
0.110000
129
t
0.090000
100
t
0.030000
46
t
0.010000
25
t
0.960000
968
t
0.130000
150
t
0.010000
22
t
2.920000
2935
t
0.190000
205
t
0.420000
431
t
0.090000
102
t
0.960000
976
t
0.300000
321
t
0.330000
346
t
0.810000
828
t
0.430000
445
t
0.780000
795
t
0.080000
92
t
0.030000
43
t
0.300000
323
t
0.040000
53
t
0.100000
111
t
0.080000
90
t
1.060000
1073
t
0.090000
106
t
0.340000
357
t
0.540000
552
t
0.680000
696
t
0.700000
714
t
0.500000
518
t
0.140000
155
t
0.040000
53
t
0.150000
166
t
0.430000
444
t
0.010000
27
t
0.700000
717
t
1.170000
1188
t
0.010000
28
t
0.160000
173
t
0.050000
64
t
0.300000
310
t
0.540000
548
t
0.400000
410
t
0.070000
81
t
0.120000
135
t
0.040000
48
t
0.240000
251
t
0.230000
251
t
0.020000
35
t
0.030000
46
t
0.070000
86
t
0.270000
280
t
0.120000
133
t
0.150000
157
t
0.310000
321
t
0.010000
26
t
1.430000
1443
t
0.280000
297
t
0.390000
407
t
0.420000
440
t
0.120000
135
t
0.960000
968
t
0.150000
160
t
0.130000
141
t
0.080000
95
t
1.570000
1582
t
0.170000
184
t
0.050000
60
t
0.940000
953
t
0.740000
754
t
0.140000
155
t
0.680000
690
t
0.480000
496
t
0.430000
439
t
0.220000
232
t
0.130000
144
t
0.070000
82
t
0.010000
17
t
0.080000
97
t
0.140000
152
t
0.180000
190
t
0.260000
275
t
0.040000
53
t
0.400000
416
t
0.160000
168
t
0.050000
60
t
0.120000
134
t
0.020000
27
t
0.190000
199
t
0.060000
70
t
0.070000
85
t
0.050000
68
t
0.330000
342
t
0.180000
197
t
0.280000
296
t
0.160000
174
t
0.110000
121
t
0.280000
291
t
0.010000
28
t
0.380000
396
t
0.020000
34
t
0.470000
488
t
0.070000
80
t
0.110000
126
t
0.060000
78
t
0.020000
31
t
1.010000
1026
t
0.030000
43
t
0.040000
57
t
0.010000
26
t
0.090000
105
t
0.220000
229
t
0.020000
32
t
0.430000
439
t
0.700000
708
t
0.120000
139
t
0.050000
65
t
0.030000
48
t
0.200000
218
t
0.040000
48
t
0.360000
382
t
0.160000
179
t
0.650000
667
t
0.110000
121
t
0.120000
137
t
0.160000
180
t
0.050000
64
t
0.070000
87
t
0.010000
29
t
0.250000
262
t
0.520000
534
t
1.080000
1099
t
0.110000
123
t
0.140000
156
t
0.800000
815
t
0.020000
34
t
0.250000
266
t
0.280000
291
t
0.480000
496
t
0.080000
92
t
0.660000
674
t
0.260000
271
t
0.040000
54
t
0.230000
241
t
0.740000
757
t
0.320000
333
t
0.080000
96
t
0.560000
577
t
0.010000
22
t
0.510000
520
t
0.030000
48
t
0.620000
632
t
0.260000
275
t
0.030000
42
t
0.110000
133
t
0.030000
41
t
0.110000
127
t
0.070000
82
t
0.670000
688
t
0.520000
532
t
0.020000
29
t
0.320000
332
t
0.010000
25
t
0.090000
104
t
0.030000
42
t
0.130000
144
t
0.030000
48
t
0.030000
38
t
0.530000
549
t
0.450000
459
t
0.110000
127
t
0.270000
289
t
3.920000
3938
t
0.050000
61
t
0.020000
30
t
0.310000
319
t
0.490000
502
t
0.120000
129
t
0.040000
59
t
0.160000
172
t
0.260000
276
t
0.340000
356
t
0.150000
165
t
0.470000
480
t
0.010000
17
t
0.060000
72
t
0.280000
295
t
0.010000
26
t
0.030000
44
t
0.250000
264
t
0.020000
35
t
0.130000
141
t
0.100000
110
t
0.160000
170
t
0.040000
58
t
0.410000
422
t
0.390000
401
t
0.180000
197
t
0.580000
591
t
0.100000
113
t
0.380000
402
t
0.090000
105
t
0.150000
162
t
0.010000
26
t
0.090000
102
t
0.300000
317
t
0.020000
35
t
0.680000
687
t
0.100000
117
t
0.620000
635
t
0.050000
61
t
0.060000
67
t
0.890000
902
t
0.130000
147
t
0.030000
41
t
0.290000
303
t
0.020000
38
t
0.220000
231
t
0.020000
29
t
0.060000
74
t
0.020000
37
t
0.080000
93
t
0.610000
623
t
0.040000
52
t
1.560000
1576
t
0.330000
346
t
0.040000
55
t
0.040000
51
t
0.030000
56
t
0.350000
363
t
0.840000
854
t
0.260000
273
t
1.470000
1479
t
0.940000
952
t
0.160000
170
t
0.120000
135
t
0.350000
360
t
0.210000
226
t
0.030000
42
t
0.020000
32
t
0.130000
138
t
0.020000
30
t
0.190000
204
t
0.030000
46
t
0.790000
810
t
0.030000
46
t
0.090000
100
t
0.200000
214
t
0.110000
130
t
0.070000
78
t
0.220000
237
t
0.430000
449
t
0.050000
64
t
0.080000
94
t
0.020000
32
t
0.400000
420
t
0.110000
121
t
0.050000
73
t
0.210000
224
t
0.360000
380
t
0.060000
76
t
0.040000
56
t
0.980000
997
t
0.010000
26
t
0.020000
32
t
0.190000
202
t
0.070000
87
t
0.230000
249
t
0.040000
51
t
0.210000
224
t
0.690000
700
t
0.010000
22
t
0.060000
72
t
0.480000
491
t
0.170000
182
t
0.130000
150
t
0.020000
27
t
0.100000
111
t
0.360000
379
t
0.010000
21
t
0.790000
810
t
0.110000
123
t
0.010000
31
t
0.230000
245
t
0.100000
109
t
0.280000
291
t
0.020000
28
t
0.170000
184
t
0.020000
29
t
0.040000
50
t
0.340000
356
t
0.330000
340
t
0.310000
323
t
0.550000
568
t
0.400000
408
t
1.060000
1077
t
0.700000
712
t
0.030000
43
t
0.460000
472
t
1.250000
1270
t
0.360000
378
t
0.520000
532
t
0.090000
104
t
1.330000
1339
t
0.980000
989
t
1.010000
1022
t
0.270000
285
t
0.020000
28
t
0.490000
507
t
0.250000
268
t
0.080000
89
t
0.360000
375
t
0.070000
78
t
0.080000
92
t
0.150000
169
t
0.540000
557
t
0.130000
144
t
0.110000
126
t
0.390000
400
t
0.350000
365
t
0.180000
189
t
0.140000
150
t
0.220000
232
t
0.500000
515
t
0.040000
50
t
0.610000
623
t
0.140000
156
t
0.210000
224
t
0.220000
231
t
0.060000
70
t
0.030000
45
t
0.240000
249
t
0.190000
200
t
0.220000
232
t
0.130000
140
t
0.030000
46
t
0.050000
63
t
0.400000
410
t
0.080000
92
t
0.240000
257
t
0.070000
85
t
0.100000
109
t
0.140000
151
t
0.270000
283
t
0.030000
43
t
0.180000
190
t
0.370000
385
t
0.140000
154
t
0.010000
22
t
0.060000
73
t
0.130000
143
t
0.070000
84
t
0.230000
239
t
0.080000
96
t
0.340000
357
t
0.210000
224
t
0.220000
236
t
0.030000
47
t
0.120000
130
t
0.240000
250
t
0.280000
295
t
0.090000
101
t
0.030000
45
t
0.160000
167
t
0.010000
27
t
0.080000
95
t
0.020000
34
t
0.140000
154
t
0.710000
722
t
0.310000
327
t
0.550000
560
t
0.090000
104
t
0.040000
55
t
0.100000
109
t
0.260000
277
t
0.200000
211
t
0.040000
57
t
0.160000
169
t
0.020000
38
t
0.040000
58
t
0.070000
79
t
0.280000
293
t
0.420000
431
t
0.150000
174
t
1.070000
1081
t
0.050000
70
t
0.820000
834
t
0.540000
556
t
0.130000
146
t
0.890000
903
t
0.010000
25
t
0.680000
693
t
0.020000
28
t
0.160000
176
t
0.750000
766
t
0.010000
28
t
0.040000
50
t
0.230000
238
t
0.010000
25
t
0.370000
389
t
0.040000
56
t
0.160000
177
t
0.330000
351
t
0.480000
515
t
0.060000
85
t
0.060000
72
t
0.110000
126
t
0.290000
304
t
0.080000
95
t
0.050000
65
t
0.230000
246
t
0.040000
54
t
0.420000
433
t
0.190000
206
t
0.060000
80
t
0.270000
289
t
0.110000
128
t
0.400000
417
t
0.420000
434
t
0.720000
729
t
0.010000
25
t
0.460000
470
t
0.410000
424
t
2.050000
2068
t
0.030000
40
t
0.570000
585
t
0.670000
686
t
0.040000
57
t
0.310000
324
t
0.220000
230
t
0.320000
334
t
0.030000
43
t
0.030000
45
t
0.070000
81
t
0.050000
65
t
1.290000
1310
t
0.500000
515
t
0.270000
282
t
0.160000
167
t
0.100000
111
t
0.230000
261
t
0.610000
621
