t
23.080000
23136
t
6.280000
6306
t
1.030000
1059
t
27.420000
27435
t
0.170000
192
t
18.549999
18576
t
7.340000
7394
t
6.330000
6364
t
14.210000
14235
t
6.930000
6958
t
43.869999
43889
t
4.040000
4067
t
0.500000
524
t
7.990000
8014
t
0.790000
819
t
2.190000
2223
t
30.080000
30104
t
0.160000
183
t
22.020000
22045
t
1.470000
1498
t
0.670000
702
t
0.320000
351
t
2.870000
2896
t
9.330000
9360
t
26.610001
26641
t
1.010000
1048
t
0.250000
283
t
3.950000
3977
t
3.850000
3880
t
66.809998
66827
t
0.220000
245
t
1.250000
1266
t
0.230000
288
t
0.610000
634
t
2.090000
2115
t
28.280001
28303
t
0.020000
39
t
16.030001
16046
t
1.040000
1079
t
0.320000
367
t
34.209999
34245
t
2.730000
2774
t
0.250000
276
t
5.610000
5629
t
19.610001
19626
t
0.720000
737
t
1.690000
1712
t
4.670000
4695
t
12.060000
12095
t
25.110001
25129
t
0.290000
305
t
3.530000
3548
t
1.440000
1461
t
0.670000
695
t
0.360000
376
t
2.450000
2475
t
76.230003
76246
t
1.270000
1304
t
0.350000
376
t
22.680000
22692
t
19.900000
19919
t
0.090000
112
t
21.740000
21768
t
1.430000
1459
t
9.030000
9058
t
4.700000
4720
t
16.070000
16096
t
1.320000
1355
t
15.400000
15433
t
18.980000
19001
t
0.670000
689
t
0.090000
110
t
5.970000
5992
t
19.889999
19913
t
1.840000
1872
t
2.110000
2132
t
23.820000
23854
t
3.620000
3639
t
0.960000
983
t
0.020000
35
t
0.990000
1014
t
0.070000
102
t
4.390000
4422
t
0.710000
726
t
3.320000
3338
t
26.670000
26686
t
5.820000
5838
t
10.240000
10257
t
17.860001
17882
t
0.970000
998
t
0.090000
110
t
0.580000
599
t
0.440000
452
t
6.190000
6211
t
15.230000
15246
t
0.150000
169
t
2.220000
2234
t
0.350000
370
t
3.280000
3295
t
100.629997
100647
t
1.010000
1028
t
1.910000
1927
t
0.160000
179
t
2.540000
2557
t
17.500000
17520
t
20.209999
20238
t
1.300000
1320
t
1.020000
1037
t
0.120000
133
t
2.020000
2042
t
27.240000
27265
t
6.630000
6656
t
3.910000
3936
t
0.440000
459
t
0.030000
50
t
3.380000
3397
t
0.050000
69
t
9.030000
9045
t
1.140000
1162
t
50.910000
50936
t
12.750000
12767
t
0.400000
419
t
13.170000
13183
t
0.720000
747
t
1.890000
1905
t
1.290000
1316
t
3.310000
3338
t
24.980000
24997
t
22.469999
22490
t
43.360001
43376
t
1.810000
1829
t
0.460000
473
t
36.450001
36473
t
16.510000
16528
t
0.540000
556
t
0.030000
45
t
0.390000
405
t
5.280000
5293
t
12.370000
12387
t
0.800000
825
t
2.090000
2107
t
7.810000
7836
t
2.520000
2540
t
3.200000
3220
t
1.280000
1298
t
1.810000
1828
t
6.630000
6652
t
4.410000
4434
t
0.420000
439
t
0.150000
169
